{
  "seleniumLog": [
    {
      "commandName": "I_am_on_Google_Search_Page",
      "args": [
        "[]"
      ],
      "result": "success",
      "subLogs": [
        {
          "commandName": "setTimeout",
          "args": [
            "{implicit=0}"
          ],
          "result": "null",
          "subLogs": [],
          "duration": 299
        },
        {
          "commandName": "get",
          "args": [
            "{url=https://www.google.com/}"
          ],
          "result": "null",
          "subLogs": [],
          "duration": 1956
        }
      ],
      "duration": -1
    },
    {
      "commandName": "I_search_for",
      "args": [
        "[perfecto mobile quantum]"
      ],
      "result": "fail",
      "subLogs": [
        {
          "commandName": "findElement",
          "args": [
            "{value=q, using=name}"
          ],
          "result": "id: 5000",
          "subLogs": [],
          "duration": 1094
        },
        {
          "commandName": "findElement",
          "args": [
            "By.name: q",
            "{}"
          ],
          "result": "OK",
          "subLogs": [],
          "duration": -1
        },
        {
          "commandName": "clearElement",
          "args": [
            "By.name: q",
            "{\"id\":\"5000\"}"
          ],
          "result": "clearElement:null",
          "subLogs": [],
          "duration": 394
        },
        {
          "commandName": "findElement",
          "args": [
            "{value=q, using=name}"
          ],
          "result": "id: 5001",
          "subLogs": [],
          "duration": 1388
        },
        {
          "commandName": "findElement",
          "args": [
            "By.name: q",
            "{}"
          ],
          "result": "OK",
          "subLogs": [],
          "duration": -1
        },
        {
          "commandName": "sendKeysToElement",
          "args": [
            "By.name: q",
            "{\"id\":\"5001\",\"value\":[\"perfecto mobile quantum\"]}"
          ],
          "result": "sendKeysToElement:null",
          "subLogs": [],
          "duration": 540
        },
        {
          "commandName": "findElement",
          "args": [
            "{value=(//*[text()='perfecto mobile quantum'])[1], using=xpath}"
          ],
          "result": "An element could not be located on the page using the given search parameters. (WARNING: The server did not provide any stacktrace information)\nCommand duration or timeout: 0 milliseconds\nFor documentation on this error, please visit: https://www.seleniumhq.org/exceptions/no_such_element.html\nBuild info: version: '3.141.59', revision: 'e82be7d358', time: '2018-11-14T08:17:03'\nSystem info: host: 'Khalids-MacBook-Pro.local', ip: 'fe80:0:0:0:22:b78f:9ba5:a56d%en0', os.name: 'Mac OS X', os.arch: 'x86_64', os.version: '11.3', java.version: '11.0.12'\nDriver info: com.qmetry.qaf.automation.ui.webdriver.QAFExtendedWebDriver\nCapabilities {64bit: false, acceptSslCert: false, acceptSslCerts: false, automationName: XCUITest, bootstrapPath: /usr/local/.browserstack/co..., browser: iphone, browserName: safari, browserstack.appium_version: 1.17.0, browserstack.isTargetBased: true, browserstack.is_hub_canary: false, cssSelectorsEnabled: true, databaseEnabled: false, detected_language: selenium/3.141.59 (java mac), device: iphone, deviceName: iPhone 12, deviceOrientation: PORTRAIT, javascriptEnabled: true, locationContextEnabled: false, mobile: {browser: mobile, version: iPhone 12-14.1}, networkConnectionEnabled: false, newCommandTimeout: 0, new_bucketing: true, noReset: true, orientation: PORTRAIT, orig_os: ios, osVersion: 14, os_version: 14.0, platform: MAC, platformName: MAC, realMobile: true, safariIgnoreFraudWarning: true, safariInitialUrl: http://mobile-internet-chec..., securityToken: <<CQ_LAB_SECURITY_TOKEN>>, takesScreenshot: true, udid: 00008101-00122C4002F0001E, useXctestrunFile: true, user: <<CQ_LAB_USER>>, version: , wda_port: 8406, webStorageEnabled: false, webkitResponseTimeout: 20000}\nSession ID: 637a6032254924d87610eb3e17cc98caad40403c\n*** Element info: {Using=xpath, value=(//*[text()='perfecto mobile quantum'])[1]}",
          "subLogs": [],
          "duration": 657
        },
        {
          "commandName": "findElement",
          "args": [
            "{value=(//*[text()='perfecto mobile quantum'])[1], using=xpath}"
          ],
          "result": "An element could not be located on the page using the given search parameters. (WARNING: The server did not provide any stacktrace information)\nCommand duration or timeout: 0 milliseconds\nFor documentation on this error, please visit: https://www.seleniumhq.org/exceptions/no_such_element.html\nBuild info: version: '3.141.59', revision: 'e82be7d358', time: '2018-11-14T08:17:03'\nSystem info: host: 'Khalids-MacBook-Pro.local', ip: 'fe80:0:0:0:22:b78f:9ba5:a56d%en0', os.name: 'Mac OS X', os.arch: 'x86_64', os.version: '11.3', java.version: '11.0.12'\nDriver info: com.qmetry.qaf.automation.ui.webdriver.QAFExtendedWebDriver\nCapabilities {64bit: false, acceptSslCert: false, acceptSslCerts: false, automationName: XCUITest, bootstrapPath: /usr/local/.browserstack/co..., browser: iphone, browserName: safari, browserstack.appium_version: 1.17.0, browserstack.isTargetBased: true, browserstack.is_hub_canary: false, cssSelectorsEnabled: true, databaseEnabled: false, detected_language: selenium/3.141.59 (java mac), device: iphone, deviceName: iPhone 12, deviceOrientation: PORTRAIT, javascriptEnabled: true, locationContextEnabled: false, mobile: {browser: mobile, version: iPhone 12-14.1}, networkConnectionEnabled: false, newCommandTimeout: 0, new_bucketing: true, noReset: true, orientation: PORTRAIT, orig_os: ios, osVersion: 14, os_version: 14.0, platform: MAC, platformName: MAC, realMobile: true, safariIgnoreFraudWarning: true, safariInitialUrl: http://mobile-internet-chec..., securityToken: <<CQ_LAB_SECURITY_TOKEN>>, takesScreenshot: true, udid: 00008101-00122C4002F0001E, useXctestrunFile: true, user: <<CQ_LAB_USER>>, version: , wda_port: 8406, webStorageEnabled: false, webkitResponseTimeout: 20000}\nSession ID: 637a6032254924d87610eb3e17cc98caad40403c\n*** Element info: {Using=xpath, value=(//*[text()='perfecto mobile quantum'])[1]}",
          "subLogs": [],
          "duration": 630
        },
        {
          "commandName": "findElement",
          "args": [
            "{value=(//*[text()='perfecto mobile quantum'])[1], using=xpath}"
          ],
          "result": "An element could not be located on the page using the given search parameters. (WARNING: The server did not provide any stacktrace information)\nCommand duration or timeout: 0 milliseconds\nFor documentation on this error, please visit: https://www.seleniumhq.org/exceptions/no_such_element.html\nBuild info: version: '3.141.59', revision: 'e82be7d358', time: '2018-11-14T08:17:03'\nSystem info: host: 'Khalids-MacBook-Pro.local', ip: 'fe80:0:0:0:22:b78f:9ba5:a56d%en0', os.name: 'Mac OS X', os.arch: 'x86_64', os.version: '11.3', java.version: '11.0.12'\nDriver info: com.qmetry.qaf.automation.ui.webdriver.QAFExtendedWebDriver\nCapabilities {64bit: false, acceptSslCert: false, acceptSslCerts: false, automationName: XCUITest, bootstrapPath: /usr/local/.browserstack/co..., browser: iphone, browserName: safari, browserstack.appium_version: 1.17.0, browserstack.isTargetBased: true, browserstack.is_hub_canary: false, cssSelectorsEnabled: true, databaseEnabled: false, detected_language: selenium/3.141.59 (java mac), device: iphone, deviceName: iPhone 12, deviceOrientation: PORTRAIT, javascriptEnabled: true, locationContextEnabled: false, mobile: {browser: mobile, version: iPhone 12-14.1}, networkConnectionEnabled: false, newCommandTimeout: 0, new_bucketing: true, noReset: true, orientation: PORTRAIT, orig_os: ios, osVersion: 14, os_version: 14.0, platform: MAC, platformName: MAC, realMobile: true, safariIgnoreFraudWarning: true, safariInitialUrl: http://mobile-internet-chec..., securityToken: <<CQ_LAB_SECURITY_TOKEN>>, takesScreenshot: true, udid: 00008101-00122C4002F0001E, useXctestrunFile: true, user: <<CQ_LAB_USER>>, version: , wda_port: 8406, webStorageEnabled: false, webkitResponseTimeout: 20000}\nSession ID: 637a6032254924d87610eb3e17cc98caad40403c\n*** Element info: {Using=xpath, value=(//*[text()='perfecto mobile quantum'])[1]}",
          "subLogs": [],
          "duration": 841
        },
        {
          "commandName": "findElement",
          "args": [
            "{value=(//*[text()='perfecto mobile quantum'])[1], using=xpath}"
          ],
          "result": "An element could not be located on the page using the given search parameters. (WARNING: The server did not provide any stacktrace information)\nCommand duration or timeout: 0 milliseconds\nFor documentation on this error, please visit: https://www.seleniumhq.org/exceptions/no_such_element.html\nBuild info: version: '3.141.59', revision: 'e82be7d358', time: '2018-11-14T08:17:03'\nSystem info: host: 'Khalids-MacBook-Pro.local', ip: 'fe80:0:0:0:22:b78f:9ba5:a56d%en0', os.name: 'Mac OS X', os.arch: 'x86_64', os.version: '11.3', java.version: '11.0.12'\nDriver info: com.qmetry.qaf.automation.ui.webdriver.QAFExtendedWebDriver\nCapabilities {64bit: false, acceptSslCert: false, acceptSslCerts: false, automationName: XCUITest, bootstrapPath: /usr/local/.browserstack/co..., browser: iphone, browserName: safari, browserstack.appium_version: 1.17.0, browserstack.isTargetBased: true, browserstack.is_hub_canary: false, cssSelectorsEnabled: true, databaseEnabled: false, detected_language: selenium/3.141.59 (java mac), device: iphone, deviceName: iPhone 12, deviceOrientation: PORTRAIT, javascriptEnabled: true, locationContextEnabled: false, mobile: {browser: mobile, version: iPhone 12-14.1}, networkConnectionEnabled: false, newCommandTimeout: 0, new_bucketing: true, noReset: true, orientation: PORTRAIT, orig_os: ios, osVersion: 14, os_version: 14.0, platform: MAC, platformName: MAC, realMobile: true, safariIgnoreFraudWarning: true, safariInitialUrl: http://mobile-internet-chec..., securityToken: <<CQ_LAB_SECURITY_TOKEN>>, takesScreenshot: true, udid: 00008101-00122C4002F0001E, useXctestrunFile: true, user: <<CQ_LAB_USER>>, version: , wda_port: 8406, webStorageEnabled: false, webkitResponseTimeout: 20000}\nSession ID: 637a6032254924d87610eb3e17cc98caad40403c\n*** Element info: {Using=xpath, value=(//*[text()='perfecto mobile quantum'])[1]}",
          "subLogs": [],
          "duration": 621
        },
        {
          "commandName": "findElement",
          "args": [
            "{value=(//*[text()='perfecto mobile quantum'])[1], using=xpath}"
          ],
          "result": "An element could not be located on the page using the given search parameters. (WARNING: The server did not provide any stacktrace information)\nCommand duration or timeout: 0 milliseconds\nFor documentation on this error, please visit: https://www.seleniumhq.org/exceptions/no_such_element.html\nBuild info: version: '3.141.59', revision: 'e82be7d358', time: '2018-11-14T08:17:03'\nSystem info: host: 'Khalids-MacBook-Pro.local', ip: 'fe80:0:0:0:22:b78f:9ba5:a56d%en0', os.name: 'Mac OS X', os.arch: 'x86_64', os.version: '11.3', java.version: '11.0.12'\nDriver info: com.qmetry.qaf.automation.ui.webdriver.QAFExtendedWebDriver\nCapabilities {64bit: false, acceptSslCert: false, acceptSslCerts: false, automationName: XCUITest, bootstrapPath: /usr/local/.browserstack/co..., browser: iphone, browserName: safari, browserstack.appium_version: 1.17.0, browserstack.isTargetBased: true, browserstack.is_hub_canary: false, cssSelectorsEnabled: true, databaseEnabled: false, detected_language: selenium/3.141.59 (java mac), device: iphone, deviceName: iPhone 12, deviceOrientation: PORTRAIT, javascriptEnabled: true, locationContextEnabled: false, mobile: {browser: mobile, version: iPhone 12-14.1}, networkConnectionEnabled: false, newCommandTimeout: 0, new_bucketing: true, noReset: true, orientation: PORTRAIT, orig_os: ios, osVersion: 14, os_version: 14.0, platform: MAC, platformName: MAC, realMobile: true, safariIgnoreFraudWarning: true, safariInitialUrl: http://mobile-internet-chec..., securityToken: <<CQ_LAB_SECURITY_TOKEN>>, takesScreenshot: true, udid: 00008101-00122C4002F0001E, useXctestrunFile: true, user: <<CQ_LAB_USER>>, version: , wda_port: 8406, webStorageEnabled: false, webkitResponseTimeout: 20000}\nSession ID: 637a6032254924d87610eb3e17cc98caad40403c\n*** Element info: {Using=xpath, value=(//*[text()='perfecto mobile quantum'])[1]}",
          "subLogs": [],
          "duration": 672
        },
        {
          "commandName": "findElement",
          "args": [
            "{value=(//*[text()='perfecto mobile quantum'])[1], using=xpath}"
          ],
          "result": "An element could not be located on the page using the given search parameters. (WARNING: The server did not provide any stacktrace information)\nCommand duration or timeout: 0 milliseconds\nFor documentation on this error, please visit: https://www.seleniumhq.org/exceptions/no_such_element.html\nBuild info: version: '3.141.59', revision: 'e82be7d358', time: '2018-11-14T08:17:03'\nSystem info: host: 'Khalids-MacBook-Pro.local', ip: 'fe80:0:0:0:22:b78f:9ba5:a56d%en0', os.name: 'Mac OS X', os.arch: 'x86_64', os.version: '11.3', java.version: '11.0.12'\nDriver info: com.qmetry.qaf.automation.ui.webdriver.QAFExtendedWebDriver\nCapabilities {64bit: false, acceptSslCert: false, acceptSslCerts: false, automationName: XCUITest, bootstrapPath: /usr/local/.browserstack/co..., browser: iphone, browserName: safari, browserstack.appium_version: 1.17.0, browserstack.isTargetBased: true, browserstack.is_hub_canary: false, cssSelectorsEnabled: true, databaseEnabled: false, detected_language: selenium/3.141.59 (java mac), device: iphone, deviceName: iPhone 12, deviceOrientation: PORTRAIT, javascriptEnabled: true, locationContextEnabled: false, mobile: {browser: mobile, version: iPhone 12-14.1}, networkConnectionEnabled: false, newCommandTimeout: 0, new_bucketing: true, noReset: true, orientation: PORTRAIT, orig_os: ios, osVersion: 14, os_version: 14.0, platform: MAC, platformName: MAC, realMobile: true, safariIgnoreFraudWarning: true, safariInitialUrl: http://mobile-internet-chec..., securityToken: <<CQ_LAB_SECURITY_TOKEN>>, takesScreenshot: true, udid: 00008101-00122C4002F0001E, useXctestrunFile: true, user: <<CQ_LAB_USER>>, version: , wda_port: 8406, webStorageEnabled: false, webkitResponseTimeout: 20000}\nSession ID: 637a6032254924d87610eb3e17cc98caad40403c\n*** Element info: {Using=xpath, value=(//*[text()='perfecto mobile quantum'])[1]}",
          "subLogs": [],
          "duration": 689
        },
        {
          "commandName": "findElement",
          "args": [
            "{value=(//*[text()='perfecto mobile quantum'])[1], using=xpath}"
          ],
          "result": "An element could not be located on the page using the given search parameters. (WARNING: The server did not provide any stacktrace information)\nCommand duration or timeout: 0 milliseconds\nFor documentation on this error, please visit: https://www.seleniumhq.org/exceptions/no_such_element.html\nBuild info: version: '3.141.59', revision: 'e82be7d358', time: '2018-11-14T08:17:03'\nSystem info: host: 'Khalids-MacBook-Pro.local', ip: 'fe80:0:0:0:22:b78f:9ba5:a56d%en0', os.name: 'Mac OS X', os.arch: 'x86_64', os.version: '11.3', java.version: '11.0.12'\nDriver info: com.qmetry.qaf.automation.ui.webdriver.QAFExtendedWebDriver\nCapabilities {64bit: false, acceptSslCert: false, acceptSslCerts: false, automationName: XCUITest, bootstrapPath: /usr/local/.browserstack/co..., browser: iphone, browserName: safari, browserstack.appium_version: 1.17.0, browserstack.isTargetBased: true, browserstack.is_hub_canary: false, cssSelectorsEnabled: true, databaseEnabled: false, detected_language: selenium/3.141.59 (java mac), device: iphone, deviceName: iPhone 12, deviceOrientation: PORTRAIT, javascriptEnabled: true, locationContextEnabled: false, mobile: {browser: mobile, version: iPhone 12-14.1}, networkConnectionEnabled: false, newCommandTimeout: 0, new_bucketing: true, noReset: true, orientation: PORTRAIT, orig_os: ios, osVersion: 14, os_version: 14.0, platform: MAC, platformName: MAC, realMobile: true, safariIgnoreFraudWarning: true, safariInitialUrl: http://mobile-internet-chec..., securityToken: <<CQ_LAB_SECURITY_TOKEN>>, takesScreenshot: true, udid: 00008101-00122C4002F0001E, useXctestrunFile: true, user: <<CQ_LAB_USER>>, version: , wda_port: 8406, webStorageEnabled: false, webkitResponseTimeout: 20000}\nSession ID: 637a6032254924d87610eb3e17cc98caad40403c\n*** Element info: {Using=xpath, value=(//*[text()='perfecto mobile quantum'])[1]}",
          "subLogs": [],
          "duration": 661
        },
        {
          "commandName": "findElement",
          "args": [
            "{value=(//*[text()='perfecto mobile quantum'])[1], using=xpath}"
          ],
          "result": "An element could not be located on the page using the given search parameters. (WARNING: The server did not provide any stacktrace information)\nCommand duration or timeout: 0 milliseconds\nFor documentation on this error, please visit: https://www.seleniumhq.org/exceptions/no_such_element.html\nBuild info: version: '3.141.59', revision: 'e82be7d358', time: '2018-11-14T08:17:03'\nSystem info: host: 'Khalids-MacBook-Pro.local', ip: 'fe80:0:0:0:22:b78f:9ba5:a56d%en0', os.name: 'Mac OS X', os.arch: 'x86_64', os.version: '11.3', java.version: '11.0.12'\nDriver info: com.qmetry.qaf.automation.ui.webdriver.QAFExtendedWebDriver\nCapabilities {64bit: false, acceptSslCert: false, acceptSslCerts: false, automationName: XCUITest, bootstrapPath: /usr/local/.browserstack/co..., browser: iphone, browserName: safari, browserstack.appium_version: 1.17.0, browserstack.isTargetBased: true, browserstack.is_hub_canary: false, cssSelectorsEnabled: true, databaseEnabled: false, detected_language: selenium/3.141.59 (java mac), device: iphone, deviceName: iPhone 12, deviceOrientation: PORTRAIT, javascriptEnabled: true, locationContextEnabled: false, mobile: {browser: mobile, version: iPhone 12-14.1}, networkConnectionEnabled: false, newCommandTimeout: 0, new_bucketing: true, noReset: true, orientation: PORTRAIT, orig_os: ios, osVersion: 14, os_version: 14.0, platform: MAC, platformName: MAC, realMobile: true, safariIgnoreFraudWarning: true, safariInitialUrl: http://mobile-internet-chec..., securityToken: <<CQ_LAB_SECURITY_TOKEN>>, takesScreenshot: true, udid: 00008101-00122C4002F0001E, useXctestrunFile: true, user: <<CQ_LAB_USER>>, version: , wda_port: 8406, webStorageEnabled: false, webkitResponseTimeout: 20000}\nSession ID: 637a6032254924d87610eb3e17cc98caad40403c\n*** Element info: {Using=xpath, value=(//*[text()='perfecto mobile quantum'])[1]}",
          "subLogs": [],
          "duration": 641
        },
        {
          "commandName": "findElement",
          "args": [
            "{value=(//*[text()='perfecto mobile quantum'])[1], using=xpath}"
          ],
          "result": "An element could not be located on the page using the given search parameters. (WARNING: The server did not provide any stacktrace information)\nCommand duration or timeout: 0 milliseconds\nFor documentation on this error, please visit: https://www.seleniumhq.org/exceptions/no_such_element.html\nBuild info: version: '3.141.59', revision: 'e82be7d358', time: '2018-11-14T08:17:03'\nSystem info: host: 'Khalids-MacBook-Pro.local', ip: 'fe80:0:0:0:22:b78f:9ba5:a56d%en0', os.name: 'Mac OS X', os.arch: 'x86_64', os.version: '11.3', java.version: '11.0.12'\nDriver info: com.qmetry.qaf.automation.ui.webdriver.QAFExtendedWebDriver\nCapabilities {64bit: false, acceptSslCert: false, acceptSslCerts: false, automationName: XCUITest, bootstrapPath: /usr/local/.browserstack/co..., browser: iphone, browserName: safari, browserstack.appium_version: 1.17.0, browserstack.isTargetBased: true, browserstack.is_hub_canary: false, cssSelectorsEnabled: true, databaseEnabled: false, detected_language: selenium/3.141.59 (java mac), device: iphone, deviceName: iPhone 12, deviceOrientation: PORTRAIT, javascriptEnabled: true, locationContextEnabled: false, mobile: {browser: mobile, version: iPhone 12-14.1}, networkConnectionEnabled: false, newCommandTimeout: 0, new_bucketing: true, noReset: true, orientation: PORTRAIT, orig_os: ios, osVersion: 14, os_version: 14.0, platform: MAC, platformName: MAC, realMobile: true, safariIgnoreFraudWarning: true, safariInitialUrl: http://mobile-internet-chec..., securityToken: <<CQ_LAB_SECURITY_TOKEN>>, takesScreenshot: true, udid: 00008101-00122C4002F0001E, useXctestrunFile: true, user: <<CQ_LAB_USER>>, version: , wda_port: 8406, webStorageEnabled: false, webkitResponseTimeout: 20000}\nSession ID: 637a6032254924d87610eb3e17cc98caad40403c\n*** Element info: {Using=xpath, value=(//*[text()='perfecto mobile quantum'])[1]}",
          "subLogs": [],
          "duration": 627
        },
        {
          "commandName": "findElement",
          "args": [
            "{value=(//*[text()='perfecto mobile quantum'])[1], using=xpath}"
          ],
          "result": "An element could not be located on the page using the given search parameters. (WARNING: The server did not provide any stacktrace information)\nCommand duration or timeout: 0 milliseconds\nFor documentation on this error, please visit: https://www.seleniumhq.org/exceptions/no_such_element.html\nBuild info: version: '3.141.59', revision: 'e82be7d358', time: '2018-11-14T08:17:03'\nSystem info: host: 'Khalids-MacBook-Pro.local', ip: 'fe80:0:0:0:22:b78f:9ba5:a56d%en0', os.name: 'Mac OS X', os.arch: 'x86_64', os.version: '11.3', java.version: '11.0.12'\nDriver info: com.qmetry.qaf.automation.ui.webdriver.QAFExtendedWebDriver\nCapabilities {64bit: false, acceptSslCert: false, acceptSslCerts: false, automationName: XCUITest, bootstrapPath: /usr/local/.browserstack/co..., browser: iphone, browserName: safari, browserstack.appium_version: 1.17.0, browserstack.isTargetBased: true, browserstack.is_hub_canary: false, cssSelectorsEnabled: true, databaseEnabled: false, detected_language: selenium/3.141.59 (java mac), device: iphone, deviceName: iPhone 12, deviceOrientation: PORTRAIT, javascriptEnabled: true, locationContextEnabled: false, mobile: {browser: mobile, version: iPhone 12-14.1}, networkConnectionEnabled: false, newCommandTimeout: 0, new_bucketing: true, noReset: true, orientation: PORTRAIT, orig_os: ios, osVersion: 14, os_version: 14.0, platform: MAC, platformName: MAC, realMobile: true, safariIgnoreFraudWarning: true, safariInitialUrl: http://mobile-internet-chec..., securityToken: <<CQ_LAB_SECURITY_TOKEN>>, takesScreenshot: true, udid: 00008101-00122C4002F0001E, useXctestrunFile: true, user: <<CQ_LAB_USER>>, version: , wda_port: 8406, webStorageEnabled: false, webkitResponseTimeout: 20000}\nSession ID: 637a6032254924d87610eb3e17cc98caad40403c\n*** Element info: {Using=xpath, value=(//*[text()='perfecto mobile quantum'])[1]}",
          "subLogs": [],
          "duration": 648
        },
        {
          "commandName": "clickElement",
          "args": [
            "By.xpath: (//*[text()='perfecto mobile quantum'])[1]",
            "{\"id\":\"-1\"}"
          ],
          "result": "Timed out after 15 seconds waiting for presence of element located by: By.xpath: (//*[text()='perfecto mobile quantum'])[1]",
          "subLogs": [],
          "duration": -455393671
        },
        {
          "commandName": "findElements",
          "args": [
            "{value=(//*[text()='perfecto mobile quantum'])[1], using=xpath}"
          ],
          "result": "[]",
          "subLogs": [],
          "duration": 627
        }
      ],
      "duration": -1
    },
    {
      "commandName": "Then it should have \"perfecto\" in search results",
      "args": [
        "[perfecto]"
      ],
      "result": "Not Run",
      "subLogs": [],
      "duration": -1
    },
    {
      "commandName": "Then I am on Google Search Page",
      "args": [
        "[]"
      ],
      "result": "Not Run",
      "subLogs": [],
      "duration": -1
    }
  ],
  "checkPoints": [
    {
      "message": "Given I am on Google Search Page",
      "type": "TestStepPass",
      "screenshot": null,
      "duration": 13627,
      "threshold": 0,
      "subCheckPoints": []
    },
    {
      "message": "When I search for \"perfecto mobile quantum\"",
      "type": "TestStepFail",
      "screenshot": "img/SearchQuantum_29juam7lbyrb61471.png",
      "duration": 19814,
      "threshold": 0,
      "subCheckPoints": [
        {
          "message": "Timed out after 15 seconds waiting for presence of element located by: By.xpath: (//*[text()='perfecto mobile quantum'])[1]",
          "type": "Fail",
          "screenshot": null,
          "duration": 0,
          "threshold": 0,
          "subCheckPoints": []
        }
      ]
    },
    {
      "message": "Then it should have \"perfecto\" in search results",
      "type": "TestStep",
      "screenshot": null,
      "duration": 0,
      "threshold": 0,
      "subCheckPoints": []
    },
    {
      "message": "Then I am on Google Search Page",
      "type": "TestStep",
      "screenshot": null,
      "duration": 0,
      "threshold": 0,
      "subCheckPoints": []
    }
  ],
  "errorTrace": "org.openqa.selenium.TimeoutException: Timed out after 15 seconds waiting for presence of element located by: By.xpath: (//*[text()='perfecto mobile quantum'])[1]\n\tat .When I search for \"perfecto mobile quantum\"(src/main/resources/scenarios/webSearch.feature:7)\n\tat com.qmetry.qaf.automation.ui.util.DynamicWait.until(DynamicWait.java:168)\n\tat com.qmetry.qaf.automation.ui.webdriver.QAFExtendedWebDriver.load(QAFExtendedWebDriver.java:213)\n\tat com.qmetry.qaf.automation.ui.webdriver.QAFExtendedWebElement.load(QAFExtendedWebElement.java:302)\n\tat com.qmetry.qaf.automation.ui.webdriver.QAFExtendedWebElement.execute(QAFExtendedWebElement.java:249)\n\tat org.openqa.selenium.remote.RemoteWebElement.click(RemoteWebElement.java:84)\n\tat com.quantum.pages.GooglePage.search(GooglePage.java:38)\n\tat com.quantum.steps.GoogleStepDefs.I_search_for(GoogleStepDefs.java:28)\n\tat com.qmetry.qaf.automation.step.JavaStep.doExecute(JavaStep.java:150)\n\tat com.qmetry.qaf.automation.step.BaseTestStep.execute(BaseTestStep.java:149)\n\tat com.qmetry.qaf.automation.step.StringTestStep.execute(StringTestStep.java:127)\n\tat com.qmetry.qaf.automation.step.client.Scenario.execute(Scenario.java:174)\n\tat com.qmetry.qaf.automation.step.client.Scenario.scenario(Scenario.java:237)\n\tat java.base/java.util.concurrent.FutureTask.run(FutureTask.java:264)\n\tat java.base/java.util.concurrent.ThreadPoolExecutor.runWorker(ThreadPoolExecutor.java:1128)\n\tat java.base/java.util.concurrent.ThreadPoolExecutor$Worker.run(ThreadPoolExecutor.java:628)\n\tat java.base/java.lang.Thread.run(Thread.java:829)\nCaused by: org.openqa.selenium.NoSuchElementException: An element could not be located on the page using the given search parameters. (WARNING: The server did not provide any stacktrace information)\nCommand duration or timeout: 0 milliseconds\nFor documentation on this error, please visit: https://www.seleniumhq.org/exceptions/no_such_element.html\nBuild info: version: '3.141.59', revision: 'e82be7d358', time: '2018-11-14T08:17:03'\nSystem info: host: 'Khalids-MacBook-Pro.local', ip: 'fe80:0:0:0:22:b78f:9ba5:a56d%en0', os.name: 'Mac OS X', os.arch: 'x86_64', os.version: '11.3', java.version: '11.0.12'\nDriver info: com.qmetry.qaf.automation.ui.webdriver.QAFExtendedWebDriver\nCapabilities {64bit: false, acceptSslCert: false, acceptSslCerts: false, automationName: XCUITest, bootstrapPath: /usr/local/.browserstack/co..., browser: iphone, browserName: safari, browserstack.appium_version: 1.17.0, browserstack.isTargetBased: true, browserstack.is_hub_canary: false, cssSelectorsEnabled: true, databaseEnabled: false, detected_language: selenium/3.141.59 (java mac), device: iphone, deviceName: iPhone 12, deviceOrientation: PORTRAIT, javascriptEnabled: true, locationContextEnabled: false, mobile: {browser: mobile, version: iPhone 12-14.1}, networkConnectionEnabled: false, newCommandTimeout: 0, new_bucketing: true, noReset: true, orientation: PORTRAIT, orig_os: ios, osVersion: 14, os_version: 14.0, platform: MAC, platformName: MAC, realMobile: true, safariIgnoreFraudWarning: true, safariInitialUrl: http://mobile-internet-chec..., securityToken: <<CQ_LAB_SECURITY_TOKEN>>, takesScreenshot: true, udid: 00008101-00122C4002F0001E, useXctestrunFile: true, user: <<CQ_LAB_USER>>, version: , wda_port: 8406, webStorageEnabled: false, webkitResponseTimeout: 20000}\nSession ID: 637a6032254924d87610eb3e17cc98caad40403c\n*** Element info: {Using=xpath, value=(//*[text()='perfecto mobile quantum'])[1]}\n\tat java.base/jdk.internal.reflect.NativeConstructorAccessorImpl.newInstance0(Native Method)\n\tat java.base/jdk.internal.reflect.NativeConstructorAccessorImpl.newInstance(NativeConstructorAccessorImpl.java:62)\n\tat java.base/jdk.internal.reflect.DelegatingConstructorAccessorImpl.newInstance(DelegatingConstructorAccessorImpl.java:45)\n\tat java.base/java.lang.reflect.Constructor.newInstance(Constructor.java:490)\n\tat org.openqa.selenium.remote.ErrorHandler.createThrowable(ErrorHandler.java:214)\n\tat org.openqa.selenium.remote.ErrorHandler.throwIfResponseFailed(ErrorHandler.java:166)\n\tat org.openqa.selenium.remote.http.JsonHttpResponseCodec.reconstructValue(JsonHttpResponseCodec.java:40)\n\tat org.openqa.selenium.remote.http.AbstractHttpResponseCodec.decode(AbstractHttpResponseCodec.java:80)\n\tat org.openqa.selenium.remote.http.AbstractHttpResponseCodec.decode(AbstractHttpResponseCodec.java:44)\n\tat org.openqa.selenium.remote.HttpCommandExecutor.execute(HttpCommandExecutor.java:158)\n\tat org.openqa.selenium.remote.RemoteWebDriver.execute(RemoteWebDriver.java:552)\n\tat com.qmetry.qaf.automation.ui.webdriver.QAFExtendedWebDriver.execute(QAFExtendedWebDriver.java:233)\n\tat org.openqa.selenium.remote.RemoteWebDriver.findElement(RemoteWebDriver.java:323)\n\tat org.openqa.selenium.remote.RemoteWebDriver.findElementByXPath(RemoteWebDriver.java:428)\n\tat com.qmetry.qaf.automation.ui.webdriver.QAFExtendedWebDriver.findElementByXPath(QAFExtendedWebDriver.java:396)\n\tat com.qmetry.qaf.automation.ui.webdriver.QAFExtendedWebDriver.findElementByXPath(QAFExtendedWebDriver.java:78)\n\tat org.openqa.selenium.By$ByXPath.findElement(By.java:353)\n\tat org.openqa.selenium.remote.RemoteWebDriver.findElement(RemoteWebDriver.java:315)\n\tat com.qmetry.qaf.automation.ui.webdriver.QAFExtendedWebDriver.findElement(QAFExtendedWebDriver.java:169)\n\tat com.qmetry.qaf.automation.ui.webdriver.QAFExtendedWebDriver.findElement(QAFExtendedWebDriver.java:78)\n\tat org.openqa.selenium.support.ui.ExpectedConditions$6.apply(ExpectedConditions.java:182)\n\tat org.openqa.selenium.support.ui.ExpectedConditions$6.apply(ExpectedConditions.java:179)\n\tat com.qmetry.qaf.automation.ui.util.DynamicWait.until(DynamicWait.java:147)\n\tat com.qmetry.qaf.automation.ui.webdriver.QAFExtendedWebDriver.load(QAFExtendedWebDriver.java:213)\n\tat com.qmetry.qaf.automation.ui.webdriver.QAFExtendedWebElement.load(QAFExtendedWebElement.java:302)\n\tat com.qmetry.qaf.automation.ui.webdriver.QAFExtendedWebElement.execute(QAFExtendedWebElement.java:249)\n\tat org.openqa.selenium.remote.RemoteWebElement.click(RemoteWebElement.java:84)\n\tat com.quantum.pages.GooglePage.search(GooglePage.java:38)\n\tat com.quantum.steps.GoogleStepDefs.I_search_for(GoogleStepDefs.java:28)\n\tat java.base/jdk.internal.reflect.NativeMethodAccessorImpl.invoke0(Native Method)\n\tat java.base/jdk.internal.reflect.NativeMethodAccessorImpl.invoke(NativeMethodAccessorImpl.java:62)\n\tat java.base/jdk.internal.reflect.DelegatingMethodAccessorImpl.invoke(DelegatingMethodAccessorImpl.java:43)\n\tat java.base/java.lang.reflect.Method.invoke(Method.java:566)\n\tat com.qmetry.qaf.automation.step.JavaStep.doExecute(JavaStep.java:150)\n\tat com.qmetry.qaf.automation.step.BaseTestStep.execute(BaseTestStep.java:149)\n\tat com.qmetry.qaf.automation.step.StringTestStep.execute(StringTestStep.java:127)\n\tat com.qmetry.qaf.automation.step.client.Scenario.execute(Scenario.java:174)\n\tat com.qmetry.qaf.automation.step.client.Scenario.scenario(Scenario.java:237)\n\tat java.base/jdk.internal.reflect.NativeMethodAccessorImpl.invoke0(Native Method)\n\tat java.base/jdk.internal.reflect.NativeMethodAccessorImpl.invoke(NativeMethodAccessorImpl.java:62)\n\tat java.base/jdk.internal.reflect.DelegatingMethodAccessorImpl.invoke(DelegatingMethodAccessorImpl.java:43)\n\tat java.base/java.lang.reflect.Method.invoke(Method.java:566)\n\tat org.testng.internal.MethodInvocationHelper.invokeMethod(MethodInvocationHelper.java:104)\n\tat org.testng.internal.Invoker.invokeMethod(Invoker.java:645)\n\tat org.testng.internal.Invoker.invokeTestMethod(Invoker.java:851)\n\tat org.testng.internal.Invoker.invokeTestMethods(Invoker.java:1177)\n\tat org.testng.internal.TestMethodWorker.invokeTestMethods(TestMethodWorker.java:129)\n\tat org.testng.internal.TestMethodWorker.run(TestMethodWorker.java:112)\n\tat org.testng.TestRunner.privateRun(TestRunner.java:778)\n\tat org.testng.TestRunner.run(TestRunner.java:632)\n\tat org.testng.SuiteRunner.runTest(SuiteRunner.java:387)\n\tat org.testng.SuiteRunner.access$000(SuiteRunner.java:39)\n\tat org.testng.SuiteRunner$SuiteWorker.run(SuiteRunner.java:421)\n\tat org.testng.internal.thread.ThreadUtil$2.call(ThreadUtil.java:64)\n\t... 4 more\n"
}