13:27:51 ISFW build info: {qaf-Type=core, qaf-Revision=0, qaf-Build-Time=26-Jul-2020 22:16:34, qaf-Version=3.0}
13:27:51 Resource dir: /Users/shaikhalid/Documents/BrowserStack/Customer Usecase Repos/QuantumFramework/Quantum-Starter-Kit/src/main/resources/common. Found property files to load: 1
13:27:51 Resource dir: /Users/shaikhalid/Documents/BrowserStack/Customer Usecase Repos/QuantumFramework/Quantum-Starter-Kit/src/main/resources/common. Found property files to load: 1
13:27:51 scenario.file.loc[Ljava.lang.String;@3e34ace1
13:27:51 loading feature file: /Users/shaikhalid/Documents/BrowserStack/Customer Usecase Repos/QuantumFramework/Quantum-Starter-Kit/src/main/resources/scenarios/webSearch.feature
13:27:51 loading feature file: /Users/shaikhalid/Documents/BrowserStack/Customer Usecase Repos/QuantumFramework/Quantum-Starter-Kit/src/main/resources/scenarios/appium.feature
13:27:51 loading feature file: /Users/shaikhalid/Documents/BrowserStack/Customer Usecase Repos/QuantumFramework/Quantum-Starter-Kit/src/main/resources/scenarios/03createTest.feature
13:27:51 loading feature file: /Users/shaikhalid/Documents/BrowserStack/Customer Usecase Repos/QuantumFramework/Quantum-Starter-Kit/src/main/resources/scenarios/01firstRun.feature
13:27:51 loading feature file: /Users/shaikhalid/Documents/BrowserStack/Customer Usecase Repos/QuantumFramework/Quantum-Starter-Kit/src/main/resources/scenarios/02sampleTestCase.feature
13:27:51 total test found: 1
13:27:51 scenario.file.loc[Ljava.lang.String;@5003041b
13:27:51 loading feature file: /Users/shaikhalid/Documents/BrowserStack/Customer Usecase Repos/QuantumFramework/Quantum-Starter-Kit/src/main/resources/scenarios/webSearch.feature
13:27:51 loading feature file: /Users/shaikhalid/Documents/BrowserStack/Customer Usecase Repos/QuantumFramework/Quantum-Starter-Kit/src/main/resources/scenarios/appium.feature
13:27:51 loading feature file: /Users/shaikhalid/Documents/BrowserStack/Customer Usecase Repos/QuantumFramework/Quantum-Starter-Kit/src/main/resources/scenarios/03createTest.feature
13:27:51 loading feature file: /Users/shaikhalid/Documents/BrowserStack/Customer Usecase Repos/QuantumFramework/Quantum-Starter-Kit/src/main/resources/scenarios/01firstRun.feature
13:27:51 loading feature file: /Users/shaikhalid/Documents/BrowserStack/Customer Usecase Repos/QuantumFramework/Quantum-Starter-Kit/src/main/resources/scenarios/02sampleTestCase.feature
13:27:51 total test found: 1
13:27:51 

Executing scenario: open Wikipedia - 
13:27:51 

Executing scenario: open Wikipedia - 
13:27:51 pkg: com.qmetry.qaf.automation.step
13:27:51 pkg: com.qmetry.qaf.automation.step
13:27:51 pkg: com.quantum.steps
13:27:51 pkg: com.quantum.steps
13:27:51 Invoking Teststep: Given I open browser to webpage "https://www.wikipedia.org/" with arguments: [https://www.wikipedia.org/]
13:27:51 Invoking Teststep: Given I open browser to webpage "https://www.wikipedia.org/" with arguments: [https://www.wikipedia.org/]
13:27:51 Initializing Driver...browser_str:perfectoRemoteDriver,base_url:,sel_server:,port:80
13:27:51 Initializing Driver...browser_str:perfectoRemoteDriver,base_url:,sel_server:,port:80
13:27:51 Driver: perfectoRemoteDriver
13:27:51 Driver: perfectoRemoteDriver
13:27:52 Direct Driver Connect
13:27:52 Direct Driver Connect
13:27:52 Failure Teststep: Given I open browser to webpage "https://www.wikipedia.org/" with arguments: [https://www.wikipedia.org/]
org.openqa.selenium.TimeoutException: Timed out after 0 seconds: Unable to create driver instance in 1st attempt with retry timeout of 60 seconds. You can check/set value of 'driver.init.retry.timeout' appropriately to set retry timeout on driver initialization failure.
	at com.qmetry.qaf.automation.ui.util.DynamicWait.until(DynamicWait.java:168) ~[qaf-3.0.0.jar:?]
	at com.qmetry.qaf.automation.core.QAFTestBase.init(QAFTestBase.java:478) ~[qaf-3.0.0.jar:?]
	at com.qmetry.qaf.automation.core.QAFTestBase.getUiDriver(QAFTestBase.java:253) ~[qaf-3.0.0.jar:?]
	at com.qmetry.qaf.automation.ui.WebDriverTestBase.getDriver(WebDriverTestBase.java:44) ~[qaf-3.0.0.jar:?]
	at com.qmetry.qaf.automation.step.CommonStep.get_aroundBody24(CommonStep.java:296) ~[qaf-support-3.0.0.jar:?]
	at com.qmetry.qaf.automation.step.CommonStep$AjcClosure25.run(CommonStep.java:1) ~[qaf-support-3.0.0.jar:?]
	at org.aspectj.runtime.reflect.JoinPointImpl.proceed(JoinPointImpl.java:167) ~[aspectjweaver-1.9.4.jar:?]
	at com.qmetry.qaf.automation.step.JavaStepReporter.javaTestStep(JavaStepReporter.java:93) ~[qaf-3.0.0.jar:?]
	at com.qmetry.qaf.automation.step.CommonStep.get(CommonStep.java:295) ~[qaf-support-3.0.0.jar:?]
	at com.quantum.steps.PerfectoApplicationSteps.navigateToURL(PerfectoApplicationSteps.java:576) ~[quantum-support-1.23.0.jar:?]
	at jdk.internal.reflect.NativeMethodAccessorImpl.invoke0(Native Method) ~[?:?]
	at jdk.internal.reflect.NativeMethodAccessorImpl.invoke(NativeMethodAccessorImpl.java:62) ~[?:?]
	at jdk.internal.reflect.DelegatingMethodAccessorImpl.invoke(DelegatingMethodAccessorImpl.java:43) ~[?:?]
	at java.lang.reflect.Method.invoke(Method.java:566) ~[?:?]
	at com.qmetry.qaf.automation.step.JavaStep.doExecute(JavaStep.java:150) ~[qaf-3.0.0.jar:?]
	at com.qmetry.qaf.automation.step.BaseTestStep.execute(BaseTestStep.java:149) [qaf-3.0.0.jar:?]
	at com.qmetry.qaf.automation.step.StringTestStep.execute(StringTestStep.java:127) [qaf-3.0.0.jar:?]
	at com.qmetry.qaf.automation.step.client.Scenario.execute(Scenario.java:174) [qaf-3.0.0.jar:?]
	at com.qmetry.qaf.automation.step.client.Scenario.scenario(Scenario.java:237) [qaf-3.0.0.jar:?]
	at jdk.internal.reflect.NativeMethodAccessorImpl.invoke0(Native Method) ~[?:?]
	at jdk.internal.reflect.NativeMethodAccessorImpl.invoke(NativeMethodAccessorImpl.java:62) ~[?:?]
	at jdk.internal.reflect.DelegatingMethodAccessorImpl.invoke(DelegatingMethodAccessorImpl.java:43) ~[?:?]
	at java.lang.reflect.Method.invoke(Method.java:566) ~[?:?]
	at org.testng.internal.MethodInvocationHelper.invokeMethod(MethodInvocationHelper.java:104) [testng-6.10.jar:?]
	at org.testng.internal.Invoker.invokeMethod(Invoker.java:645) [testng-6.10.jar:?]
	at org.testng.internal.Invoker.invokeTestMethod(Invoker.java:851) [testng-6.10.jar:?]
	at org.testng.internal.Invoker.invokeTestMethods(Invoker.java:1177) [testng-6.10.jar:?]
	at org.testng.internal.TestMethodWorker.invokeTestMethods(TestMethodWorker.java:129) [testng-6.10.jar:?]
	at org.testng.internal.TestMethodWorker.run(TestMethodWorker.java:112) [testng-6.10.jar:?]
	at org.testng.TestRunner.privateRun(TestRunner.java:778) [qaf-3.0.0.jar:?]
	at org.testng.TestRunner.run(TestRunner.java:632) [qaf-3.0.0.jar:?]
	at org.testng.SuiteRunner.runTest(SuiteRunner.java:387) [testng-6.10.jar:?]
	at org.testng.SuiteRunner.access$000(SuiteRunner.java:39) [testng-6.10.jar:?]
	at org.testng.SuiteRunner$SuiteWorker.run(SuiteRunner.java:421) [testng-6.10.jar:?]
	at org.testng.internal.thread.ThreadUtil$2.call(ThreadUtil.java:64) [testng-6.10.jar:?]
	at java.util.concurrent.FutureTask.run(FutureTask.java:264) [?:?]
	at java.util.concurrent.ThreadPoolExecutor.runWorker(ThreadPoolExecutor.java:1128) [?:?]
	at java.util.concurrent.ThreadPoolExecutor$Worker.run(ThreadPoolExecutor.java:628) [?:?]
	at java.lang.Thread.run(Thread.java:829) [?:?]
Caused by: org.openqa.selenium.WebDriverException: Unable to create driver instance in 1st attempt with retry timeout of 60 seconds. You can check/set value of 'driver.init.retry.timeout' appropriately to set retry timeout on driver initialization failure.
Build info: version: '3.141.59', revision: 'e82be7d358', time: '2018-11-14T08:17:03'
System info: host: 'Khalids-MacBook-Pro.local', ip: 'fe80:0:0:0:22:b78f:9ba5:a56d%en0', os.name: 'Mac OS X', os.arch: 'x86_64', os.version: '11.3', java.version: '11.0.12'
Driver info: driver.version: unknown
	at com.qmetry.qaf.automation.core.QAFTestBase$DriverInitExpectedCondition.apply(QAFTestBase.java:572) ~[qaf-3.0.0.jar:?]
	at com.qmetry.qaf.automation.core.QAFTestBase$DriverInitExpectedCondition.apply(QAFTestBase.java:1) ~[qaf-3.0.0.jar:?]
	at com.qmetry.qaf.automation.ui.util.DynamicWait.until(DynamicWait.java:147) ~[qaf-3.0.0.jar:?]
	... 38 more
Caused by: java.lang.ClassNotFoundException: com.thoughtworks.selenium.CommandProcessor
	at jdk.internal.loader.BuiltinClassLoader.loadClass(BuiltinClassLoader.java:581) ~[?:?]
	at jdk.internal.loader.ClassLoaders$AppClassLoader.loadClass(ClassLoaders.java:178) ~[?:?]
	at java.lang.ClassLoader.loadClass(ClassLoader.java:522) ~[?:?]
	at com.qmetry.qaf.automation.ui.UiDriverFactory.get(UiDriverFactory.java:96) ~[quantum-support-1.23.0.jar:?]
	at com.qmetry.qaf.automation.core.QAFTestBase$DriverInitExpectedCondition.apply(QAFTestBase.java:568) ~[qaf-3.0.0.jar:?]
	at com.qmetry.qaf.automation.core.QAFTestBase$DriverInitExpectedCondition.apply(QAFTestBase.java:1) ~[qaf-3.0.0.jar:?]
	at com.qmetry.qaf.automation.ui.util.DynamicWait.until(DynamicWait.java:147) ~[qaf-3.0.0.jar:?]
	... 38 more
13:27:52 Failure Teststep: Given I open browser to webpage "https://www.wikipedia.org/" with arguments: [https://www.wikipedia.org/]
org.openqa.selenium.TimeoutException: Timed out after 0 seconds: Unable to create driver instance in 1st attempt with retry timeout of 60 seconds. You can check/set value of 'driver.init.retry.timeout' appropriately to set retry timeout on driver initialization failure.
	at com.qmetry.qaf.automation.ui.util.DynamicWait.until(DynamicWait.java:168) ~[qaf-3.0.0.jar:?]
	at com.qmetry.qaf.automation.core.QAFTestBase.init(QAFTestBase.java:478) ~[qaf-3.0.0.jar:?]
	at com.qmetry.qaf.automation.core.QAFTestBase.getUiDriver(QAFTestBase.java:253) ~[qaf-3.0.0.jar:?]
	at com.qmetry.qaf.automation.ui.WebDriverTestBase.getDriver(WebDriverTestBase.java:44) ~[qaf-3.0.0.jar:?]
	at com.qmetry.qaf.automation.step.CommonStep.get_aroundBody24(CommonStep.java:296) ~[qaf-support-3.0.0.jar:?]
	at com.qmetry.qaf.automation.step.CommonStep$AjcClosure25.run(CommonStep.java:1) ~[qaf-support-3.0.0.jar:?]
	at org.aspectj.runtime.reflect.JoinPointImpl.proceed(JoinPointImpl.java:167) ~[aspectjweaver-1.9.4.jar:?]
	at com.qmetry.qaf.automation.step.JavaStepReporter.javaTestStep(JavaStepReporter.java:93) ~[qaf-3.0.0.jar:?]
	at com.qmetry.qaf.automation.step.CommonStep.get(CommonStep.java:295) ~[qaf-support-3.0.0.jar:?]
	at com.quantum.steps.PerfectoApplicationSteps.navigateToURL(PerfectoApplicationSteps.java:576) ~[quantum-support-1.23.0.jar:?]
	at jdk.internal.reflect.NativeMethodAccessorImpl.invoke0(Native Method) ~[?:?]
	at jdk.internal.reflect.NativeMethodAccessorImpl.invoke(NativeMethodAccessorImpl.java:62) ~[?:?]
	at jdk.internal.reflect.DelegatingMethodAccessorImpl.invoke(DelegatingMethodAccessorImpl.java:43) ~[?:?]
	at java.lang.reflect.Method.invoke(Method.java:566) ~[?:?]
	at com.qmetry.qaf.automation.step.JavaStep.doExecute(JavaStep.java:150) ~[qaf-3.0.0.jar:?]
	at com.qmetry.qaf.automation.step.BaseTestStep.execute(BaseTestStep.java:149) [qaf-3.0.0.jar:?]
	at com.qmetry.qaf.automation.step.StringTestStep.execute(StringTestStep.java:127) [qaf-3.0.0.jar:?]
	at com.qmetry.qaf.automation.step.client.Scenario.execute(Scenario.java:174) [qaf-3.0.0.jar:?]
	at com.qmetry.qaf.automation.step.client.Scenario.scenario(Scenario.java:237) [qaf-3.0.0.jar:?]
	at jdk.internal.reflect.NativeMethodAccessorImpl.invoke0(Native Method) ~[?:?]
	at jdk.internal.reflect.NativeMethodAccessorImpl.invoke(NativeMethodAccessorImpl.java:62) ~[?:?]
	at jdk.internal.reflect.DelegatingMethodAccessorImpl.invoke(DelegatingMethodAccessorImpl.java:43) ~[?:?]
	at java.lang.reflect.Method.invoke(Method.java:566) ~[?:?]
	at org.testng.internal.MethodInvocationHelper.invokeMethod(MethodInvocationHelper.java:104) [testng-6.10.jar:?]
	at org.testng.internal.Invoker.invokeMethod(Invoker.java:645) [testng-6.10.jar:?]
	at org.testng.internal.Invoker.invokeTestMethod(Invoker.java:851) [testng-6.10.jar:?]
	at org.testng.internal.Invoker.invokeTestMethods(Invoker.java:1177) [testng-6.10.jar:?]
	at org.testng.internal.TestMethodWorker.invokeTestMethods(TestMethodWorker.java:129) [testng-6.10.jar:?]
	at org.testng.internal.TestMethodWorker.run(TestMethodWorker.java:112) [testng-6.10.jar:?]
	at org.testng.TestRunner.privateRun(TestRunner.java:778) [qaf-3.0.0.jar:?]
	at org.testng.TestRunner.run(TestRunner.java:632) [qaf-3.0.0.jar:?]
	at org.testng.SuiteRunner.runTest(SuiteRunner.java:387) [testng-6.10.jar:?]
	at org.testng.SuiteRunner.access$000(SuiteRunner.java:39) [testng-6.10.jar:?]
	at org.testng.SuiteRunner$SuiteWorker.run(SuiteRunner.java:421) [testng-6.10.jar:?]
	at org.testng.internal.thread.ThreadUtil$2.call(ThreadUtil.java:64) [testng-6.10.jar:?]
	at java.util.concurrent.FutureTask.run(FutureTask.java:264) [?:?]
	at java.util.concurrent.ThreadPoolExecutor.runWorker(ThreadPoolExecutor.java:1128) [?:?]
	at java.util.concurrent.ThreadPoolExecutor$Worker.run(ThreadPoolExecutor.java:628) [?:?]
	at java.lang.Thread.run(Thread.java:829) [?:?]
Caused by: org.openqa.selenium.WebDriverException: Unable to create driver instance in 1st attempt with retry timeout of 60 seconds. You can check/set value of 'driver.init.retry.timeout' appropriately to set retry timeout on driver initialization failure.
Build info: version: '3.141.59', revision: 'e82be7d358', time: '2018-11-14T08:17:03'
System info: host: 'Khalids-MacBook-Pro.local', ip: 'fe80:0:0:0:22:b78f:9ba5:a56d%en0', os.name: 'Mac OS X', os.arch: 'x86_64', os.version: '11.3', java.version: '11.0.12'
Driver info: driver.version: unknown
	at com.qmetry.qaf.automation.core.QAFTestBase$DriverInitExpectedCondition.apply(QAFTestBase.java:572) ~[qaf-3.0.0.jar:?]
	at com.qmetry.qaf.automation.core.QAFTestBase$DriverInitExpectedCondition.apply(QAFTestBase.java:1) ~[qaf-3.0.0.jar:?]
	at com.qmetry.qaf.automation.ui.util.DynamicWait.until(DynamicWait.java:147) ~[qaf-3.0.0.jar:?]
	... 38 more
Caused by: java.lang.ClassNotFoundException: com.thoughtworks.selenium.CommandProcessor
	at jdk.internal.loader.BuiltinClassLoader.loadClass(BuiltinClassLoader.java:581) ~[?:?]
	at jdk.internal.loader.ClassLoaders$AppClassLoader.loadClass(ClassLoaders.java:178) ~[?:?]
	at java.lang.ClassLoader.loadClass(ClassLoader.java:522) ~[?:?]
	at com.qmetry.qaf.automation.ui.UiDriverFactory.get(UiDriverFactory.java:96) ~[quantum-support-1.23.0.jar:?]
	at com.qmetry.qaf.automation.core.QAFTestBase$DriverInitExpectedCondition.apply(QAFTestBase.java:568) ~[qaf-3.0.0.jar:?]
	at com.qmetry.qaf.automation.core.QAFTestBase$DriverInitExpectedCondition.apply(QAFTestBase.java:1) ~[qaf-3.0.0.jar:?]
	at com.qmetry.qaf.automation.ui.util.DynamicWait.until(DynamicWait.java:147) ~[qaf-3.0.0.jar:?]
	... 38 more
13:27:52 Completed Teststep: Given I open browser to webpage "https://www.wikipedia.org/" with arguments: [https://www.wikipedia.org/]
13:27:52 Completed Teststep: Given I open browser to webpage "https://www.wikipedia.org/" with arguments: [https://www.wikipedia.org/]
13:27:52 Competed scenario: open Wikipedia with status FAILURE
13:27:52 Competed scenario: open Wikipedia with status FAILURE
13:27:52 Unable to create testng-failed-qas.xml
13:31:32 ISFW build info: {qaf-Type=core, qaf-Revision=0, qaf-Build-Time=26-Jul-2020 22:16:34, qaf-Version=3.0}
13:31:32 Resource dir: /Users/shaikhalid/Documents/BrowserStack/Customer Usecase Repos/QuantumFramework/Quantum-Starter-Kit/src/main/resources/common. Found property files to load: 1
13:31:32 Resource dir: /Users/shaikhalid/Documents/BrowserStack/Customer Usecase Repos/QuantumFramework/Quantum-Starter-Kit/src/main/resources/common. Found property files to load: 1
13:31:32 scenario.file.loc[Ljava.lang.String;@553f1d75
13:31:32 loading feature file: /Users/shaikhalid/Documents/BrowserStack/Customer Usecase Repos/QuantumFramework/Quantum-Starter-Kit/src/main/resources/scenarios/webSearch.feature
13:31:32 loading feature file: /Users/shaikhalid/Documents/BrowserStack/Customer Usecase Repos/QuantumFramework/Quantum-Starter-Kit/src/main/resources/scenarios/appium.feature
13:31:32 loading feature file: /Users/shaikhalid/Documents/BrowserStack/Customer Usecase Repos/QuantumFramework/Quantum-Starter-Kit/src/main/resources/scenarios/03createTest.feature
13:31:32 loading feature file: /Users/shaikhalid/Documents/BrowserStack/Customer Usecase Repos/QuantumFramework/Quantum-Starter-Kit/src/main/resources/scenarios/01firstRun.feature
13:31:32 loading feature file: /Users/shaikhalid/Documents/BrowserStack/Customer Usecase Repos/QuantumFramework/Quantum-Starter-Kit/src/main/resources/scenarios/02sampleTestCase.feature
13:31:32 total test found: 1
13:31:32 scenario.file.loc[Ljava.lang.String;@1ee4730
13:31:32 loading feature file: /Users/shaikhalid/Documents/BrowserStack/Customer Usecase Repos/QuantumFramework/Quantum-Starter-Kit/src/main/resources/scenarios/webSearch.feature
13:31:32 loading feature file: /Users/shaikhalid/Documents/BrowserStack/Customer Usecase Repos/QuantumFramework/Quantum-Starter-Kit/src/main/resources/scenarios/appium.feature
13:31:32 loading feature file: /Users/shaikhalid/Documents/BrowserStack/Customer Usecase Repos/QuantumFramework/Quantum-Starter-Kit/src/main/resources/scenarios/03createTest.feature
13:31:32 loading feature file: /Users/shaikhalid/Documents/BrowserStack/Customer Usecase Repos/QuantumFramework/Quantum-Starter-Kit/src/main/resources/scenarios/01firstRun.feature
13:31:32 loading feature file: /Users/shaikhalid/Documents/BrowserStack/Customer Usecase Repos/QuantumFramework/Quantum-Starter-Kit/src/main/resources/scenarios/02sampleTestCase.feature
13:31:32 total test found: 1
13:31:32 

Executing scenario: open Wikipedia - 
13:31:32 

Executing scenario: open Wikipedia - 
13:31:32 pkg: com.qmetry.qaf.automation.step
13:31:32 pkg: com.qmetry.qaf.automation.step
13:31:32 pkg: com.quantum.steps
13:31:32 pkg: com.quantum.steps
13:31:33 Invoking Teststep: Given I open browser to webpage "https://www.wikipedia.org/" with arguments: [https://www.wikipedia.org/]
13:31:33 Invoking Teststep: Given I open browser to webpage "https://www.wikipedia.org/" with arguments: [https://www.wikipedia.org/]
13:31:33 Initializing Driver...browser_str:perfectoRemoteDriver,base_url:,sel_server:,port:80
13:31:33 Initializing Driver...browser_str:perfectoRemoteDriver,base_url:,sel_server:,port:80
13:31:33 Driver: perfectoRemoteDriver
13:31:33 Driver: perfectoRemoteDriver
13:31:33 Direct Driver Connect
13:31:33 Direct Driver Connect
13:31:33 Failure Teststep: Given I open browser to webpage "https://www.wikipedia.org/" with arguments: [https://www.wikipedia.org/]
org.openqa.selenium.TimeoutException: Timed out after 0 seconds: Unable to create driver instance in 1st attempt with retry timeout of 60 seconds. You can check/set value of 'driver.init.retry.timeout' appropriately to set retry timeout on driver initialization failure.
	at com.qmetry.qaf.automation.ui.util.DynamicWait.until(DynamicWait.java:168) ~[qaf-3.0.0.jar:?]
	at com.qmetry.qaf.automation.core.QAFTestBase.init(QAFTestBase.java:478) ~[qaf-3.0.0.jar:?]
	at com.qmetry.qaf.automation.core.QAFTestBase.getUiDriver(QAFTestBase.java:253) ~[qaf-3.0.0.jar:?]
	at com.qmetry.qaf.automation.ui.WebDriverTestBase.getDriver(WebDriverTestBase.java:44) ~[qaf-3.0.0.jar:?]
	at com.qmetry.qaf.automation.step.CommonStep.get_aroundBody24(CommonStep.java:296) ~[qaf-support-3.0.0.jar:?]
	at com.qmetry.qaf.automation.step.CommonStep$AjcClosure25.run(CommonStep.java:1) ~[qaf-support-3.0.0.jar:?]
	at org.aspectj.runtime.reflect.JoinPointImpl.proceed(JoinPointImpl.java:167) ~[aspectjweaver-1.9.4.jar:?]
	at com.qmetry.qaf.automation.step.JavaStepReporter.javaTestStep(JavaStepReporter.java:93) ~[qaf-3.0.0.jar:?]
	at com.qmetry.qaf.automation.step.CommonStep.get(CommonStep.java:295) ~[qaf-support-3.0.0.jar:?]
	at com.quantum.steps.PerfectoApplicationSteps.navigateToURL(PerfectoApplicationSteps.java:576) ~[quantum-support-1.23.0.jar:?]
	at jdk.internal.reflect.NativeMethodAccessorImpl.invoke0(Native Method) ~[?:?]
	at jdk.internal.reflect.NativeMethodAccessorImpl.invoke(NativeMethodAccessorImpl.java:62) ~[?:?]
	at jdk.internal.reflect.DelegatingMethodAccessorImpl.invoke(DelegatingMethodAccessorImpl.java:43) ~[?:?]
	at java.lang.reflect.Method.invoke(Method.java:566) ~[?:?]
	at com.qmetry.qaf.automation.step.JavaStep.doExecute(JavaStep.java:150) ~[qaf-3.0.0.jar:?]
	at com.qmetry.qaf.automation.step.BaseTestStep.execute(BaseTestStep.java:149) [qaf-3.0.0.jar:?]
	at com.qmetry.qaf.automation.step.StringTestStep.execute(StringTestStep.java:127) [qaf-3.0.0.jar:?]
	at com.qmetry.qaf.automation.step.client.Scenario.execute(Scenario.java:174) [qaf-3.0.0.jar:?]
	at com.qmetry.qaf.automation.step.client.Scenario.scenario(Scenario.java:237) [qaf-3.0.0.jar:?]
	at jdk.internal.reflect.NativeMethodAccessorImpl.invoke0(Native Method) ~[?:?]
	at jdk.internal.reflect.NativeMethodAccessorImpl.invoke(NativeMethodAccessorImpl.java:62) ~[?:?]
	at jdk.internal.reflect.DelegatingMethodAccessorImpl.invoke(DelegatingMethodAccessorImpl.java:43) ~[?:?]
	at java.lang.reflect.Method.invoke(Method.java:566) ~[?:?]
	at org.testng.internal.MethodInvocationHelper.invokeMethod(MethodInvocationHelper.java:104) [testng-6.10.jar:?]
	at org.testng.internal.Invoker.invokeMethod(Invoker.java:645) [testng-6.10.jar:?]
	at org.testng.internal.Invoker.invokeTestMethod(Invoker.java:851) [testng-6.10.jar:?]
	at org.testng.internal.Invoker.invokeTestMethods(Invoker.java:1177) [testng-6.10.jar:?]
	at org.testng.internal.TestMethodWorker.invokeTestMethods(TestMethodWorker.java:129) [testng-6.10.jar:?]
	at org.testng.internal.TestMethodWorker.run(TestMethodWorker.java:112) [testng-6.10.jar:?]
	at org.testng.TestRunner.privateRun(TestRunner.java:778) [qaf-3.0.0.jar:?]
	at org.testng.TestRunner.run(TestRunner.java:632) [qaf-3.0.0.jar:?]
	at org.testng.SuiteRunner.runTest(SuiteRunner.java:387) [testng-6.10.jar:?]
	at org.testng.SuiteRunner.access$000(SuiteRunner.java:39) [testng-6.10.jar:?]
	at org.testng.SuiteRunner$SuiteWorker.run(SuiteRunner.java:421) [testng-6.10.jar:?]
	at org.testng.internal.thread.ThreadUtil$2.call(ThreadUtil.java:64) [testng-6.10.jar:?]
	at java.util.concurrent.FutureTask.run(FutureTask.java:264) [?:?]
	at java.util.concurrent.ThreadPoolExecutor.runWorker(ThreadPoolExecutor.java:1128) [?:?]
	at java.util.concurrent.ThreadPoolExecutor$Worker.run(ThreadPoolExecutor.java:628) [?:?]
	at java.lang.Thread.run(Thread.java:829) [?:?]
Caused by: org.openqa.selenium.WebDriverException: Unable to create driver instance in 1st attempt with retry timeout of 60 seconds. You can check/set value of 'driver.init.retry.timeout' appropriately to set retry timeout on driver initialization failure.
Build info: version: '3.141.59', revision: 'e82be7d358', time: '2018-11-14T08:17:03'
System info: host: 'Khalids-MacBook-Pro.local', ip: 'fe80:0:0:0:22:b78f:9ba5:a56d%en0', os.name: 'Mac OS X', os.arch: 'x86_64', os.version: '11.3', java.version: '11.0.12'
Driver info: driver.version: unknown
	at com.qmetry.qaf.automation.core.QAFTestBase$DriverInitExpectedCondition.apply(QAFTestBase.java:572) ~[qaf-3.0.0.jar:?]
	at com.qmetry.qaf.automation.core.QAFTestBase$DriverInitExpectedCondition.apply(QAFTestBase.java:1) ~[qaf-3.0.0.jar:?]
	at com.qmetry.qaf.automation.ui.util.DynamicWait.until(DynamicWait.java:147) ~[qaf-3.0.0.jar:?]
	... 38 more
Caused by: java.lang.ClassNotFoundException: com.thoughtworks.selenium.CommandProcessor
	at jdk.internal.loader.BuiltinClassLoader.loadClass(BuiltinClassLoader.java:581) ~[?:?]
	at jdk.internal.loader.ClassLoaders$AppClassLoader.loadClass(ClassLoaders.java:178) ~[?:?]
	at java.lang.ClassLoader.loadClass(ClassLoader.java:522) ~[?:?]
	at com.qmetry.qaf.automation.ui.UiDriverFactory.get(UiDriverFactory.java:96) ~[quantum-support-1.23.0.jar:?]
	at com.qmetry.qaf.automation.core.QAFTestBase$DriverInitExpectedCondition.apply(QAFTestBase.java:568) ~[qaf-3.0.0.jar:?]
	at com.qmetry.qaf.automation.core.QAFTestBase$DriverInitExpectedCondition.apply(QAFTestBase.java:1) ~[qaf-3.0.0.jar:?]
	at com.qmetry.qaf.automation.ui.util.DynamicWait.until(DynamicWait.java:147) ~[qaf-3.0.0.jar:?]
	... 38 more
13:31:33 Failure Teststep: Given I open browser to webpage "https://www.wikipedia.org/" with arguments: [https://www.wikipedia.org/]
org.openqa.selenium.TimeoutException: Timed out after 0 seconds: Unable to create driver instance in 1st attempt with retry timeout of 60 seconds. You can check/set value of 'driver.init.retry.timeout' appropriately to set retry timeout on driver initialization failure.
	at com.qmetry.qaf.automation.ui.util.DynamicWait.until(DynamicWait.java:168) ~[qaf-3.0.0.jar:?]
	at com.qmetry.qaf.automation.core.QAFTestBase.init(QAFTestBase.java:478) ~[qaf-3.0.0.jar:?]
	at com.qmetry.qaf.automation.core.QAFTestBase.getUiDriver(QAFTestBase.java:253) ~[qaf-3.0.0.jar:?]
	at com.qmetry.qaf.automation.ui.WebDriverTestBase.getDriver(WebDriverTestBase.java:44) ~[qaf-3.0.0.jar:?]
	at com.qmetry.qaf.automation.step.CommonStep.get_aroundBody24(CommonStep.java:296) ~[qaf-support-3.0.0.jar:?]
	at com.qmetry.qaf.automation.step.CommonStep$AjcClosure25.run(CommonStep.java:1) ~[qaf-support-3.0.0.jar:?]
	at org.aspectj.runtime.reflect.JoinPointImpl.proceed(JoinPointImpl.java:167) ~[aspectjweaver-1.9.4.jar:?]
	at com.qmetry.qaf.automation.step.JavaStepReporter.javaTestStep(JavaStepReporter.java:93) ~[qaf-3.0.0.jar:?]
	at com.qmetry.qaf.automation.step.CommonStep.get(CommonStep.java:295) ~[qaf-support-3.0.0.jar:?]
	at com.quantum.steps.PerfectoApplicationSteps.navigateToURL(PerfectoApplicationSteps.java:576) ~[quantum-support-1.23.0.jar:?]
	at jdk.internal.reflect.NativeMethodAccessorImpl.invoke0(Native Method) ~[?:?]
	at jdk.internal.reflect.NativeMethodAccessorImpl.invoke(NativeMethodAccessorImpl.java:62) ~[?:?]
	at jdk.internal.reflect.DelegatingMethodAccessorImpl.invoke(DelegatingMethodAccessorImpl.java:43) ~[?:?]
	at java.lang.reflect.Method.invoke(Method.java:566) ~[?:?]
	at com.qmetry.qaf.automation.step.JavaStep.doExecute(JavaStep.java:150) ~[qaf-3.0.0.jar:?]
	at com.qmetry.qaf.automation.step.BaseTestStep.execute(BaseTestStep.java:149) [qaf-3.0.0.jar:?]
	at com.qmetry.qaf.automation.step.StringTestStep.execute(StringTestStep.java:127) [qaf-3.0.0.jar:?]
	at com.qmetry.qaf.automation.step.client.Scenario.execute(Scenario.java:174) [qaf-3.0.0.jar:?]
	at com.qmetry.qaf.automation.step.client.Scenario.scenario(Scenario.java:237) [qaf-3.0.0.jar:?]
	at jdk.internal.reflect.NativeMethodAccessorImpl.invoke0(Native Method) ~[?:?]
	at jdk.internal.reflect.NativeMethodAccessorImpl.invoke(NativeMethodAccessorImpl.java:62) ~[?:?]
	at jdk.internal.reflect.DelegatingMethodAccessorImpl.invoke(DelegatingMethodAccessorImpl.java:43) ~[?:?]
	at java.lang.reflect.Method.invoke(Method.java:566) ~[?:?]
	at org.testng.internal.MethodInvocationHelper.invokeMethod(MethodInvocationHelper.java:104) [testng-6.10.jar:?]
	at org.testng.internal.Invoker.invokeMethod(Invoker.java:645) [testng-6.10.jar:?]
	at org.testng.internal.Invoker.invokeTestMethod(Invoker.java:851) [testng-6.10.jar:?]
	at org.testng.internal.Invoker.invokeTestMethods(Invoker.java:1177) [testng-6.10.jar:?]
	at org.testng.internal.TestMethodWorker.invokeTestMethods(TestMethodWorker.java:129) [testng-6.10.jar:?]
	at org.testng.internal.TestMethodWorker.run(TestMethodWorker.java:112) [testng-6.10.jar:?]
	at org.testng.TestRunner.privateRun(TestRunner.java:778) [qaf-3.0.0.jar:?]
	at org.testng.TestRunner.run(TestRunner.java:632) [qaf-3.0.0.jar:?]
	at org.testng.SuiteRunner.runTest(SuiteRunner.java:387) [testng-6.10.jar:?]
	at org.testng.SuiteRunner.access$000(SuiteRunner.java:39) [testng-6.10.jar:?]
	at org.testng.SuiteRunner$SuiteWorker.run(SuiteRunner.java:421) [testng-6.10.jar:?]
	at org.testng.internal.thread.ThreadUtil$2.call(ThreadUtil.java:64) [testng-6.10.jar:?]
	at java.util.concurrent.FutureTask.run(FutureTask.java:264) [?:?]
	at java.util.concurrent.ThreadPoolExecutor.runWorker(ThreadPoolExecutor.java:1128) [?:?]
	at java.util.concurrent.ThreadPoolExecutor$Worker.run(ThreadPoolExecutor.java:628) [?:?]
	at java.lang.Thread.run(Thread.java:829) [?:?]
Caused by: org.openqa.selenium.WebDriverException: Unable to create driver instance in 1st attempt with retry timeout of 60 seconds. You can check/set value of 'driver.init.retry.timeout' appropriately to set retry timeout on driver initialization failure.
Build info: version: '3.141.59', revision: 'e82be7d358', time: '2018-11-14T08:17:03'
System info: host: 'Khalids-MacBook-Pro.local', ip: 'fe80:0:0:0:22:b78f:9ba5:a56d%en0', os.name: 'Mac OS X', os.arch: 'x86_64', os.version: '11.3', java.version: '11.0.12'
Driver info: driver.version: unknown
	at com.qmetry.qaf.automation.core.QAFTestBase$DriverInitExpectedCondition.apply(QAFTestBase.java:572) ~[qaf-3.0.0.jar:?]
	at com.qmetry.qaf.automation.core.QAFTestBase$DriverInitExpectedCondition.apply(QAFTestBase.java:1) ~[qaf-3.0.0.jar:?]
	at com.qmetry.qaf.automation.ui.util.DynamicWait.until(DynamicWait.java:147) ~[qaf-3.0.0.jar:?]
	... 38 more
Caused by: java.lang.ClassNotFoundException: com.thoughtworks.selenium.CommandProcessor
	at jdk.internal.loader.BuiltinClassLoader.loadClass(BuiltinClassLoader.java:581) ~[?:?]
	at jdk.internal.loader.ClassLoaders$AppClassLoader.loadClass(ClassLoaders.java:178) ~[?:?]
	at java.lang.ClassLoader.loadClass(ClassLoader.java:522) ~[?:?]
	at com.qmetry.qaf.automation.ui.UiDriverFactory.get(UiDriverFactory.java:96) ~[quantum-support-1.23.0.jar:?]
	at com.qmetry.qaf.automation.core.QAFTestBase$DriverInitExpectedCondition.apply(QAFTestBase.java:568) ~[qaf-3.0.0.jar:?]
	at com.qmetry.qaf.automation.core.QAFTestBase$DriverInitExpectedCondition.apply(QAFTestBase.java:1) ~[qaf-3.0.0.jar:?]
	at com.qmetry.qaf.automation.ui.util.DynamicWait.until(DynamicWait.java:147) ~[qaf-3.0.0.jar:?]
	... 38 more
13:31:33 Completed Teststep: Given I open browser to webpage "https://www.wikipedia.org/" with arguments: [https://www.wikipedia.org/]
13:31:33 Completed Teststep: Given I open browser to webpage "https://www.wikipedia.org/" with arguments: [https://www.wikipedia.org/]
13:31:33 Competed scenario: open Wikipedia with status FAILURE
13:31:33 Competed scenario: open Wikipedia with status FAILURE
13:31:33 Unable to create testng-failed-qas.xml
14:01:06 ISFW build info: {qaf-Type=core, qaf-Revision=0, qaf-Build-Time=26-Jul-2020 22:16:34, qaf-Version=3.0}
14:01:06 Resource dir: /Users/shaikhalid/Documents/BrowserStack/Customer Usecase Repos/QuantumFramework/Quantum-Starter-Kit/src/main/resources/common. Found property files to load: 1
14:01:06 Resource dir: /Users/shaikhalid/Documents/BrowserStack/Customer Usecase Repos/QuantumFramework/Quantum-Starter-Kit/src/main/resources/common. Found property files to load: 1
14:01:06 scenario.file.loc[Ljava.lang.String;@2dbe250d
14:01:06 loading feature file: /Users/shaikhalid/Documents/BrowserStack/Customer Usecase Repos/QuantumFramework/Quantum-Starter-Kit/src/main/resources/scenarios/webSearch.feature
14:01:06 loading feature file: /Users/shaikhalid/Documents/BrowserStack/Customer Usecase Repos/QuantumFramework/Quantum-Starter-Kit/src/main/resources/scenarios/appium.feature
14:01:06 loading feature file: /Users/shaikhalid/Documents/BrowserStack/Customer Usecase Repos/QuantumFramework/Quantum-Starter-Kit/src/main/resources/scenarios/03createTest.feature
14:01:06 loading feature file: /Users/shaikhalid/Documents/BrowserStack/Customer Usecase Repos/QuantumFramework/Quantum-Starter-Kit/src/main/resources/scenarios/01firstRun.feature
14:01:06 loading feature file: /Users/shaikhalid/Documents/BrowserStack/Customer Usecase Repos/QuantumFramework/Quantum-Starter-Kit/src/main/resources/scenarios/02sampleTestCase.feature
14:01:06 total test found: 1
14:01:06 scenario.file.loc[Ljava.lang.String;@3aa3193a
14:01:06 loading feature file: /Users/shaikhalid/Documents/BrowserStack/Customer Usecase Repos/QuantumFramework/Quantum-Starter-Kit/src/main/resources/scenarios/webSearch.feature
14:01:06 loading feature file: /Users/shaikhalid/Documents/BrowserStack/Customer Usecase Repos/QuantumFramework/Quantum-Starter-Kit/src/main/resources/scenarios/appium.feature
14:01:06 loading feature file: /Users/shaikhalid/Documents/BrowserStack/Customer Usecase Repos/QuantumFramework/Quantum-Starter-Kit/src/main/resources/scenarios/03createTest.feature
14:01:06 loading feature file: /Users/shaikhalid/Documents/BrowserStack/Customer Usecase Repos/QuantumFramework/Quantum-Starter-Kit/src/main/resources/scenarios/01firstRun.feature
14:01:06 loading feature file: /Users/shaikhalid/Documents/BrowserStack/Customer Usecase Repos/QuantumFramework/Quantum-Starter-Kit/src/main/resources/scenarios/02sampleTestCase.feature
14:01:06 total test found: 1
14:01:06 

Executing scenario: open Wikipedia - 
14:01:06 

Executing scenario: open Wikipedia - 
14:01:06 pkg: com.qmetry.qaf.automation.step
14:01:06 pkg: com.qmetry.qaf.automation.step
14:01:06 pkg: com.quantum.steps
14:01:06 pkg: com.quantum.steps
14:01:06 Invoking Teststep: Given I open browser to webpage "https://www.wikipedia.org/" with arguments: [https://www.wikipedia.org/]
14:01:06 Invoking Teststep: Given I open browser to webpage "https://www.wikipedia.org/" with arguments: [https://www.wikipedia.org/]
14:01:06 Initializing Driver...browser_str:perfectoRemoteDriver,base_url:,sel_server:,port:80
14:01:06 Initializing Driver...browser_str:perfectoRemoteDriver,base_url:,sel_server:,port:80
14:01:06 Driver: perfectoRemoteDriver
14:01:06 Driver: perfectoRemoteDriver
14:01:06 Direct Driver Connect
14:01:06 Direct Driver Connect
14:01:07 Failure Teststep: Given I open browser to webpage "https://www.wikipedia.org/" with arguments: [https://www.wikipedia.org/]
org.openqa.selenium.TimeoutException: Timed out after 0 seconds: Unable to create driver instance in 1st attempt with retry timeout of 60 seconds. You can check/set value of 'driver.init.retry.timeout' appropriately to set retry timeout on driver initialization failure.
	at com.qmetry.qaf.automation.ui.util.DynamicWait.until(DynamicWait.java:168) ~[qaf-3.0.0.jar:?]
	at com.qmetry.qaf.automation.core.QAFTestBase.init(QAFTestBase.java:478) ~[qaf-3.0.0.jar:?]
	at com.qmetry.qaf.automation.core.QAFTestBase.getUiDriver(QAFTestBase.java:253) ~[qaf-3.0.0.jar:?]
	at com.qmetry.qaf.automation.ui.WebDriverTestBase.getDriver(WebDriverTestBase.java:44) ~[qaf-3.0.0.jar:?]
	at com.qmetry.qaf.automation.step.CommonStep.get_aroundBody24(CommonStep.java:296) ~[qaf-support-3.0.0.jar:?]
	at com.qmetry.qaf.automation.step.CommonStep$AjcClosure25.run(CommonStep.java:1) ~[qaf-support-3.0.0.jar:?]
	at org.aspectj.runtime.reflect.JoinPointImpl.proceed(JoinPointImpl.java:167) ~[aspectjweaver-1.9.4.jar:?]
	at com.qmetry.qaf.automation.step.JavaStepReporter.javaTestStep(JavaStepReporter.java:93) ~[qaf-3.0.0.jar:?]
	at com.qmetry.qaf.automation.step.CommonStep.get(CommonStep.java:295) ~[qaf-support-3.0.0.jar:?]
	at com.quantum.steps.PerfectoApplicationSteps.navigateToURL(PerfectoApplicationSteps.java:576) ~[quantum-support-1.23.0.jar:?]
	at jdk.internal.reflect.NativeMethodAccessorImpl.invoke0(Native Method) ~[?:?]
	at jdk.internal.reflect.NativeMethodAccessorImpl.invoke(NativeMethodAccessorImpl.java:62) ~[?:?]
	at jdk.internal.reflect.DelegatingMethodAccessorImpl.invoke(DelegatingMethodAccessorImpl.java:43) ~[?:?]
	at java.lang.reflect.Method.invoke(Method.java:566) ~[?:?]
	at com.qmetry.qaf.automation.step.JavaStep.doExecute(JavaStep.java:150) ~[qaf-3.0.0.jar:?]
	at com.qmetry.qaf.automation.step.BaseTestStep.execute(BaseTestStep.java:149) [qaf-3.0.0.jar:?]
	at com.qmetry.qaf.automation.step.StringTestStep.execute(StringTestStep.java:127) [qaf-3.0.0.jar:?]
	at com.qmetry.qaf.automation.step.client.Scenario.execute(Scenario.java:174) [qaf-3.0.0.jar:?]
	at com.qmetry.qaf.automation.step.client.Scenario.scenario(Scenario.java:237) [qaf-3.0.0.jar:?]
	at jdk.internal.reflect.NativeMethodAccessorImpl.invoke0(Native Method) ~[?:?]
	at jdk.internal.reflect.NativeMethodAccessorImpl.invoke(NativeMethodAccessorImpl.java:62) ~[?:?]
	at jdk.internal.reflect.DelegatingMethodAccessorImpl.invoke(DelegatingMethodAccessorImpl.java:43) ~[?:?]
	at java.lang.reflect.Method.invoke(Method.java:566) ~[?:?]
	at org.testng.internal.MethodInvocationHelper.invokeMethod(MethodInvocationHelper.java:104) [testng-6.10.jar:?]
	at org.testng.internal.Invoker.invokeMethod(Invoker.java:645) [testng-6.10.jar:?]
	at org.testng.internal.Invoker.invokeTestMethod(Invoker.java:851) [testng-6.10.jar:?]
	at org.testng.internal.Invoker.invokeTestMethods(Invoker.java:1177) [testng-6.10.jar:?]
	at org.testng.internal.TestMethodWorker.invokeTestMethods(TestMethodWorker.java:129) [testng-6.10.jar:?]
	at org.testng.internal.TestMethodWorker.run(TestMethodWorker.java:112) [testng-6.10.jar:?]
	at org.testng.TestRunner.privateRun(TestRunner.java:778) [qaf-3.0.0.jar:?]
	at org.testng.TestRunner.run(TestRunner.java:632) [qaf-3.0.0.jar:?]
	at org.testng.SuiteRunner.runTest(SuiteRunner.java:387) [testng-6.10.jar:?]
	at org.testng.SuiteRunner.access$000(SuiteRunner.java:39) [testng-6.10.jar:?]
	at org.testng.SuiteRunner$SuiteWorker.run(SuiteRunner.java:421) [testng-6.10.jar:?]
	at org.testng.internal.thread.ThreadUtil$2.call(ThreadUtil.java:64) [testng-6.10.jar:?]
	at java.util.concurrent.FutureTask.run(FutureTask.java:264) [?:?]
	at java.util.concurrent.ThreadPoolExecutor.runWorker(ThreadPoolExecutor.java:1128) [?:?]
	at java.util.concurrent.ThreadPoolExecutor$Worker.run(ThreadPoolExecutor.java:628) [?:?]
	at java.lang.Thread.run(Thread.java:829) [?:?]
Caused by: org.openqa.selenium.WebDriverException: Unable to create driver instance in 1st attempt with retry timeout of 60 seconds. You can check/set value of 'driver.init.retry.timeout' appropriately to set retry timeout on driver initialization failure.
Build info: version: '3.141.59', revision: 'e82be7d358', time: '2018-11-14T08:17:03'
System info: host: 'Khalids-MacBook-Pro.local', ip: 'fe80:0:0:0:22:b78f:9ba5:a56d%en0', os.name: 'Mac OS X', os.arch: 'x86_64', os.version: '11.3', java.version: '11.0.12'
Driver info: driver.version: unknown
	at com.qmetry.qaf.automation.core.QAFTestBase$DriverInitExpectedCondition.apply(QAFTestBase.java:572) ~[qaf-3.0.0.jar:?]
	at com.qmetry.qaf.automation.core.QAFTestBase$DriverInitExpectedCondition.apply(QAFTestBase.java:1) ~[qaf-3.0.0.jar:?]
	at com.qmetry.qaf.automation.ui.util.DynamicWait.until(DynamicWait.java:147) ~[qaf-3.0.0.jar:?]
	... 38 more
Caused by: java.lang.ClassNotFoundException: com.thoughtworks.selenium.CommandProcessor
	at jdk.internal.loader.BuiltinClassLoader.loadClass(BuiltinClassLoader.java:581) ~[?:?]
	at jdk.internal.loader.ClassLoaders$AppClassLoader.loadClass(ClassLoaders.java:178) ~[?:?]
	at java.lang.ClassLoader.loadClass(ClassLoader.java:522) ~[?:?]
	at com.qmetry.qaf.automation.ui.UiDriverFactory.get(UiDriverFactory.java:96) ~[quantum-support-1.23.0.jar:?]
	at com.qmetry.qaf.automation.core.QAFTestBase$DriverInitExpectedCondition.apply(QAFTestBase.java:568) ~[qaf-3.0.0.jar:?]
	at com.qmetry.qaf.automation.core.QAFTestBase$DriverInitExpectedCondition.apply(QAFTestBase.java:1) ~[qaf-3.0.0.jar:?]
	at com.qmetry.qaf.automation.ui.util.DynamicWait.until(DynamicWait.java:147) ~[qaf-3.0.0.jar:?]
	... 38 more
14:01:07 Failure Teststep: Given I open browser to webpage "https://www.wikipedia.org/" with arguments: [https://www.wikipedia.org/]
org.openqa.selenium.TimeoutException: Timed out after 0 seconds: Unable to create driver instance in 1st attempt with retry timeout of 60 seconds. You can check/set value of 'driver.init.retry.timeout' appropriately to set retry timeout on driver initialization failure.
	at com.qmetry.qaf.automation.ui.util.DynamicWait.until(DynamicWait.java:168) ~[qaf-3.0.0.jar:?]
	at com.qmetry.qaf.automation.core.QAFTestBase.init(QAFTestBase.java:478) ~[qaf-3.0.0.jar:?]
	at com.qmetry.qaf.automation.core.QAFTestBase.getUiDriver(QAFTestBase.java:253) ~[qaf-3.0.0.jar:?]
	at com.qmetry.qaf.automation.ui.WebDriverTestBase.getDriver(WebDriverTestBase.java:44) ~[qaf-3.0.0.jar:?]
	at com.qmetry.qaf.automation.step.CommonStep.get_aroundBody24(CommonStep.java:296) ~[qaf-support-3.0.0.jar:?]
	at com.qmetry.qaf.automation.step.CommonStep$AjcClosure25.run(CommonStep.java:1) ~[qaf-support-3.0.0.jar:?]
	at org.aspectj.runtime.reflect.JoinPointImpl.proceed(JoinPointImpl.java:167) ~[aspectjweaver-1.9.4.jar:?]
	at com.qmetry.qaf.automation.step.JavaStepReporter.javaTestStep(JavaStepReporter.java:93) ~[qaf-3.0.0.jar:?]
	at com.qmetry.qaf.automation.step.CommonStep.get(CommonStep.java:295) ~[qaf-support-3.0.0.jar:?]
	at com.quantum.steps.PerfectoApplicationSteps.navigateToURL(PerfectoApplicationSteps.java:576) ~[quantum-support-1.23.0.jar:?]
	at jdk.internal.reflect.NativeMethodAccessorImpl.invoke0(Native Method) ~[?:?]
	at jdk.internal.reflect.NativeMethodAccessorImpl.invoke(NativeMethodAccessorImpl.java:62) ~[?:?]
	at jdk.internal.reflect.DelegatingMethodAccessorImpl.invoke(DelegatingMethodAccessorImpl.java:43) ~[?:?]
	at java.lang.reflect.Method.invoke(Method.java:566) ~[?:?]
	at com.qmetry.qaf.automation.step.JavaStep.doExecute(JavaStep.java:150) ~[qaf-3.0.0.jar:?]
	at com.qmetry.qaf.automation.step.BaseTestStep.execute(BaseTestStep.java:149) [qaf-3.0.0.jar:?]
	at com.qmetry.qaf.automation.step.StringTestStep.execute(StringTestStep.java:127) [qaf-3.0.0.jar:?]
	at com.qmetry.qaf.automation.step.client.Scenario.execute(Scenario.java:174) [qaf-3.0.0.jar:?]
	at com.qmetry.qaf.automation.step.client.Scenario.scenario(Scenario.java:237) [qaf-3.0.0.jar:?]
	at jdk.internal.reflect.NativeMethodAccessorImpl.invoke0(Native Method) ~[?:?]
	at jdk.internal.reflect.NativeMethodAccessorImpl.invoke(NativeMethodAccessorImpl.java:62) ~[?:?]
	at jdk.internal.reflect.DelegatingMethodAccessorImpl.invoke(DelegatingMethodAccessorImpl.java:43) ~[?:?]
	at java.lang.reflect.Method.invoke(Method.java:566) ~[?:?]
	at org.testng.internal.MethodInvocationHelper.invokeMethod(MethodInvocationHelper.java:104) [testng-6.10.jar:?]
	at org.testng.internal.Invoker.invokeMethod(Invoker.java:645) [testng-6.10.jar:?]
	at org.testng.internal.Invoker.invokeTestMethod(Invoker.java:851) [testng-6.10.jar:?]
	at org.testng.internal.Invoker.invokeTestMethods(Invoker.java:1177) [testng-6.10.jar:?]
	at org.testng.internal.TestMethodWorker.invokeTestMethods(TestMethodWorker.java:129) [testng-6.10.jar:?]
	at org.testng.internal.TestMethodWorker.run(TestMethodWorker.java:112) [testng-6.10.jar:?]
	at org.testng.TestRunner.privateRun(TestRunner.java:778) [qaf-3.0.0.jar:?]
	at org.testng.TestRunner.run(TestRunner.java:632) [qaf-3.0.0.jar:?]
	at org.testng.SuiteRunner.runTest(SuiteRunner.java:387) [testng-6.10.jar:?]
	at org.testng.SuiteRunner.access$000(SuiteRunner.java:39) [testng-6.10.jar:?]
	at org.testng.SuiteRunner$SuiteWorker.run(SuiteRunner.java:421) [testng-6.10.jar:?]
	at org.testng.internal.thread.ThreadUtil$2.call(ThreadUtil.java:64) [testng-6.10.jar:?]
	at java.util.concurrent.FutureTask.run(FutureTask.java:264) [?:?]
	at java.util.concurrent.ThreadPoolExecutor.runWorker(ThreadPoolExecutor.java:1128) [?:?]
	at java.util.concurrent.ThreadPoolExecutor$Worker.run(ThreadPoolExecutor.java:628) [?:?]
	at java.lang.Thread.run(Thread.java:829) [?:?]
Caused by: org.openqa.selenium.WebDriverException: Unable to create driver instance in 1st attempt with retry timeout of 60 seconds. You can check/set value of 'driver.init.retry.timeout' appropriately to set retry timeout on driver initialization failure.
Build info: version: '3.141.59', revision: 'e82be7d358', time: '2018-11-14T08:17:03'
System info: host: 'Khalids-MacBook-Pro.local', ip: 'fe80:0:0:0:22:b78f:9ba5:a56d%en0', os.name: 'Mac OS X', os.arch: 'x86_64', os.version: '11.3', java.version: '11.0.12'
Driver info: driver.version: unknown
	at com.qmetry.qaf.automation.core.QAFTestBase$DriverInitExpectedCondition.apply(QAFTestBase.java:572) ~[qaf-3.0.0.jar:?]
	at com.qmetry.qaf.automation.core.QAFTestBase$DriverInitExpectedCondition.apply(QAFTestBase.java:1) ~[qaf-3.0.0.jar:?]
	at com.qmetry.qaf.automation.ui.util.DynamicWait.until(DynamicWait.java:147) ~[qaf-3.0.0.jar:?]
	... 38 more
Caused by: java.lang.ClassNotFoundException: com.thoughtworks.selenium.CommandProcessor
	at jdk.internal.loader.BuiltinClassLoader.loadClass(BuiltinClassLoader.java:581) ~[?:?]
	at jdk.internal.loader.ClassLoaders$AppClassLoader.loadClass(ClassLoaders.java:178) ~[?:?]
	at java.lang.ClassLoader.loadClass(ClassLoader.java:522) ~[?:?]
	at com.qmetry.qaf.automation.ui.UiDriverFactory.get(UiDriverFactory.java:96) ~[quantum-support-1.23.0.jar:?]
	at com.qmetry.qaf.automation.core.QAFTestBase$DriverInitExpectedCondition.apply(QAFTestBase.java:568) ~[qaf-3.0.0.jar:?]
	at com.qmetry.qaf.automation.core.QAFTestBase$DriverInitExpectedCondition.apply(QAFTestBase.java:1) ~[qaf-3.0.0.jar:?]
	at com.qmetry.qaf.automation.ui.util.DynamicWait.until(DynamicWait.java:147) ~[qaf-3.0.0.jar:?]
	... 38 more
14:01:07 Completed Teststep: Given I open browser to webpage "https://www.wikipedia.org/" with arguments: [https://www.wikipedia.org/]
14:01:07 Completed Teststep: Given I open browser to webpage "https://www.wikipedia.org/" with arguments: [https://www.wikipedia.org/]
14:01:07 Competed scenario: open Wikipedia with status FAILURE
14:01:07 Competed scenario: open Wikipedia with status FAILURE
14:01:07 Unable to create testng-failed-qas.xml
14:10:03 ISFW build info: {qaf-Type=core, qaf-Revision=0, qaf-Build-Time=26-Jul-2020 22:16:34, qaf-Version=3.0}
14:10:03 Resource dir: /Users/shaikhalid/Documents/BrowserStack/Customer Usecase Repos/QuantumFramework/Quantum-Starter-Kit/src/main/resources/common. Found property files to load: 1
14:10:03 Resource dir: /Users/shaikhalid/Documents/BrowserStack/Customer Usecase Repos/QuantumFramework/Quantum-Starter-Kit/src/main/resources/common. Found property files to load: 1
14:10:03 scenario.file.loc[Ljava.lang.String;@2453f95d
14:10:03 loading feature file: /Users/shaikhalid/Documents/BrowserStack/Customer Usecase Repos/QuantumFramework/Quantum-Starter-Kit/src/main/resources/scenarios/webSearch.feature
14:10:03 loading feature file: /Users/shaikhalid/Documents/BrowserStack/Customer Usecase Repos/QuantumFramework/Quantum-Starter-Kit/src/main/resources/scenarios/appium.feature
14:10:03 loading feature file: /Users/shaikhalid/Documents/BrowserStack/Customer Usecase Repos/QuantumFramework/Quantum-Starter-Kit/src/main/resources/scenarios/03createTest.feature
14:10:03 loading feature file: /Users/shaikhalid/Documents/BrowserStack/Customer Usecase Repos/QuantumFramework/Quantum-Starter-Kit/src/main/resources/scenarios/01firstRun.feature
14:10:03 loading feature file: /Users/shaikhalid/Documents/BrowserStack/Customer Usecase Repos/QuantumFramework/Quantum-Starter-Kit/src/main/resources/scenarios/02sampleTestCase.feature
14:10:03 total test found: 1
14:10:03 scenario.file.loc[Ljava.lang.String;@1ac85b0c
14:10:03 loading feature file: /Users/shaikhalid/Documents/BrowserStack/Customer Usecase Repos/QuantumFramework/Quantum-Starter-Kit/src/main/resources/scenarios/webSearch.feature
14:10:03 loading feature file: /Users/shaikhalid/Documents/BrowserStack/Customer Usecase Repos/QuantumFramework/Quantum-Starter-Kit/src/main/resources/scenarios/appium.feature
14:10:03 loading feature file: /Users/shaikhalid/Documents/BrowserStack/Customer Usecase Repos/QuantumFramework/Quantum-Starter-Kit/src/main/resources/scenarios/03createTest.feature
14:10:03 loading feature file: /Users/shaikhalid/Documents/BrowserStack/Customer Usecase Repos/QuantumFramework/Quantum-Starter-Kit/src/main/resources/scenarios/01firstRun.feature
14:10:03 loading feature file: /Users/shaikhalid/Documents/BrowserStack/Customer Usecase Repos/QuantumFramework/Quantum-Starter-Kit/src/main/resources/scenarios/02sampleTestCase.feature
14:10:03 total test found: 1
14:10:03 

Executing scenario: open Wikipedia - 
14:10:03 

Executing scenario: open Wikipedia - 
14:10:03 pkg: com.qmetry.qaf.automation.step
14:10:03 pkg: com.qmetry.qaf.automation.step
14:10:03 pkg: com.quantum.steps
14:10:03 pkg: com.quantum.steps
14:10:03 Invoking Teststep: Given I open browser to webpage "https://www.wikipedia.org/" with arguments: [https://www.wikipedia.org/]
14:10:03 Invoking Teststep: Given I open browser to webpage "https://www.wikipedia.org/" with arguments: [https://www.wikipedia.org/]
14:10:03 Initializing Driver...browser_str:perfectoRemoteDriver,base_url:,sel_server:,port:80
14:10:03 Initializing Driver...browser_str:perfectoRemoteDriver,base_url:,sel_server:,port:80
14:10:03 Driver: perfectoRemoteDriver
14:10:03 Driver: perfectoRemoteDriver
14:10:04 Direct Driver Connect
14:10:04 Direct Driver Connect
14:10:04 Failure Teststep: Given I open browser to webpage "https://www.wikipedia.org/" with arguments: [https://www.wikipedia.org/]
org.openqa.selenium.TimeoutException: Timed out after 0 seconds: Unable to create driver instance in 1st attempt with retry timeout of 60 seconds. You can check/set value of 'driver.init.retry.timeout' appropriately to set retry timeout on driver initialization failure.
	at com.qmetry.qaf.automation.ui.util.DynamicWait.until(DynamicWait.java:168) ~[qaf-3.0.0.jar:?]
	at com.qmetry.qaf.automation.core.QAFTestBase.init(QAFTestBase.java:478) ~[qaf-3.0.0.jar:?]
	at com.qmetry.qaf.automation.core.QAFTestBase.getUiDriver(QAFTestBase.java:253) ~[qaf-3.0.0.jar:?]
	at com.qmetry.qaf.automation.ui.WebDriverTestBase.getDriver(WebDriverTestBase.java:44) ~[qaf-3.0.0.jar:?]
	at com.qmetry.qaf.automation.step.CommonStep.get_aroundBody24(CommonStep.java:296) ~[qaf-support-3.0.0.jar:?]
	at com.qmetry.qaf.automation.step.CommonStep$AjcClosure25.run(CommonStep.java:1) ~[qaf-support-3.0.0.jar:?]
	at org.aspectj.runtime.reflect.JoinPointImpl.proceed(JoinPointImpl.java:167) ~[aspectjweaver-1.9.4.jar:?]
	at com.qmetry.qaf.automation.step.JavaStepReporter.javaTestStep(JavaStepReporter.java:93) ~[qaf-3.0.0.jar:?]
	at com.qmetry.qaf.automation.step.CommonStep.get(CommonStep.java:295) ~[qaf-support-3.0.0.jar:?]
	at com.quantum.steps.PerfectoApplicationSteps.navigateToURL(PerfectoApplicationSteps.java:576) ~[quantum-support-1.23.0.jar:?]
	at jdk.internal.reflect.NativeMethodAccessorImpl.invoke0(Native Method) ~[?:?]
	at jdk.internal.reflect.NativeMethodAccessorImpl.invoke(NativeMethodAccessorImpl.java:62) ~[?:?]
	at jdk.internal.reflect.DelegatingMethodAccessorImpl.invoke(DelegatingMethodAccessorImpl.java:43) ~[?:?]
	at java.lang.reflect.Method.invoke(Method.java:566) ~[?:?]
	at com.qmetry.qaf.automation.step.JavaStep.doExecute(JavaStep.java:150) ~[qaf-3.0.0.jar:?]
	at com.qmetry.qaf.automation.step.BaseTestStep.execute(BaseTestStep.java:149) [qaf-3.0.0.jar:?]
	at com.qmetry.qaf.automation.step.StringTestStep.execute(StringTestStep.java:127) [qaf-3.0.0.jar:?]
	at com.qmetry.qaf.automation.step.client.Scenario.execute(Scenario.java:174) [qaf-3.0.0.jar:?]
	at com.qmetry.qaf.automation.step.client.Scenario.scenario(Scenario.java:237) [qaf-3.0.0.jar:?]
	at jdk.internal.reflect.NativeMethodAccessorImpl.invoke0(Native Method) ~[?:?]
	at jdk.internal.reflect.NativeMethodAccessorImpl.invoke(NativeMethodAccessorImpl.java:62) ~[?:?]
	at jdk.internal.reflect.DelegatingMethodAccessorImpl.invoke(DelegatingMethodAccessorImpl.java:43) ~[?:?]
	at java.lang.reflect.Method.invoke(Method.java:566) ~[?:?]
	at org.testng.internal.MethodInvocationHelper.invokeMethod(MethodInvocationHelper.java:104) [testng-6.10.jar:?]
	at org.testng.internal.Invoker.invokeMethod(Invoker.java:645) [testng-6.10.jar:?]
	at org.testng.internal.Invoker.invokeTestMethod(Invoker.java:851) [testng-6.10.jar:?]
	at org.testng.internal.Invoker.invokeTestMethods(Invoker.java:1177) [testng-6.10.jar:?]
	at org.testng.internal.TestMethodWorker.invokeTestMethods(TestMethodWorker.java:129) [testng-6.10.jar:?]
	at org.testng.internal.TestMethodWorker.run(TestMethodWorker.java:112) [testng-6.10.jar:?]
	at org.testng.TestRunner.privateRun(TestRunner.java:778) [qaf-3.0.0.jar:?]
	at org.testng.TestRunner.run(TestRunner.java:632) [qaf-3.0.0.jar:?]
	at org.testng.SuiteRunner.runTest(SuiteRunner.java:387) [testng-6.10.jar:?]
	at org.testng.SuiteRunner.access$000(SuiteRunner.java:39) [testng-6.10.jar:?]
	at org.testng.SuiteRunner$SuiteWorker.run(SuiteRunner.java:421) [testng-6.10.jar:?]
	at org.testng.internal.thread.ThreadUtil$2.call(ThreadUtil.java:64) [testng-6.10.jar:?]
	at java.util.concurrent.FutureTask.run(FutureTask.java:264) [?:?]
	at java.util.concurrent.ThreadPoolExecutor.runWorker(ThreadPoolExecutor.java:1128) [?:?]
	at java.util.concurrent.ThreadPoolExecutor$Worker.run(ThreadPoolExecutor.java:628) [?:?]
	at java.lang.Thread.run(Thread.java:829) [?:?]
Caused by: org.openqa.selenium.WebDriverException: Unable to create driver instance in 1st attempt with retry timeout of 60 seconds. You can check/set value of 'driver.init.retry.timeout' appropriately to set retry timeout on driver initialization failure.
Build info: version: '3.141.59', revision: 'e82be7d358', time: '2018-11-14T08:17:03'
System info: host: 'Khalids-MacBook-Pro.local', ip: 'fe80:0:0:0:22:b78f:9ba5:a56d%en0', os.name: 'Mac OS X', os.arch: 'x86_64', os.version: '11.3', java.version: '11.0.12'
Driver info: driver.version: unknown
	at com.qmetry.qaf.automation.core.QAFTestBase$DriverInitExpectedCondition.apply(QAFTestBase.java:572) ~[qaf-3.0.0.jar:?]
	at com.qmetry.qaf.automation.core.QAFTestBase$DriverInitExpectedCondition.apply(QAFTestBase.java:1) ~[qaf-3.0.0.jar:?]
	at com.qmetry.qaf.automation.ui.util.DynamicWait.until(DynamicWait.java:147) ~[qaf-3.0.0.jar:?]
	... 38 more
Caused by: java.lang.ClassNotFoundException: com.thoughtworks.selenium.CommandProcessor
	at jdk.internal.loader.BuiltinClassLoader.loadClass(BuiltinClassLoader.java:581) ~[?:?]
	at jdk.internal.loader.ClassLoaders$AppClassLoader.loadClass(ClassLoaders.java:178) ~[?:?]
	at java.lang.ClassLoader.loadClass(ClassLoader.java:522) ~[?:?]
	at com.qmetry.qaf.automation.ui.UiDriverFactory.get(UiDriverFactory.java:96) ~[quantum-support-1.23.0.jar:?]
	at com.qmetry.qaf.automation.core.QAFTestBase$DriverInitExpectedCondition.apply(QAFTestBase.java:568) ~[qaf-3.0.0.jar:?]
	at com.qmetry.qaf.automation.core.QAFTestBase$DriverInitExpectedCondition.apply(QAFTestBase.java:1) ~[qaf-3.0.0.jar:?]
	at com.qmetry.qaf.automation.ui.util.DynamicWait.until(DynamicWait.java:147) ~[qaf-3.0.0.jar:?]
	... 38 more
14:10:04 Failure Teststep: Given I open browser to webpage "https://www.wikipedia.org/" with arguments: [https://www.wikipedia.org/]
org.openqa.selenium.TimeoutException: Timed out after 0 seconds: Unable to create driver instance in 1st attempt with retry timeout of 60 seconds. You can check/set value of 'driver.init.retry.timeout' appropriately to set retry timeout on driver initialization failure.
	at com.qmetry.qaf.automation.ui.util.DynamicWait.until(DynamicWait.java:168) ~[qaf-3.0.0.jar:?]
	at com.qmetry.qaf.automation.core.QAFTestBase.init(QAFTestBase.java:478) ~[qaf-3.0.0.jar:?]
	at com.qmetry.qaf.automation.core.QAFTestBase.getUiDriver(QAFTestBase.java:253) ~[qaf-3.0.0.jar:?]
	at com.qmetry.qaf.automation.ui.WebDriverTestBase.getDriver(WebDriverTestBase.java:44) ~[qaf-3.0.0.jar:?]
	at com.qmetry.qaf.automation.step.CommonStep.get_aroundBody24(CommonStep.java:296) ~[qaf-support-3.0.0.jar:?]
	at com.qmetry.qaf.automation.step.CommonStep$AjcClosure25.run(CommonStep.java:1) ~[qaf-support-3.0.0.jar:?]
	at org.aspectj.runtime.reflect.JoinPointImpl.proceed(JoinPointImpl.java:167) ~[aspectjweaver-1.9.4.jar:?]
	at com.qmetry.qaf.automation.step.JavaStepReporter.javaTestStep(JavaStepReporter.java:93) ~[qaf-3.0.0.jar:?]
	at com.qmetry.qaf.automation.step.CommonStep.get(CommonStep.java:295) ~[qaf-support-3.0.0.jar:?]
	at com.quantum.steps.PerfectoApplicationSteps.navigateToURL(PerfectoApplicationSteps.java:576) ~[quantum-support-1.23.0.jar:?]
	at jdk.internal.reflect.NativeMethodAccessorImpl.invoke0(Native Method) ~[?:?]
	at jdk.internal.reflect.NativeMethodAccessorImpl.invoke(NativeMethodAccessorImpl.java:62) ~[?:?]
	at jdk.internal.reflect.DelegatingMethodAccessorImpl.invoke(DelegatingMethodAccessorImpl.java:43) ~[?:?]
	at java.lang.reflect.Method.invoke(Method.java:566) ~[?:?]
	at com.qmetry.qaf.automation.step.JavaStep.doExecute(JavaStep.java:150) ~[qaf-3.0.0.jar:?]
	at com.qmetry.qaf.automation.step.BaseTestStep.execute(BaseTestStep.java:149) [qaf-3.0.0.jar:?]
	at com.qmetry.qaf.automation.step.StringTestStep.execute(StringTestStep.java:127) [qaf-3.0.0.jar:?]
	at com.qmetry.qaf.automation.step.client.Scenario.execute(Scenario.java:174) [qaf-3.0.0.jar:?]
	at com.qmetry.qaf.automation.step.client.Scenario.scenario(Scenario.java:237) [qaf-3.0.0.jar:?]
	at jdk.internal.reflect.NativeMethodAccessorImpl.invoke0(Native Method) ~[?:?]
	at jdk.internal.reflect.NativeMethodAccessorImpl.invoke(NativeMethodAccessorImpl.java:62) ~[?:?]
	at jdk.internal.reflect.DelegatingMethodAccessorImpl.invoke(DelegatingMethodAccessorImpl.java:43) ~[?:?]
	at java.lang.reflect.Method.invoke(Method.java:566) ~[?:?]
	at org.testng.internal.MethodInvocationHelper.invokeMethod(MethodInvocationHelper.java:104) [testng-6.10.jar:?]
	at org.testng.internal.Invoker.invokeMethod(Invoker.java:645) [testng-6.10.jar:?]
	at org.testng.internal.Invoker.invokeTestMethod(Invoker.java:851) [testng-6.10.jar:?]
	at org.testng.internal.Invoker.invokeTestMethods(Invoker.java:1177) [testng-6.10.jar:?]
	at org.testng.internal.TestMethodWorker.invokeTestMethods(TestMethodWorker.java:129) [testng-6.10.jar:?]
	at org.testng.internal.TestMethodWorker.run(TestMethodWorker.java:112) [testng-6.10.jar:?]
	at org.testng.TestRunner.privateRun(TestRunner.java:778) [qaf-3.0.0.jar:?]
	at org.testng.TestRunner.run(TestRunner.java:632) [qaf-3.0.0.jar:?]
	at org.testng.SuiteRunner.runTest(SuiteRunner.java:387) [testng-6.10.jar:?]
	at org.testng.SuiteRunner.access$000(SuiteRunner.java:39) [testng-6.10.jar:?]
	at org.testng.SuiteRunner$SuiteWorker.run(SuiteRunner.java:421) [testng-6.10.jar:?]
	at org.testng.internal.thread.ThreadUtil$2.call(ThreadUtil.java:64) [testng-6.10.jar:?]
	at java.util.concurrent.FutureTask.run(FutureTask.java:264) [?:?]
	at java.util.concurrent.ThreadPoolExecutor.runWorker(ThreadPoolExecutor.java:1128) [?:?]
	at java.util.concurrent.ThreadPoolExecutor$Worker.run(ThreadPoolExecutor.java:628) [?:?]
	at java.lang.Thread.run(Thread.java:829) [?:?]
Caused by: org.openqa.selenium.WebDriverException: Unable to create driver instance in 1st attempt with retry timeout of 60 seconds. You can check/set value of 'driver.init.retry.timeout' appropriately to set retry timeout on driver initialization failure.
Build info: version: '3.141.59', revision: 'e82be7d358', time: '2018-11-14T08:17:03'
System info: host: 'Khalids-MacBook-Pro.local', ip: 'fe80:0:0:0:22:b78f:9ba5:a56d%en0', os.name: 'Mac OS X', os.arch: 'x86_64', os.version: '11.3', java.version: '11.0.12'
Driver info: driver.version: unknown
	at com.qmetry.qaf.automation.core.QAFTestBase$DriverInitExpectedCondition.apply(QAFTestBase.java:572) ~[qaf-3.0.0.jar:?]
	at com.qmetry.qaf.automation.core.QAFTestBase$DriverInitExpectedCondition.apply(QAFTestBase.java:1) ~[qaf-3.0.0.jar:?]
	at com.qmetry.qaf.automation.ui.util.DynamicWait.until(DynamicWait.java:147) ~[qaf-3.0.0.jar:?]
	... 38 more
Caused by: java.lang.ClassNotFoundException: com.thoughtworks.selenium.CommandProcessor
	at jdk.internal.loader.BuiltinClassLoader.loadClass(BuiltinClassLoader.java:581) ~[?:?]
	at jdk.internal.loader.ClassLoaders$AppClassLoader.loadClass(ClassLoaders.java:178) ~[?:?]
	at java.lang.ClassLoader.loadClass(ClassLoader.java:522) ~[?:?]
	at com.qmetry.qaf.automation.ui.UiDriverFactory.get(UiDriverFactory.java:96) ~[quantum-support-1.23.0.jar:?]
	at com.qmetry.qaf.automation.core.QAFTestBase$DriverInitExpectedCondition.apply(QAFTestBase.java:568) ~[qaf-3.0.0.jar:?]
	at com.qmetry.qaf.automation.core.QAFTestBase$DriverInitExpectedCondition.apply(QAFTestBase.java:1) ~[qaf-3.0.0.jar:?]
	at com.qmetry.qaf.automation.ui.util.DynamicWait.until(DynamicWait.java:147) ~[qaf-3.0.0.jar:?]
	... 38 more
14:10:04 Completed Teststep: Given I open browser to webpage "https://www.wikipedia.org/" with arguments: [https://www.wikipedia.org/]
14:10:04 Completed Teststep: Given I open browser to webpage "https://www.wikipedia.org/" with arguments: [https://www.wikipedia.org/]
14:10:04 Competed scenario: open Wikipedia with status FAILURE
14:10:04 Competed scenario: open Wikipedia with status FAILURE
14:10:04 Unable to create testng-failed-qas.xml
14:24:13 ISFW build info: {qaf-Type=core, qaf-Revision=0, qaf-Build-Time=26-Jul-2020 22:16:34, qaf-Version=3.0}
14:24:13 Resource dir: /Users/shaikhalid/Documents/BrowserStack/Customer Usecase Repos/QuantumFramework/Quantum-Starter-Kit/src/main/resources/common. Found property files to load: 1
14:24:13 Resource dir: /Users/shaikhalid/Documents/BrowserStack/Customer Usecase Repos/QuantumFramework/Quantum-Starter-Kit/src/main/resources/common. Found property files to load: 1
14:24:13 scenario.file.loc[Ljava.lang.String;@6e1d8f9e
14:24:13 loading feature file: /Users/shaikhalid/Documents/BrowserStack/Customer Usecase Repos/QuantumFramework/Quantum-Starter-Kit/src/main/resources/scenarios/webSearch.feature
14:24:13 loading feature file: /Users/shaikhalid/Documents/BrowserStack/Customer Usecase Repos/QuantumFramework/Quantum-Starter-Kit/src/main/resources/scenarios/appium.feature
14:24:13 loading feature file: /Users/shaikhalid/Documents/BrowserStack/Customer Usecase Repos/QuantumFramework/Quantum-Starter-Kit/src/main/resources/scenarios/03createTest.feature
14:24:13 loading feature file: /Users/shaikhalid/Documents/BrowserStack/Customer Usecase Repos/QuantumFramework/Quantum-Starter-Kit/src/main/resources/scenarios/01firstRun.feature
14:24:13 loading feature file: /Users/shaikhalid/Documents/BrowserStack/Customer Usecase Repos/QuantumFramework/Quantum-Starter-Kit/src/main/resources/scenarios/02sampleTestCase.feature
14:24:13 total test found: 1
14:24:13 scenario.file.loc[Ljava.lang.String;@59a67c3a
14:24:13 loading feature file: /Users/shaikhalid/Documents/BrowserStack/Customer Usecase Repos/QuantumFramework/Quantum-Starter-Kit/src/main/resources/scenarios/webSearch.feature
14:24:13 loading feature file: /Users/shaikhalid/Documents/BrowserStack/Customer Usecase Repos/QuantumFramework/Quantum-Starter-Kit/src/main/resources/scenarios/appium.feature
14:24:13 loading feature file: /Users/shaikhalid/Documents/BrowserStack/Customer Usecase Repos/QuantumFramework/Quantum-Starter-Kit/src/main/resources/scenarios/03createTest.feature
14:24:13 loading feature file: /Users/shaikhalid/Documents/BrowserStack/Customer Usecase Repos/QuantumFramework/Quantum-Starter-Kit/src/main/resources/scenarios/01firstRun.feature
14:24:13 loading feature file: /Users/shaikhalid/Documents/BrowserStack/Customer Usecase Repos/QuantumFramework/Quantum-Starter-Kit/src/main/resources/scenarios/02sampleTestCase.feature
14:24:13 total test found: 1
14:24:13 

Executing scenario: open Wikipedia - 
14:24:13 

Executing scenario: open Wikipedia - 
14:24:13 pkg: com.qmetry.qaf.automation.step
14:24:13 pkg: com.qmetry.qaf.automation.step
14:24:13 pkg: com.quantum.steps
14:24:13 pkg: com.quantum.steps
14:24:13 Invoking Teststep: Given I open browser to webpage "https://www.wikipedia.org/" with arguments: [https://www.wikipedia.org/]
14:24:13 Invoking Teststep: Given I open browser to webpage "https://www.wikipedia.org/" with arguments: [https://www.wikipedia.org/]
14:24:14 Initializing Driver...browser_str:perfectoRemoteDriver,base_url:,sel_server:https://khalidshaikh_Cc8Pao:hxV3ZVmYkXGJXRbiyrvW@hub-cloud.browserstack.com/wd/hub,port:80
14:24:14 Initializing Driver...browser_str:perfectoRemoteDriver,base_url:,sel_server:https://khalidshaikh_Cc8Pao:hxV3ZVmYkXGJXRbiyrvW@hub-cloud.browserstack.com/wd/hub,port:80
14:24:14 Driver: perfectoRemoteDriver
14:24:14 Driver: perfectoRemoteDriver
14:24:14 Direct Driver Connect
14:24:14 Direct Driver Connect
14:24:22 Executing setTimeout parameters: {"implicit":0}
14:24:22 command: setTimeout[ param-1: {implicit=0}] Result: null
14:24:22 driver init done
14:24:22 Executing get parameters: {"url":"https://www.wikipedia.org/"}
14:24:24 Executing setTimeout parameters: {"implicit":0}
14:24:24 command: setTimeout[ param-1: {implicit=0}] Result: null
14:24:24 driver init done
14:24:24 Executing get parameters: {"url":"https://www.wikipedia.org/"}
14:24:24 command: get[ param-1: {url=https://www.wikipedia.org/}] Result: null
14:24:24 Completed Teststep: Given I open browser to webpage "https://www.wikipedia.org/" with arguments: [https://www.wikipedia.org/]
14:24:24 Invoking Teststep: Then I must see text "The Free Encyclopedia" with arguments: [The Free Encyclopedia]
14:24:24 Executing executeScript parameters: {"args":[{"threshold":"100","content":"The Free Encyclopedia","timeout":60}],"script":"mobile:checkpoint:text"}
14:24:24 command: executeScript[ param-1: {args=[{threshold=100, content=The Free Encyclopedia, timeout=60}], script=mobile:checkpoint:text}] Result: javascript error: text is not defined
  (Session info: chrome=99.0.4844.51)
Build info: version: '3.141.59', revision: 'e82be7d358', time: '2018-11-14T08:17:03'
System info: host: 'Khalids-MacBook-Pro.local', ip: 'fe80:0:0:0:22:b78f:9ba5:a56d%en0', os.name: 'Mac OS X', os.arch: 'x86_64', os.version: '11.3', java.version: '11.0.12'
Driver info: com.qmetry.qaf.automation.ui.webdriver.QAFExtendedWebDriver
Capabilities {acceptInsecureCerts: false, browserName: chrome, browserVersion: 99.0.4844.51, chrome: {chromedriverVersion: 99.0.4844.35 (f60a827ddb87f..., userDataDir: C:\Windows\proxy\scoped_dir...}, goog:chromeOptions: {debuggerAddress: localhost:3557}, javascriptEnabled: true, networkConnectionEnabled: false, pageLoadStrategy: normal, platform: WINDOWS, platformName: WINDOWS, proxy: Proxy(), setWindowRect: true, strictFileInteractability: false, timeouts: {implicit: 0, pageLoad: 300000, script: 30000}, unhandledPromptBehavior: dismiss and notify, webauthn:extension:credBlob: true, webauthn:extension:largeBlob: true, webauthn:virtualAuthenticators: true, webdriver.remote.sessionid: d72125e20a599c1ab5d2c6c53ad...}
Session ID: d72125e20a599c1ab5d2c6c53ad3db894936a9c9
14:24:24 Failure Teststep: Then I must see text "The Free Encyclopedia" with arguments: [The Free Encyclopedia]
org.openqa.selenium.JavascriptException: javascript error: text is not defined
  (Session info: chrome=99.0.4844.51)
Build info: version: '3.141.59', revision: 'e82be7d358', time: '2018-11-14T08:17:03'
System info: host: 'Khalids-MacBook-Pro.local', ip: 'fe80:0:0:0:22:b78f:9ba5:a56d%en0', os.name: 'Mac OS X', os.arch: 'x86_64', os.version: '11.3', java.version: '11.0.12'
Driver info: com.qmetry.qaf.automation.ui.webdriver.QAFExtendedWebDriver
Capabilities {acceptInsecureCerts: false, browserName: chrome, browserVersion: 99.0.4844.51, chrome: {chromedriverVersion: 99.0.4844.35 (f60a827ddb87f..., userDataDir: C:\Windows\proxy\scoped_dir...}, goog:chromeOptions: {debuggerAddress: localhost:3557}, javascriptEnabled: true, networkConnectionEnabled: false, pageLoadStrategy: normal, platform: WINDOWS, platformName: WINDOWS, proxy: Proxy(), setWindowRect: true, strictFileInteractability: false, timeouts: {implicit: 0, pageLoad: 300000, script: 30000}, unhandledPromptBehavior: dismiss and notify, webauthn:extension:credBlob: true, webauthn:extension:largeBlob: true, webauthn:virtualAuthenticators: true, webdriver.remote.sessionid: d72125e20a599c1ab5d2c6c53ad...}
Session ID: d72125e20a599c1ab5d2c6c53ad3db894936a9c9
	at jdk.internal.reflect.NativeConstructorAccessorImpl.newInstance0(Native Method) ~[?:?]
	at jdk.internal.reflect.NativeConstructorAccessorImpl.newInstance(NativeConstructorAccessorImpl.java:62) ~[?:?]
	at jdk.internal.reflect.DelegatingConstructorAccessorImpl.newInstance(DelegatingConstructorAccessorImpl.java:45) ~[?:?]
	at java.lang.reflect.Constructor.newInstance(Constructor.java:490) ~[?:?]
	at org.openqa.selenium.remote.http.W3CHttpResponseCodec.createException(W3CHttpResponseCodec.java:187) ~[selenium-remote-driver-3.141.59.jar:?]
	at org.openqa.selenium.remote.http.W3CHttpResponseCodec.decode(W3CHttpResponseCodec.java:122) ~[selenium-remote-driver-3.141.59.jar:?]
	at org.openqa.selenium.remote.http.W3CHttpResponseCodec.decode(W3CHttpResponseCodec.java:49) ~[selenium-remote-driver-3.141.59.jar:?]
	at org.openqa.selenium.remote.HttpCommandExecutor.execute(HttpCommandExecutor.java:158) ~[selenium-remote-driver-3.141.59.jar:?]
	at org.openqa.selenium.remote.RemoteWebDriver.execute(RemoteWebDriver.java:552) ~[selenium-remote-driver-3.141.59.jar:?]
	at com.qmetry.qaf.automation.ui.webdriver.QAFExtendedWebDriver.execute(QAFExtendedWebDriver.java:233) ~[quantum-support-1.23.0.jar:?]
	at com.qmetry.qaf.automation.ui.webdriver.QAFExtendedWebDriver.executeScript(QAFExtendedWebDriver.java:571) ~[quantum-support-1.23.0.jar:?]
	at com.quantum.utils.DeviceUtils.isText(DeviceUtils.java:268) ~[quantum-support-1.23.0.jar:?]
	at com.quantum.utils.DeviceUtils.assertVisualText(DeviceUtils.java:47) ~[quantum-support-1.23.0.jar:?]
	at com.quantum.steps.PerfectoApplicationSteps.asserVisualText(PerfectoApplicationSteps.java:436) ~[quantum-support-1.23.0.jar:?]
	at jdk.internal.reflect.NativeMethodAccessorImpl.invoke0(Native Method) ~[?:?]
	at jdk.internal.reflect.NativeMethodAccessorImpl.invoke(NativeMethodAccessorImpl.java:62) ~[?:?]
	at jdk.internal.reflect.DelegatingMethodAccessorImpl.invoke(DelegatingMethodAccessorImpl.java:43) ~[?:?]
	at java.lang.reflect.Method.invoke(Method.java:566) ~[?:?]
	at com.qmetry.qaf.automation.step.JavaStep.doExecute(JavaStep.java:150) ~[qaf-3.0.0.jar:?]
	at com.qmetry.qaf.automation.step.BaseTestStep.execute(BaseTestStep.java:149) [qaf-3.0.0.jar:?]
	at com.qmetry.qaf.automation.step.StringTestStep.execute(StringTestStep.java:127) [qaf-3.0.0.jar:?]
	at com.qmetry.qaf.automation.step.client.Scenario.execute(Scenario.java:174) [qaf-3.0.0.jar:?]
	at com.qmetry.qaf.automation.step.client.Scenario.scenario(Scenario.java:237) [qaf-3.0.0.jar:?]
	at jdk.internal.reflect.NativeMethodAccessorImpl.invoke0(Native Method) ~[?:?]
	at jdk.internal.reflect.NativeMethodAccessorImpl.invoke(NativeMethodAccessorImpl.java:62) ~[?:?]
	at jdk.internal.reflect.DelegatingMethodAccessorImpl.invoke(DelegatingMethodAccessorImpl.java:43) ~[?:?]
	at java.lang.reflect.Method.invoke(Method.java:566) ~[?:?]
	at org.testng.internal.MethodInvocationHelper.invokeMethod(MethodInvocationHelper.java:104) [testng-6.10.jar:?]
	at org.testng.internal.Invoker.invokeMethod(Invoker.java:645) [testng-6.10.jar:?]
	at org.testng.internal.Invoker.invokeTestMethod(Invoker.java:851) [testng-6.10.jar:?]
	at org.testng.internal.Invoker.invokeTestMethods(Invoker.java:1177) [testng-6.10.jar:?]
	at org.testng.internal.TestMethodWorker.invokeTestMethods(TestMethodWorker.java:129) [testng-6.10.jar:?]
	at org.testng.internal.TestMethodWorker.run(TestMethodWorker.java:112) [testng-6.10.jar:?]
	at org.testng.TestRunner.privateRun(TestRunner.java:778) [qaf-3.0.0.jar:?]
	at org.testng.TestRunner.run(TestRunner.java:632) [qaf-3.0.0.jar:?]
	at org.testng.SuiteRunner.runTest(SuiteRunner.java:387) [testng-6.10.jar:?]
	at org.testng.SuiteRunner.access$000(SuiteRunner.java:39) [testng-6.10.jar:?]
	at org.testng.SuiteRunner$SuiteWorker.run(SuiteRunner.java:421) [testng-6.10.jar:?]
	at org.testng.internal.thread.ThreadUtil$2.call(ThreadUtil.java:64) [testng-6.10.jar:?]
	at java.util.concurrent.FutureTask.run(FutureTask.java:264) [?:?]
	at java.util.concurrent.ThreadPoolExecutor.runWorker(ThreadPoolExecutor.java:1128) [?:?]
	at java.util.concurrent.ThreadPoolExecutor$Worker.run(ThreadPoolExecutor.java:628) [?:?]
	at java.lang.Thread.run(Thread.java:829) [?:?]
14:24:24 Completed Teststep: Then I must see text "The Free Encyclopedia" with arguments: [The Free Encyclopedia]
14:24:24 Competed scenario: open Wikipedia with status FAILURE
14:24:24 Executing screenshot parameters: {}
14:24:25 Executing quit parameters: {}
14:24:26 command: get[ param-1: {url=https://www.wikipedia.org/}] Result: null
14:24:26 Completed Teststep: Given I open browser to webpage "https://www.wikipedia.org/" with arguments: [https://www.wikipedia.org/]
14:24:26 Invoking Teststep: Then I must see text "The Free Encyclopedia" with arguments: [The Free Encyclopedia]
14:24:26 Executing executeScript parameters: {"args":[{"threshold":"100","content":"The Free Encyclopedia","timeout":60}],"script":"mobile:checkpoint:text"}
14:24:26 command: executeScript[ param-1: {args=[{threshold=100, content=The Free Encyclopedia, timeout=60}], script=mobile:checkpoint:text}] Result: Unknown mobile command 'checkpoint:text'. Only tap, scroll, selectPickerWheelValue, swipe, pinch, doubleTap, twoFingerTap, tapWithNumberOfTaps, touchAndHold, dragFromToForDuration, rotateElement, alert, setPasteboard, getPasteboard, source, getContexts, installApp, isAppInstalled, removeApp, launchApp, terminateApp, queryAppState, activateApp, viewportScreenshot, startPerfRecord, stopPerfRecord, installCertificate, startLogsBroadcast, stopLogsBroadcast, batteryInfo, deviceInfo, getDeviceTime, activeAppInfo, pressButton, enrollBiometric, sendBiometricMatch, isBiometricEnrolled, clearKeychains, getPermission, setPermission, getAppearance, setAppearance, siriCommand, deleteFile, deleteFolder commands are supported. (WARNING: The server did not provide any stacktrace information)
Command duration or timeout: 0 milliseconds
Build info: version: '3.141.59', revision: 'e82be7d358', time: '2018-11-14T08:17:03'
System info: host: 'Khalids-MacBook-Pro.local', ip: 'fe80:0:0:0:22:b78f:9ba5:a56d%en0', os.name: 'Mac OS X', os.arch: 'x86_64', os.version: '11.3', java.version: '11.0.12'
Driver info: com.qmetry.qaf.automation.ui.webdriver.QAFExtendedWebDriver
Capabilities {64bit: false, acceptSslCert: false, acceptSslCerts: false, automationName: XCUITest, bootstrapPath: /usr/local/.browserstack/co..., browser: iphone, browserName: safari, browserstack.appium_version: 1.17.0, browserstack.isTargetBased: true, browserstack.is_hub_canary: false, cssSelectorsEnabled: true, databaseEnabled: false, detected_language: selenium/3.141.59 (java mac), device: iphone, deviceName: iPhone 12, deviceOrientation: PORTRAIT, javascriptEnabled: true, locationContextEnabled: false, mobile: {browser: mobile, version: iPhone 12-14.4}, networkConnectionEnabled: false, newCommandTimeout: 0, new_bucketing: true, noReset: true, orientation: PORTRAIT, orig_os: ios, osVersion: 14, os_version: 14.0, platform: MAC, platformName: MAC, realMobile: true, safariIgnoreFraudWarning: true, safariInitialUrl: http://mobile-internet-chec..., securityToken: <<CQ_LAB_SECURITY_TOKEN>>, takesScreenshot: true, udid: 00008101-001E5D2C1A12001E, useXctestrunFile: true, user: <<CQ_LAB_USER>>, version: , wda_port: 8405, webStorageEnabled: false, webkitResponseTimeout: 20000}
Session ID: 59c0d6cec3f4a1146bb1f3ff8492f0405e9f291e
14:24:26 Failure Teststep: Then I must see text "The Free Encyclopedia" with arguments: [The Free Encyclopedia]
org.openqa.selenium.UnsupportedCommandException: Unknown mobile command 'checkpoint:text'. Only tap, scroll, selectPickerWheelValue, swipe, pinch, doubleTap, twoFingerTap, tapWithNumberOfTaps, touchAndHold, dragFromToForDuration, rotateElement, alert, setPasteboard, getPasteboard, source, getContexts, installApp, isAppInstalled, removeApp, launchApp, terminateApp, queryAppState, activateApp, viewportScreenshot, startPerfRecord, stopPerfRecord, installCertificate, startLogsBroadcast, stopLogsBroadcast, batteryInfo, deviceInfo, getDeviceTime, activeAppInfo, pressButton, enrollBiometric, sendBiometricMatch, isBiometricEnrolled, clearKeychains, getPermission, setPermission, getAppearance, setAppearance, siriCommand, deleteFile, deleteFolder commands are supported. (WARNING: The server did not provide any stacktrace information)
Command duration or timeout: 0 milliseconds
Build info: version: '3.141.59', revision: 'e82be7d358', time: '2018-11-14T08:17:03'
System info: host: 'Khalids-MacBook-Pro.local', ip: 'fe80:0:0:0:22:b78f:9ba5:a56d%en0', os.name: 'Mac OS X', os.arch: 'x86_64', os.version: '11.3', java.version: '11.0.12'
Driver info: com.qmetry.qaf.automation.ui.webdriver.QAFExtendedWebDriver
Capabilities {64bit: false, acceptSslCert: false, acceptSslCerts: false, automationName: XCUITest, bootstrapPath: /usr/local/.browserstack/co..., browser: iphone, browserName: safari, browserstack.appium_version: 1.17.0, browserstack.isTargetBased: true, browserstack.is_hub_canary: false, cssSelectorsEnabled: true, databaseEnabled: false, detected_language: selenium/3.141.59 (java mac), device: iphone, deviceName: iPhone 12, deviceOrientation: PORTRAIT, javascriptEnabled: true, locationContextEnabled: false, mobile: {browser: mobile, version: iPhone 12-14.4}, networkConnectionEnabled: false, newCommandTimeout: 0, new_bucketing: true, noReset: true, orientation: PORTRAIT, orig_os: ios, osVersion: 14, os_version: 14.0, platform: MAC, platformName: MAC, realMobile: true, safariIgnoreFraudWarning: true, safariInitialUrl: http://mobile-internet-chec..., securityToken: <<CQ_LAB_SECURITY_TOKEN>>, takesScreenshot: true, udid: 00008101-001E5D2C1A12001E, useXctestrunFile: true, user: <<CQ_LAB_USER>>, version: , wda_port: 8405, webStorageEnabled: false, webkitResponseTimeout: 20000}
Session ID: 59c0d6cec3f4a1146bb1f3ff8492f0405e9f291e
	at jdk.internal.reflect.NativeConstructorAccessorImpl.newInstance0(Native Method) ~[?:?]
	at jdk.internal.reflect.NativeConstructorAccessorImpl.newInstance(NativeConstructorAccessorImpl.java:62) ~[?:?]
	at jdk.internal.reflect.DelegatingConstructorAccessorImpl.newInstance(DelegatingConstructorAccessorImpl.java:45) ~[?:?]
	at java.lang.reflect.Constructor.newInstance(Constructor.java:490) ~[?:?]
	at org.openqa.selenium.remote.ErrorHandler.createThrowable(ErrorHandler.java:214) ~[selenium-remote-driver-3.141.59.jar:?]
	at org.openqa.selenium.remote.ErrorHandler.throwIfResponseFailed(ErrorHandler.java:166) ~[selenium-remote-driver-3.141.59.jar:?]
	at org.openqa.selenium.remote.http.JsonHttpResponseCodec.reconstructValue(JsonHttpResponseCodec.java:40) ~[selenium-remote-driver-3.141.59.jar:?]
	at org.openqa.selenium.remote.http.AbstractHttpResponseCodec.decode(AbstractHttpResponseCodec.java:80) ~[selenium-remote-driver-3.141.59.jar:?]
	at org.openqa.selenium.remote.http.AbstractHttpResponseCodec.decode(AbstractHttpResponseCodec.java:44) ~[selenium-remote-driver-3.141.59.jar:?]
	at org.openqa.selenium.remote.HttpCommandExecutor.execute(HttpCommandExecutor.java:158) ~[selenium-remote-driver-3.141.59.jar:?]
	at org.openqa.selenium.remote.RemoteWebDriver.execute(RemoteWebDriver.java:552) ~[selenium-remote-driver-3.141.59.jar:?]
	at com.qmetry.qaf.automation.ui.webdriver.QAFExtendedWebDriver.execute(QAFExtendedWebDriver.java:233) ~[quantum-support-1.23.0.jar:?]
	at com.qmetry.qaf.automation.ui.webdriver.QAFExtendedWebDriver.executeScript(QAFExtendedWebDriver.java:571) ~[quantum-support-1.23.0.jar:?]
	at com.quantum.utils.DeviceUtils.isText(DeviceUtils.java:268) ~[quantum-support-1.23.0.jar:?]
	at com.quantum.utils.DeviceUtils.assertVisualText(DeviceUtils.java:47) ~[quantum-support-1.23.0.jar:?]
	at com.quantum.steps.PerfectoApplicationSteps.asserVisualText(PerfectoApplicationSteps.java:436) ~[quantum-support-1.23.0.jar:?]
	at jdk.internal.reflect.NativeMethodAccessorImpl.invoke0(Native Method) ~[?:?]
	at jdk.internal.reflect.NativeMethodAccessorImpl.invoke(NativeMethodAccessorImpl.java:62) ~[?:?]
	at jdk.internal.reflect.DelegatingMethodAccessorImpl.invoke(DelegatingMethodAccessorImpl.java:43) ~[?:?]
	at java.lang.reflect.Method.invoke(Method.java:566) ~[?:?]
	at com.qmetry.qaf.automation.step.JavaStep.doExecute(JavaStep.java:150) ~[qaf-3.0.0.jar:?]
	at com.qmetry.qaf.automation.step.BaseTestStep.execute(BaseTestStep.java:149) [qaf-3.0.0.jar:?]
	at com.qmetry.qaf.automation.step.StringTestStep.execute(StringTestStep.java:127) [qaf-3.0.0.jar:?]
	at com.qmetry.qaf.automation.step.client.Scenario.execute(Scenario.java:174) [qaf-3.0.0.jar:?]
	at com.qmetry.qaf.automation.step.client.Scenario.scenario(Scenario.java:237) [qaf-3.0.0.jar:?]
	at jdk.internal.reflect.NativeMethodAccessorImpl.invoke0(Native Method) ~[?:?]
	at jdk.internal.reflect.NativeMethodAccessorImpl.invoke(NativeMethodAccessorImpl.java:62) ~[?:?]
	at jdk.internal.reflect.DelegatingMethodAccessorImpl.invoke(DelegatingMethodAccessorImpl.java:43) ~[?:?]
	at java.lang.reflect.Method.invoke(Method.java:566) ~[?:?]
	at org.testng.internal.MethodInvocationHelper.invokeMethod(MethodInvocationHelper.java:104) [testng-6.10.jar:?]
	at org.testng.internal.Invoker.invokeMethod(Invoker.java:645) [testng-6.10.jar:?]
	at org.testng.internal.Invoker.invokeTestMethod(Invoker.java:851) [testng-6.10.jar:?]
	at org.testng.internal.Invoker.invokeTestMethods(Invoker.java:1177) [testng-6.10.jar:?]
	at org.testng.internal.TestMethodWorker.invokeTestMethods(TestMethodWorker.java:129) [testng-6.10.jar:?]
	at org.testng.internal.TestMethodWorker.run(TestMethodWorker.java:112) [testng-6.10.jar:?]
	at org.testng.TestRunner.privateRun(TestRunner.java:778) [qaf-3.0.0.jar:?]
	at org.testng.TestRunner.run(TestRunner.java:632) [qaf-3.0.0.jar:?]
	at org.testng.SuiteRunner.runTest(SuiteRunner.java:387) [testng-6.10.jar:?]
	at org.testng.SuiteRunner.access$000(SuiteRunner.java:39) [testng-6.10.jar:?]
	at org.testng.SuiteRunner$SuiteWorker.run(SuiteRunner.java:421) [testng-6.10.jar:?]
	at org.testng.internal.thread.ThreadUtil$2.call(ThreadUtil.java:64) [testng-6.10.jar:?]
	at java.util.concurrent.FutureTask.run(FutureTask.java:264) [?:?]
	at java.util.concurrent.ThreadPoolExecutor.runWorker(ThreadPoolExecutor.java:1128) [?:?]
	at java.util.concurrent.ThreadPoolExecutor$Worker.run(ThreadPoolExecutor.java:628) [?:?]
	at java.lang.Thread.run(Thread.java:829) [?:?]
14:24:26 Completed Teststep: Then I must see text "The Free Encyclopedia" with arguments: [The Free Encyclopedia]
14:24:26 Competed scenario: open Wikipedia with status FAILURE
14:24:26 Executing screenshot parameters: {}
14:24:26 command: quit[ param-1: {}]
14:24:26 UI-driver tear down complete...
14:24:27 Executing quit parameters: {}
14:24:29 command: quit[ param-1: {}]
14:24:29 UI-driver tear down complete...
14:24:29 Unable to create testng-failed-qas.xml
14:25:03 ISFW build info: {qaf-Type=core, qaf-Revision=0, qaf-Build-Time=26-Jul-2020 22:16:34, qaf-Version=3.0}
14:25:03 Resource dir: /Users/shaikhalid/Documents/BrowserStack/Customer Usecase Repos/QuantumFramework/Quantum-Starter-Kit/src/main/resources/common. Found property files to load: 1
14:25:03 Resource dir: /Users/shaikhalid/Documents/BrowserStack/Customer Usecase Repos/QuantumFramework/Quantum-Starter-Kit/src/main/resources/common. Found property files to load: 1
14:25:03 scenario.file.loc[Ljava.lang.String;@553f1d75
14:25:03 loading feature file: /Users/shaikhalid/Documents/BrowserStack/Customer Usecase Repos/QuantumFramework/Quantum-Starter-Kit/src/main/resources/scenarios/webSearch.feature
14:25:03 loading feature file: /Users/shaikhalid/Documents/BrowserStack/Customer Usecase Repos/QuantumFramework/Quantum-Starter-Kit/src/main/resources/scenarios/appium.feature
14:25:03 loading feature file: /Users/shaikhalid/Documents/BrowserStack/Customer Usecase Repos/QuantumFramework/Quantum-Starter-Kit/src/main/resources/scenarios/03createTest.feature
14:25:03 loading feature file: /Users/shaikhalid/Documents/BrowserStack/Customer Usecase Repos/QuantumFramework/Quantum-Starter-Kit/src/main/resources/scenarios/01firstRun.feature
14:25:03 loading feature file: /Users/shaikhalid/Documents/BrowserStack/Customer Usecase Repos/QuantumFramework/Quantum-Starter-Kit/src/main/resources/scenarios/02sampleTestCase.feature
14:25:03 total test found: 1
14:25:03 scenario.file.loc[Ljava.lang.String;@1ee4730
14:25:03 loading feature file: /Users/shaikhalid/Documents/BrowserStack/Customer Usecase Repos/QuantumFramework/Quantum-Starter-Kit/src/main/resources/scenarios/webSearch.feature
14:25:03 loading feature file: /Users/shaikhalid/Documents/BrowserStack/Customer Usecase Repos/QuantumFramework/Quantum-Starter-Kit/src/main/resources/scenarios/appium.feature
14:25:03 loading feature file: /Users/shaikhalid/Documents/BrowserStack/Customer Usecase Repos/QuantumFramework/Quantum-Starter-Kit/src/main/resources/scenarios/03createTest.feature
14:25:03 loading feature file: /Users/shaikhalid/Documents/BrowserStack/Customer Usecase Repos/QuantumFramework/Quantum-Starter-Kit/src/main/resources/scenarios/01firstRun.feature
14:25:03 loading feature file: /Users/shaikhalid/Documents/BrowserStack/Customer Usecase Repos/QuantumFramework/Quantum-Starter-Kit/src/main/resources/scenarios/02sampleTestCase.feature
14:25:03 total test found: 1
14:25:03 

Executing scenario: open Wikipedia - 
14:25:03 

Executing scenario: open Wikipedia - 
14:25:03 pkg: com.qmetry.qaf.automation.step
14:25:03 pkg: com.qmetry.qaf.automation.step
14:25:03 pkg: com.quantum.steps
14:25:03 pkg: com.quantum.steps
14:25:04 Invoking Teststep: Given I open browser to webpage "https://www.wikipedia.org/" with arguments: [https://www.wikipedia.org/]
14:25:04 Invoking Teststep: Given I open browser to webpage "https://www.wikipedia.org/" with arguments: [https://www.wikipedia.org/]
14:25:04 Initializing Driver...browser_str:perfectoRemoteDriver,base_url:,sel_server:https://<<BROWSERSTACK_USERNAME>>:<<BROWSERSTACK_ACCESS_KEY>>@hub-cloud.browserstack.com/wd/hub,port:80
14:25:04 Initializing Driver...browser_str:perfectoRemoteDriver,base_url:,sel_server:https://<<BROWSERSTACK_USERNAME>>:<<BROWSERSTACK_ACCESS_KEY>>@hub-cloud.browserstack.com/wd/hub,port:80
14:25:04 Driver: perfectoRemoteDriver
14:25:04 Driver: perfectoRemoteDriver
14:25:04 Direct Driver Connect
14:25:04 Direct Driver Connect
14:25:05 Failure Teststep: Given I open browser to webpage "https://www.wikipedia.org/" with arguments: [https://www.wikipedia.org/]
org.openqa.selenium.TimeoutException: Timed out after 0 seconds: Unable to create driver instance in 1st attempt with retry timeout of 60 seconds. You can check/set value of 'driver.init.retry.timeout' appropriately to set retry timeout on driver initialization failure.
	at com.qmetry.qaf.automation.ui.util.DynamicWait.until(DynamicWait.java:168) ~[qaf-3.0.0.jar:?]
	at com.qmetry.qaf.automation.core.QAFTestBase.init(QAFTestBase.java:478) ~[qaf-3.0.0.jar:?]
	at com.qmetry.qaf.automation.core.QAFTestBase.getUiDriver(QAFTestBase.java:253) ~[qaf-3.0.0.jar:?]
	at com.qmetry.qaf.automation.ui.WebDriverTestBase.getDriver(WebDriverTestBase.java:44) ~[qaf-3.0.0.jar:?]
	at com.qmetry.qaf.automation.step.CommonStep.get_aroundBody24(CommonStep.java:296) ~[qaf-support-3.0.0.jar:?]
	at com.qmetry.qaf.automation.step.CommonStep$AjcClosure25.run(CommonStep.java:1) ~[qaf-support-3.0.0.jar:?]
	at org.aspectj.runtime.reflect.JoinPointImpl.proceed(JoinPointImpl.java:167) ~[aspectjweaver-1.9.4.jar:?]
	at com.qmetry.qaf.automation.step.JavaStepReporter.javaTestStep(JavaStepReporter.java:93) ~[qaf-3.0.0.jar:?]
	at com.qmetry.qaf.automation.step.CommonStep.get(CommonStep.java:295) ~[qaf-support-3.0.0.jar:?]
	at com.quantum.steps.PerfectoApplicationSteps.navigateToURL(PerfectoApplicationSteps.java:576) ~[quantum-support-1.23.0.jar:?]
	at jdk.internal.reflect.NativeMethodAccessorImpl.invoke0(Native Method) ~[?:?]
	at jdk.internal.reflect.NativeMethodAccessorImpl.invoke(NativeMethodAccessorImpl.java:62) ~[?:?]
	at jdk.internal.reflect.DelegatingMethodAccessorImpl.invoke(DelegatingMethodAccessorImpl.java:43) ~[?:?]
	at java.lang.reflect.Method.invoke(Method.java:566) ~[?:?]
	at com.qmetry.qaf.automation.step.JavaStep.doExecute(JavaStep.java:150) ~[qaf-3.0.0.jar:?]
	at com.qmetry.qaf.automation.step.BaseTestStep.execute(BaseTestStep.java:149) [qaf-3.0.0.jar:?]
	at com.qmetry.qaf.automation.step.StringTestStep.execute(StringTestStep.java:127) [qaf-3.0.0.jar:?]
	at com.qmetry.qaf.automation.step.client.Scenario.execute(Scenario.java:174) [qaf-3.0.0.jar:?]
	at com.qmetry.qaf.automation.step.client.Scenario.scenario(Scenario.java:237) [qaf-3.0.0.jar:?]
	at jdk.internal.reflect.NativeMethodAccessorImpl.invoke0(Native Method) ~[?:?]
	at jdk.internal.reflect.NativeMethodAccessorImpl.invoke(NativeMethodAccessorImpl.java:62) ~[?:?]
	at jdk.internal.reflect.DelegatingMethodAccessorImpl.invoke(DelegatingMethodAccessorImpl.java:43) ~[?:?]
	at java.lang.reflect.Method.invoke(Method.java:566) ~[?:?]
	at org.testng.internal.MethodInvocationHelper.invokeMethod(MethodInvocationHelper.java:104) [testng-6.10.jar:?]
	at org.testng.internal.Invoker.invokeMethod(Invoker.java:645) [testng-6.10.jar:?]
	at org.testng.internal.Invoker.invokeTestMethod(Invoker.java:851) [testng-6.10.jar:?]
	at org.testng.internal.Invoker.invokeTestMethods(Invoker.java:1177) [testng-6.10.jar:?]
	at org.testng.internal.TestMethodWorker.invokeTestMethods(TestMethodWorker.java:129) [testng-6.10.jar:?]
	at org.testng.internal.TestMethodWorker.run(TestMethodWorker.java:112) [testng-6.10.jar:?]
	at org.testng.TestRunner.privateRun(TestRunner.java:778) [qaf-3.0.0.jar:?]
	at org.testng.TestRunner.run(TestRunner.java:632) [qaf-3.0.0.jar:?]
	at org.testng.SuiteRunner.runTest(SuiteRunner.java:387) [testng-6.10.jar:?]
	at org.testng.SuiteRunner.access$000(SuiteRunner.java:39) [testng-6.10.jar:?]
	at org.testng.SuiteRunner$SuiteWorker.run(SuiteRunner.java:421) [testng-6.10.jar:?]
	at org.testng.internal.thread.ThreadUtil$2.call(ThreadUtil.java:64) [testng-6.10.jar:?]
	at java.util.concurrent.FutureTask.run(FutureTask.java:264) [?:?]
	at java.util.concurrent.ThreadPoolExecutor.runWorker(ThreadPoolExecutor.java:1128) [?:?]
	at java.util.concurrent.ThreadPoolExecutor$Worker.run(ThreadPoolExecutor.java:628) [?:?]
	at java.lang.Thread.run(Thread.java:829) [?:?]
Caused by: org.openqa.selenium.WebDriverException: Unable to create driver instance in 1st attempt with retry timeout of 60 seconds. You can check/set value of 'driver.init.retry.timeout' appropriately to set retry timeout on driver initialization failure.
Build info: version: '3.141.59', revision: 'e82be7d358', time: '2018-11-14T08:17:03'
System info: host: 'Khalids-MacBook-Pro.local', ip: 'fe80:0:0:0:22:b78f:9ba5:a56d%en0', os.name: 'Mac OS X', os.arch: 'x86_64', os.version: '11.3', java.version: '11.0.12'
Driver info: driver.version: unknown
	at com.qmetry.qaf.automation.core.QAFTestBase$DriverInitExpectedCondition.apply(QAFTestBase.java:572) ~[qaf-3.0.0.jar:?]
	at com.qmetry.qaf.automation.core.QAFTestBase$DriverInitExpectedCondition.apply(QAFTestBase.java:1) ~[qaf-3.0.0.jar:?]
	at com.qmetry.qaf.automation.ui.util.DynamicWait.until(DynamicWait.java:147) ~[qaf-3.0.0.jar:?]
	... 38 more
Caused by: java.lang.ClassNotFoundException: com.thoughtworks.selenium.CommandProcessor
	at jdk.internal.loader.BuiltinClassLoader.loadClass(BuiltinClassLoader.java:581) ~[?:?]
	at jdk.internal.loader.ClassLoaders$AppClassLoader.loadClass(ClassLoaders.java:178) ~[?:?]
	at java.lang.ClassLoader.loadClass(ClassLoader.java:522) ~[?:?]
	at com.qmetry.qaf.automation.ui.UiDriverFactory.get(UiDriverFactory.java:96) ~[quantum-support-1.23.0.jar:?]
	at com.qmetry.qaf.automation.core.QAFTestBase$DriverInitExpectedCondition.apply(QAFTestBase.java:568) ~[qaf-3.0.0.jar:?]
	at com.qmetry.qaf.automation.core.QAFTestBase$DriverInitExpectedCondition.apply(QAFTestBase.java:1) ~[qaf-3.0.0.jar:?]
	at com.qmetry.qaf.automation.ui.util.DynamicWait.until(DynamicWait.java:147) ~[qaf-3.0.0.jar:?]
	... 38 more
14:25:05 Failure Teststep: Given I open browser to webpage "https://www.wikipedia.org/" with arguments: [https://www.wikipedia.org/]
org.openqa.selenium.TimeoutException: Timed out after 0 seconds: Unable to create driver instance in 1st attempt with retry timeout of 60 seconds. You can check/set value of 'driver.init.retry.timeout' appropriately to set retry timeout on driver initialization failure.
	at com.qmetry.qaf.automation.ui.util.DynamicWait.until(DynamicWait.java:168) ~[qaf-3.0.0.jar:?]
	at com.qmetry.qaf.automation.core.QAFTestBase.init(QAFTestBase.java:478) ~[qaf-3.0.0.jar:?]
	at com.qmetry.qaf.automation.core.QAFTestBase.getUiDriver(QAFTestBase.java:253) ~[qaf-3.0.0.jar:?]
	at com.qmetry.qaf.automation.ui.WebDriverTestBase.getDriver(WebDriverTestBase.java:44) ~[qaf-3.0.0.jar:?]
	at com.qmetry.qaf.automation.step.CommonStep.get_aroundBody24(CommonStep.java:296) ~[qaf-support-3.0.0.jar:?]
	at com.qmetry.qaf.automation.step.CommonStep$AjcClosure25.run(CommonStep.java:1) ~[qaf-support-3.0.0.jar:?]
	at org.aspectj.runtime.reflect.JoinPointImpl.proceed(JoinPointImpl.java:167) ~[aspectjweaver-1.9.4.jar:?]
	at com.qmetry.qaf.automation.step.JavaStepReporter.javaTestStep(JavaStepReporter.java:93) ~[qaf-3.0.0.jar:?]
	at com.qmetry.qaf.automation.step.CommonStep.get(CommonStep.java:295) ~[qaf-support-3.0.0.jar:?]
	at com.quantum.steps.PerfectoApplicationSteps.navigateToURL(PerfectoApplicationSteps.java:576) ~[quantum-support-1.23.0.jar:?]
	at jdk.internal.reflect.NativeMethodAccessorImpl.invoke0(Native Method) ~[?:?]
	at jdk.internal.reflect.NativeMethodAccessorImpl.invoke(NativeMethodAccessorImpl.java:62) ~[?:?]
	at jdk.internal.reflect.DelegatingMethodAccessorImpl.invoke(DelegatingMethodAccessorImpl.java:43) ~[?:?]
	at java.lang.reflect.Method.invoke(Method.java:566) ~[?:?]
	at com.qmetry.qaf.automation.step.JavaStep.doExecute(JavaStep.java:150) ~[qaf-3.0.0.jar:?]
	at com.qmetry.qaf.automation.step.BaseTestStep.execute(BaseTestStep.java:149) [qaf-3.0.0.jar:?]
	at com.qmetry.qaf.automation.step.StringTestStep.execute(StringTestStep.java:127) [qaf-3.0.0.jar:?]
	at com.qmetry.qaf.automation.step.client.Scenario.execute(Scenario.java:174) [qaf-3.0.0.jar:?]
	at com.qmetry.qaf.automation.step.client.Scenario.scenario(Scenario.java:237) [qaf-3.0.0.jar:?]
	at jdk.internal.reflect.NativeMethodAccessorImpl.invoke0(Native Method) ~[?:?]
	at jdk.internal.reflect.NativeMethodAccessorImpl.invoke(NativeMethodAccessorImpl.java:62) ~[?:?]
	at jdk.internal.reflect.DelegatingMethodAccessorImpl.invoke(DelegatingMethodAccessorImpl.java:43) ~[?:?]
	at java.lang.reflect.Method.invoke(Method.java:566) ~[?:?]
	at org.testng.internal.MethodInvocationHelper.invokeMethod(MethodInvocationHelper.java:104) [testng-6.10.jar:?]
	at org.testng.internal.Invoker.invokeMethod(Invoker.java:645) [testng-6.10.jar:?]
	at org.testng.internal.Invoker.invokeTestMethod(Invoker.java:851) [testng-6.10.jar:?]
	at org.testng.internal.Invoker.invokeTestMethods(Invoker.java:1177) [testng-6.10.jar:?]
	at org.testng.internal.TestMethodWorker.invokeTestMethods(TestMethodWorker.java:129) [testng-6.10.jar:?]
	at org.testng.internal.TestMethodWorker.run(TestMethodWorker.java:112) [testng-6.10.jar:?]
	at org.testng.TestRunner.privateRun(TestRunner.java:778) [qaf-3.0.0.jar:?]
	at org.testng.TestRunner.run(TestRunner.java:632) [qaf-3.0.0.jar:?]
	at org.testng.SuiteRunner.runTest(SuiteRunner.java:387) [testng-6.10.jar:?]
	at org.testng.SuiteRunner.access$000(SuiteRunner.java:39) [testng-6.10.jar:?]
	at org.testng.SuiteRunner$SuiteWorker.run(SuiteRunner.java:421) [testng-6.10.jar:?]
	at org.testng.internal.thread.ThreadUtil$2.call(ThreadUtil.java:64) [testng-6.10.jar:?]
	at java.util.concurrent.FutureTask.run(FutureTask.java:264) [?:?]
	at java.util.concurrent.ThreadPoolExecutor.runWorker(ThreadPoolExecutor.java:1128) [?:?]
	at java.util.concurrent.ThreadPoolExecutor$Worker.run(ThreadPoolExecutor.java:628) [?:?]
	at java.lang.Thread.run(Thread.java:829) [?:?]
Caused by: org.openqa.selenium.WebDriverException: Unable to create driver instance in 1st attempt with retry timeout of 60 seconds. You can check/set value of 'driver.init.retry.timeout' appropriately to set retry timeout on driver initialization failure.
Build info: version: '3.141.59', revision: 'e82be7d358', time: '2018-11-14T08:17:03'
System info: host: 'Khalids-MacBook-Pro.local', ip: 'fe80:0:0:0:22:b78f:9ba5:a56d%en0', os.name: 'Mac OS X', os.arch: 'x86_64', os.version: '11.3', java.version: '11.0.12'
Driver info: driver.version: unknown
	at com.qmetry.qaf.automation.core.QAFTestBase$DriverInitExpectedCondition.apply(QAFTestBase.java:572) ~[qaf-3.0.0.jar:?]
	at com.qmetry.qaf.automation.core.QAFTestBase$DriverInitExpectedCondition.apply(QAFTestBase.java:1) ~[qaf-3.0.0.jar:?]
	at com.qmetry.qaf.automation.ui.util.DynamicWait.until(DynamicWait.java:147) ~[qaf-3.0.0.jar:?]
	... 38 more
Caused by: java.lang.ClassNotFoundException: com.thoughtworks.selenium.CommandProcessor
	at jdk.internal.loader.BuiltinClassLoader.loadClass(BuiltinClassLoader.java:581) ~[?:?]
	at jdk.internal.loader.ClassLoaders$AppClassLoader.loadClass(ClassLoaders.java:178) ~[?:?]
	at java.lang.ClassLoader.loadClass(ClassLoader.java:522) ~[?:?]
	at com.qmetry.qaf.automation.ui.UiDriverFactory.get(UiDriverFactory.java:96) ~[quantum-support-1.23.0.jar:?]
	at com.qmetry.qaf.automation.core.QAFTestBase$DriverInitExpectedCondition.apply(QAFTestBase.java:568) ~[qaf-3.0.0.jar:?]
	at com.qmetry.qaf.automation.core.QAFTestBase$DriverInitExpectedCondition.apply(QAFTestBase.java:1) ~[qaf-3.0.0.jar:?]
	at com.qmetry.qaf.automation.ui.util.DynamicWait.until(DynamicWait.java:147) ~[qaf-3.0.0.jar:?]
	... 38 more
14:25:05 Completed Teststep: Given I open browser to webpage "https://www.wikipedia.org/" with arguments: [https://www.wikipedia.org/]
14:25:05 Completed Teststep: Given I open browser to webpage "https://www.wikipedia.org/" with arguments: [https://www.wikipedia.org/]
14:25:05 Competed scenario: open Wikipedia with status FAILURE
14:25:05 Competed scenario: open Wikipedia with status FAILURE
14:25:05 Unable to create testng-failed-qas.xml
14:27:33 ISFW build info: {qaf-Type=core, qaf-Revision=0, qaf-Build-Time=26-Jul-2020 22:16:34, qaf-Version=3.0}
14:27:33 Resource dir: /Users/shaikhalid/Documents/BrowserStack/Customer Usecase Repos/QuantumFramework/Quantum-Starter-Kit/src/main/resources/common. Found property files to load: 1
14:27:33 Resource dir: /Users/shaikhalid/Documents/BrowserStack/Customer Usecase Repos/QuantumFramework/Quantum-Starter-Kit/src/main/resources/common. Found property files to load: 1
14:27:33 scenario.file.loc[Ljava.lang.String;@5b64c4b7
14:27:33 loading feature file: /Users/shaikhalid/Documents/BrowserStack/Customer Usecase Repos/QuantumFramework/Quantum-Starter-Kit/src/main/resources/scenarios/webSearch.feature
14:27:33 loading feature file: /Users/shaikhalid/Documents/BrowserStack/Customer Usecase Repos/QuantumFramework/Quantum-Starter-Kit/src/main/resources/scenarios/appium.feature
14:27:33 loading feature file: /Users/shaikhalid/Documents/BrowserStack/Customer Usecase Repos/QuantumFramework/Quantum-Starter-Kit/src/main/resources/scenarios/03createTest.feature
14:27:33 loading feature file: /Users/shaikhalid/Documents/BrowserStack/Customer Usecase Repos/QuantumFramework/Quantum-Starter-Kit/src/main/resources/scenarios/01firstRun.feature
14:27:33 loading feature file: /Users/shaikhalid/Documents/BrowserStack/Customer Usecase Repos/QuantumFramework/Quantum-Starter-Kit/src/main/resources/scenarios/02sampleTestCase.feature
14:27:33 total test found: 1
14:27:34 scenario.file.loc[Ljava.lang.String;@46cc127b
14:27:34 loading feature file: /Users/shaikhalid/Documents/BrowserStack/Customer Usecase Repos/QuantumFramework/Quantum-Starter-Kit/src/main/resources/scenarios/webSearch.feature
14:27:34 loading feature file: /Users/shaikhalid/Documents/BrowserStack/Customer Usecase Repos/QuantumFramework/Quantum-Starter-Kit/src/main/resources/scenarios/appium.feature
14:27:34 loading feature file: /Users/shaikhalid/Documents/BrowserStack/Customer Usecase Repos/QuantumFramework/Quantum-Starter-Kit/src/main/resources/scenarios/03createTest.feature
14:27:34 loading feature file: /Users/shaikhalid/Documents/BrowserStack/Customer Usecase Repos/QuantumFramework/Quantum-Starter-Kit/src/main/resources/scenarios/01firstRun.feature
14:27:34 loading feature file: /Users/shaikhalid/Documents/BrowserStack/Customer Usecase Repos/QuantumFramework/Quantum-Starter-Kit/src/main/resources/scenarios/02sampleTestCase.feature
14:27:34 total test found: 1
14:27:34 

Executing scenario: open Wikipedia - 
14:27:34 

Executing scenario: open Wikipedia - 
14:27:34 pkg: com.qmetry.qaf.automation.step
14:27:34 pkg: com.qmetry.qaf.automation.step
14:27:34 pkg: com.quantum.steps
14:27:34 pkg: com.quantum.steps
14:27:34 Invoking Teststep: Given I open browser to webpage "https://www.wikipedia.org/" with arguments: [https://www.wikipedia.org/]
14:27:34 Invoking Teststep: Given I open browser to webpage "https://www.wikipedia.org/" with arguments: [https://www.wikipedia.org/]
14:27:34 Initializing Driver...browser_str:perfectoRemoteDriver,base_url:,sel_server:https://khalidshaikh_Cc8Pao:khalidshaikh_Cc8Pao@hub-cloud.browserstack.com/wd/hub,port:80
14:27:34 Initializing Driver...browser_str:perfectoRemoteDriver,base_url:,sel_server:https://khalidshaikh_Cc8Pao:khalidshaikh_Cc8Pao@hub-cloud.browserstack.com/wd/hub,port:80
14:27:34 Driver: perfectoRemoteDriver
14:27:34 Driver: perfectoRemoteDriver
14:27:34 Direct Driver Connect
14:27:34 Direct Driver Connect
14:27:36 Failure Teststep: Given I open browser to webpage "https://www.wikipedia.org/" with arguments: [https://www.wikipedia.org/]
org.openqa.selenium.TimeoutException: Timed out after 0 seconds: Unable to create driver instance in 1st attempt with retry timeout of 60 seconds. You can check/set value of 'driver.init.retry.timeout' appropriately to set retry timeout on driver initialization failure.
	at com.qmetry.qaf.automation.ui.util.DynamicWait.until(DynamicWait.java:168) ~[qaf-3.0.0.jar:?]
	at com.qmetry.qaf.automation.core.QAFTestBase.init(QAFTestBase.java:478) ~[qaf-3.0.0.jar:?]
	at com.qmetry.qaf.automation.core.QAFTestBase.getUiDriver(QAFTestBase.java:253) ~[qaf-3.0.0.jar:?]
	at com.qmetry.qaf.automation.ui.WebDriverTestBase.getDriver(WebDriverTestBase.java:44) ~[qaf-3.0.0.jar:?]
	at com.qmetry.qaf.automation.step.CommonStep.get_aroundBody24(CommonStep.java:296) ~[qaf-support-3.0.0.jar:?]
	at com.qmetry.qaf.automation.step.CommonStep$AjcClosure25.run(CommonStep.java:1) ~[qaf-support-3.0.0.jar:?]
	at org.aspectj.runtime.reflect.JoinPointImpl.proceed(JoinPointImpl.java:167) ~[aspectjweaver-1.9.4.jar:?]
	at com.qmetry.qaf.automation.step.JavaStepReporter.javaTestStep(JavaStepReporter.java:93) ~[qaf-3.0.0.jar:?]
	at com.qmetry.qaf.automation.step.CommonStep.get(CommonStep.java:295) ~[qaf-support-3.0.0.jar:?]
	at com.quantum.steps.PerfectoApplicationSteps.navigateToURL(PerfectoApplicationSteps.java:576) ~[quantum-support-1.23.0.jar:?]
	at jdk.internal.reflect.NativeMethodAccessorImpl.invoke0(Native Method) ~[?:?]
	at jdk.internal.reflect.NativeMethodAccessorImpl.invoke(NativeMethodAccessorImpl.java:62) ~[?:?]
	at jdk.internal.reflect.DelegatingMethodAccessorImpl.invoke(DelegatingMethodAccessorImpl.java:43) ~[?:?]
	at java.lang.reflect.Method.invoke(Method.java:566) ~[?:?]
	at com.qmetry.qaf.automation.step.JavaStep.doExecute(JavaStep.java:150) ~[qaf-3.0.0.jar:?]
	at com.qmetry.qaf.automation.step.BaseTestStep.execute(BaseTestStep.java:149) [qaf-3.0.0.jar:?]
	at com.qmetry.qaf.automation.step.StringTestStep.execute(StringTestStep.java:127) [qaf-3.0.0.jar:?]
	at com.qmetry.qaf.automation.step.client.Scenario.execute(Scenario.java:174) [qaf-3.0.0.jar:?]
	at com.qmetry.qaf.automation.step.client.Scenario.scenario(Scenario.java:237) [qaf-3.0.0.jar:?]
	at jdk.internal.reflect.NativeMethodAccessorImpl.invoke0(Native Method) ~[?:?]
	at jdk.internal.reflect.NativeMethodAccessorImpl.invoke(NativeMethodAccessorImpl.java:62) ~[?:?]
	at jdk.internal.reflect.DelegatingMethodAccessorImpl.invoke(DelegatingMethodAccessorImpl.java:43) ~[?:?]
	at java.lang.reflect.Method.invoke(Method.java:566) ~[?:?]
	at org.testng.internal.MethodInvocationHelper.invokeMethod(MethodInvocationHelper.java:104) [testng-6.10.jar:?]
	at org.testng.internal.Invoker.invokeMethod(Invoker.java:645) [testng-6.10.jar:?]
	at org.testng.internal.Invoker.invokeTestMethod(Invoker.java:851) [testng-6.10.jar:?]
	at org.testng.internal.Invoker.invokeTestMethods(Invoker.java:1177) [testng-6.10.jar:?]
	at org.testng.internal.TestMethodWorker.invokeTestMethods(TestMethodWorker.java:129) [testng-6.10.jar:?]
	at org.testng.internal.TestMethodWorker.run(TestMethodWorker.java:112) [testng-6.10.jar:?]
	at org.testng.TestRunner.privateRun(TestRunner.java:778) [qaf-3.0.0.jar:?]
	at org.testng.TestRunner.run(TestRunner.java:632) [qaf-3.0.0.jar:?]
	at org.testng.SuiteRunner.runTest(SuiteRunner.java:387) [testng-6.10.jar:?]
	at org.testng.SuiteRunner.access$000(SuiteRunner.java:39) [testng-6.10.jar:?]
	at org.testng.SuiteRunner$SuiteWorker.run(SuiteRunner.java:421) [testng-6.10.jar:?]
	at org.testng.internal.thread.ThreadUtil$2.call(ThreadUtil.java:64) [testng-6.10.jar:?]
	at java.util.concurrent.FutureTask.run(FutureTask.java:264) [?:?]
	at java.util.concurrent.ThreadPoolExecutor.runWorker(ThreadPoolExecutor.java:1128) [?:?]
	at java.util.concurrent.ThreadPoolExecutor$Worker.run(ThreadPoolExecutor.java:628) [?:?]
	at java.lang.Thread.run(Thread.java:829) [?:?]
Caused by: org.openqa.selenium.WebDriverException: Unable to create driver instance in 1st attempt with retry timeout of 60 seconds. You can check/set value of 'driver.init.retry.timeout' appropriately to set retry timeout on driver initialization failure.
Build info: version: '3.141.59', revision: 'e82be7d358', time: '2018-11-14T08:17:03'
System info: host: 'Khalids-MacBook-Pro.local', ip: 'fe80:0:0:0:22:b78f:9ba5:a56d%en0', os.name: 'Mac OS X', os.arch: 'x86_64', os.version: '11.3', java.version: '11.0.12'
Driver info: driver.version: unknown
	at com.qmetry.qaf.automation.core.QAFTestBase$DriverInitExpectedCondition.apply(QAFTestBase.java:572) ~[qaf-3.0.0.jar:?]
	at com.qmetry.qaf.automation.core.QAFTestBase$DriverInitExpectedCondition.apply(QAFTestBase.java:1) ~[qaf-3.0.0.jar:?]
	at com.qmetry.qaf.automation.ui.util.DynamicWait.until(DynamicWait.java:147) ~[qaf-3.0.0.jar:?]
	... 38 more
Caused by: java.lang.ClassNotFoundException: com.thoughtworks.selenium.CommandProcessor
	at jdk.internal.loader.BuiltinClassLoader.loadClass(BuiltinClassLoader.java:581) ~[?:?]
	at jdk.internal.loader.ClassLoaders$AppClassLoader.loadClass(ClassLoaders.java:178) ~[?:?]
	at java.lang.ClassLoader.loadClass(ClassLoader.java:522) ~[?:?]
	at com.qmetry.qaf.automation.ui.UiDriverFactory.get(UiDriverFactory.java:96) ~[quantum-support-1.23.0.jar:?]
	at com.qmetry.qaf.automation.core.QAFTestBase$DriverInitExpectedCondition.apply(QAFTestBase.java:568) ~[qaf-3.0.0.jar:?]
	at com.qmetry.qaf.automation.core.QAFTestBase$DriverInitExpectedCondition.apply(QAFTestBase.java:1) ~[qaf-3.0.0.jar:?]
	at com.qmetry.qaf.automation.ui.util.DynamicWait.until(DynamicWait.java:147) ~[qaf-3.0.0.jar:?]
	... 38 more
14:27:36 Failure Teststep: Given I open browser to webpage "https://www.wikipedia.org/" with arguments: [https://www.wikipedia.org/]
org.openqa.selenium.TimeoutException: Timed out after 0 seconds: Unable to create driver instance in 1st attempt with retry timeout of 60 seconds. You can check/set value of 'driver.init.retry.timeout' appropriately to set retry timeout on driver initialization failure.
	at com.qmetry.qaf.automation.ui.util.DynamicWait.until(DynamicWait.java:168) ~[qaf-3.0.0.jar:?]
	at com.qmetry.qaf.automation.core.QAFTestBase.init(QAFTestBase.java:478) ~[qaf-3.0.0.jar:?]
	at com.qmetry.qaf.automation.core.QAFTestBase.getUiDriver(QAFTestBase.java:253) ~[qaf-3.0.0.jar:?]
	at com.qmetry.qaf.automation.ui.WebDriverTestBase.getDriver(WebDriverTestBase.java:44) ~[qaf-3.0.0.jar:?]
	at com.qmetry.qaf.automation.step.CommonStep.get_aroundBody24(CommonStep.java:296) ~[qaf-support-3.0.0.jar:?]
	at com.qmetry.qaf.automation.step.CommonStep$AjcClosure25.run(CommonStep.java:1) ~[qaf-support-3.0.0.jar:?]
	at org.aspectj.runtime.reflect.JoinPointImpl.proceed(JoinPointImpl.java:167) ~[aspectjweaver-1.9.4.jar:?]
	at com.qmetry.qaf.automation.step.JavaStepReporter.javaTestStep(JavaStepReporter.java:93) ~[qaf-3.0.0.jar:?]
	at com.qmetry.qaf.automation.step.CommonStep.get(CommonStep.java:295) ~[qaf-support-3.0.0.jar:?]
	at com.quantum.steps.PerfectoApplicationSteps.navigateToURL(PerfectoApplicationSteps.java:576) ~[quantum-support-1.23.0.jar:?]
	at jdk.internal.reflect.NativeMethodAccessorImpl.invoke0(Native Method) ~[?:?]
	at jdk.internal.reflect.NativeMethodAccessorImpl.invoke(NativeMethodAccessorImpl.java:62) ~[?:?]
	at jdk.internal.reflect.DelegatingMethodAccessorImpl.invoke(DelegatingMethodAccessorImpl.java:43) ~[?:?]
	at java.lang.reflect.Method.invoke(Method.java:566) ~[?:?]
	at com.qmetry.qaf.automation.step.JavaStep.doExecute(JavaStep.java:150) ~[qaf-3.0.0.jar:?]
	at com.qmetry.qaf.automation.step.BaseTestStep.execute(BaseTestStep.java:149) [qaf-3.0.0.jar:?]
	at com.qmetry.qaf.automation.step.StringTestStep.execute(StringTestStep.java:127) [qaf-3.0.0.jar:?]
	at com.qmetry.qaf.automation.step.client.Scenario.execute(Scenario.java:174) [qaf-3.0.0.jar:?]
	at com.qmetry.qaf.automation.step.client.Scenario.scenario(Scenario.java:237) [qaf-3.0.0.jar:?]
	at jdk.internal.reflect.NativeMethodAccessorImpl.invoke0(Native Method) ~[?:?]
	at jdk.internal.reflect.NativeMethodAccessorImpl.invoke(NativeMethodAccessorImpl.java:62) ~[?:?]
	at jdk.internal.reflect.DelegatingMethodAccessorImpl.invoke(DelegatingMethodAccessorImpl.java:43) ~[?:?]
	at java.lang.reflect.Method.invoke(Method.java:566) ~[?:?]
	at org.testng.internal.MethodInvocationHelper.invokeMethod(MethodInvocationHelper.java:104) [testng-6.10.jar:?]
	at org.testng.internal.Invoker.invokeMethod(Invoker.java:645) [testng-6.10.jar:?]
	at org.testng.internal.Invoker.invokeTestMethod(Invoker.java:851) [testng-6.10.jar:?]
	at org.testng.internal.Invoker.invokeTestMethods(Invoker.java:1177) [testng-6.10.jar:?]
	at org.testng.internal.TestMethodWorker.invokeTestMethods(TestMethodWorker.java:129) [testng-6.10.jar:?]
	at org.testng.internal.TestMethodWorker.run(TestMethodWorker.java:112) [testng-6.10.jar:?]
	at org.testng.TestRunner.privateRun(TestRunner.java:778) [qaf-3.0.0.jar:?]
	at org.testng.TestRunner.run(TestRunner.java:632) [qaf-3.0.0.jar:?]
	at org.testng.SuiteRunner.runTest(SuiteRunner.java:387) [testng-6.10.jar:?]
	at org.testng.SuiteRunner.access$000(SuiteRunner.java:39) [testng-6.10.jar:?]
	at org.testng.SuiteRunner$SuiteWorker.run(SuiteRunner.java:421) [testng-6.10.jar:?]
	at org.testng.internal.thread.ThreadUtil$2.call(ThreadUtil.java:64) [testng-6.10.jar:?]
	at java.util.concurrent.FutureTask.run(FutureTask.java:264) [?:?]
	at java.util.concurrent.ThreadPoolExecutor.runWorker(ThreadPoolExecutor.java:1128) [?:?]
	at java.util.concurrent.ThreadPoolExecutor$Worker.run(ThreadPoolExecutor.java:628) [?:?]
	at java.lang.Thread.run(Thread.java:829) [?:?]
Caused by: org.openqa.selenium.WebDriverException: Unable to create driver instance in 1st attempt with retry timeout of 60 seconds. You can check/set value of 'driver.init.retry.timeout' appropriately to set retry timeout on driver initialization failure.
Build info: version: '3.141.59', revision: 'e82be7d358', time: '2018-11-14T08:17:03'
System info: host: 'Khalids-MacBook-Pro.local', ip: 'fe80:0:0:0:22:b78f:9ba5:a56d%en0', os.name: 'Mac OS X', os.arch: 'x86_64', os.version: '11.3', java.version: '11.0.12'
Driver info: driver.version: unknown
	at com.qmetry.qaf.automation.core.QAFTestBase$DriverInitExpectedCondition.apply(QAFTestBase.java:572) ~[qaf-3.0.0.jar:?]
	at com.qmetry.qaf.automation.core.QAFTestBase$DriverInitExpectedCondition.apply(QAFTestBase.java:1) ~[qaf-3.0.0.jar:?]
	at com.qmetry.qaf.automation.ui.util.DynamicWait.until(DynamicWait.java:147) ~[qaf-3.0.0.jar:?]
	... 38 more
Caused by: java.lang.ClassNotFoundException: com.thoughtworks.selenium.CommandProcessor
	at jdk.internal.loader.BuiltinClassLoader.loadClass(BuiltinClassLoader.java:581) ~[?:?]
	at jdk.internal.loader.ClassLoaders$AppClassLoader.loadClass(ClassLoaders.java:178) ~[?:?]
	at java.lang.ClassLoader.loadClass(ClassLoader.java:522) ~[?:?]
	at com.qmetry.qaf.automation.ui.UiDriverFactory.get(UiDriverFactory.java:96) ~[quantum-support-1.23.0.jar:?]
	at com.qmetry.qaf.automation.core.QAFTestBase$DriverInitExpectedCondition.apply(QAFTestBase.java:568) ~[qaf-3.0.0.jar:?]
	at com.qmetry.qaf.automation.core.QAFTestBase$DriverInitExpectedCondition.apply(QAFTestBase.java:1) ~[qaf-3.0.0.jar:?]
	at com.qmetry.qaf.automation.ui.util.DynamicWait.until(DynamicWait.java:147) ~[qaf-3.0.0.jar:?]
	... 38 more
14:27:36 Completed Teststep: Given I open browser to webpage "https://www.wikipedia.org/" with arguments: [https://www.wikipedia.org/]
14:27:36 Completed Teststep: Given I open browser to webpage "https://www.wikipedia.org/" with arguments: [https://www.wikipedia.org/]
14:27:36 Competed scenario: open Wikipedia with status FAILURE
14:27:36 Competed scenario: open Wikipedia with status FAILURE
14:27:36 Unable to create testng-failed-qas.xml
14:28:05 ISFW build info: {qaf-Type=core, qaf-Revision=0, qaf-Build-Time=26-Jul-2020 22:16:34, qaf-Version=3.0}
14:28:05 Resource dir: /Users/shaikhalid/Documents/BrowserStack/Customer Usecase Repos/QuantumFramework/Quantum-Starter-Kit/src/main/resources/common. Found property files to load: 1
14:28:05 Resource dir: /Users/shaikhalid/Documents/BrowserStack/Customer Usecase Repos/QuantumFramework/Quantum-Starter-Kit/src/main/resources/common. Found property files to load: 1
14:28:05 scenario.file.loc[Ljava.lang.String;@56f6d40b
14:28:05 loading feature file: /Users/shaikhalid/Documents/BrowserStack/Customer Usecase Repos/QuantumFramework/Quantum-Starter-Kit/src/main/resources/scenarios/webSearch.feature
14:28:05 loading feature file: /Users/shaikhalid/Documents/BrowserStack/Customer Usecase Repos/QuantumFramework/Quantum-Starter-Kit/src/main/resources/scenarios/appium.feature
14:28:05 loading feature file: /Users/shaikhalid/Documents/BrowserStack/Customer Usecase Repos/QuantumFramework/Quantum-Starter-Kit/src/main/resources/scenarios/03createTest.feature
14:28:05 loading feature file: /Users/shaikhalid/Documents/BrowserStack/Customer Usecase Repos/QuantumFramework/Quantum-Starter-Kit/src/main/resources/scenarios/01firstRun.feature
14:28:05 loading feature file: /Users/shaikhalid/Documents/BrowserStack/Customer Usecase Repos/QuantumFramework/Quantum-Starter-Kit/src/main/resources/scenarios/02sampleTestCase.feature
14:28:05 total test found: 1
14:28:05 scenario.file.loc[Ljava.lang.String;@46ab18da
14:28:05 loading feature file: /Users/shaikhalid/Documents/BrowserStack/Customer Usecase Repos/QuantumFramework/Quantum-Starter-Kit/src/main/resources/scenarios/webSearch.feature
14:28:05 loading feature file: /Users/shaikhalid/Documents/BrowserStack/Customer Usecase Repos/QuantumFramework/Quantum-Starter-Kit/src/main/resources/scenarios/appium.feature
14:28:05 loading feature file: /Users/shaikhalid/Documents/BrowserStack/Customer Usecase Repos/QuantumFramework/Quantum-Starter-Kit/src/main/resources/scenarios/03createTest.feature
14:28:05 loading feature file: /Users/shaikhalid/Documents/BrowserStack/Customer Usecase Repos/QuantumFramework/Quantum-Starter-Kit/src/main/resources/scenarios/01firstRun.feature
14:28:05 loading feature file: /Users/shaikhalid/Documents/BrowserStack/Customer Usecase Repos/QuantumFramework/Quantum-Starter-Kit/src/main/resources/scenarios/02sampleTestCase.feature
14:28:05 total test found: 1
14:28:05 

Executing scenario: open Wikipedia - 
14:28:05 

Executing scenario: open Wikipedia - 
14:28:05 pkg: com.qmetry.qaf.automation.step
14:28:05 pkg: com.qmetry.qaf.automation.step
14:28:05 pkg: com.quantum.steps
14:28:05 pkg: com.quantum.steps
14:28:05 Invoking Teststep: Given I open browser to webpage "https://www.wikipedia.org/" with arguments: [https://www.wikipedia.org/]
14:28:05 Invoking Teststep: Given I open browser to webpage "https://www.wikipedia.org/" with arguments: [https://www.wikipedia.org/]
14:28:05 Initializing Driver...browser_str:perfectoRemoteDriver,base_url:,sel_server:https://khalidshaikh_Cc8Pao:khalidshaikh_Cc8Pao@hub-cloud.browserstack.com/wd/hub,port:80
14:28:05 Initializing Driver...browser_str:perfectoRemoteDriver,base_url:,sel_server:https://khalidshaikh_Cc8Pao:khalidshaikh_Cc8Pao@hub-cloud.browserstack.com/wd/hub,port:80
14:28:05 Driver: perfectoRemoteDriver
14:28:05 Driver: perfectoRemoteDriver
14:28:05 Direct Driver Connect
14:28:05 Direct Driver Connect
14:28:08 Failure Teststep: Given I open browser to webpage "https://www.wikipedia.org/" with arguments: [https://www.wikipedia.org/]
org.openqa.selenium.TimeoutException: Timed out after 0 seconds: Unable to create driver instance in 1st attempt with retry timeout of 60 seconds. You can check/set value of 'driver.init.retry.timeout' appropriately to set retry timeout on driver initialization failure.
	at com.qmetry.qaf.automation.ui.util.DynamicWait.until(DynamicWait.java:168) ~[qaf-3.0.0.jar:?]
	at com.qmetry.qaf.automation.core.QAFTestBase.init(QAFTestBase.java:478) ~[qaf-3.0.0.jar:?]
	at com.qmetry.qaf.automation.core.QAFTestBase.getUiDriver(QAFTestBase.java:253) ~[qaf-3.0.0.jar:?]
	at com.qmetry.qaf.automation.ui.WebDriverTestBase.getDriver(WebDriverTestBase.java:44) ~[qaf-3.0.0.jar:?]
	at com.qmetry.qaf.automation.step.CommonStep.get_aroundBody24(CommonStep.java:296) ~[qaf-support-3.0.0.jar:?]
	at com.qmetry.qaf.automation.step.CommonStep$AjcClosure25.run(CommonStep.java:1) ~[qaf-support-3.0.0.jar:?]
	at org.aspectj.runtime.reflect.JoinPointImpl.proceed(JoinPointImpl.java:167) ~[aspectjweaver-1.9.4.jar:?]
	at com.qmetry.qaf.automation.step.JavaStepReporter.javaTestStep(JavaStepReporter.java:93) ~[qaf-3.0.0.jar:?]
	at com.qmetry.qaf.automation.step.CommonStep.get(CommonStep.java:295) ~[qaf-support-3.0.0.jar:?]
	at com.quantum.steps.PerfectoApplicationSteps.navigateToURL(PerfectoApplicationSteps.java:576) ~[quantum-support-1.23.0.jar:?]
	at jdk.internal.reflect.NativeMethodAccessorImpl.invoke0(Native Method) ~[?:?]
	at jdk.internal.reflect.NativeMethodAccessorImpl.invoke(NativeMethodAccessorImpl.java:62) ~[?:?]
	at jdk.internal.reflect.DelegatingMethodAccessorImpl.invoke(DelegatingMethodAccessorImpl.java:43) ~[?:?]
	at java.lang.reflect.Method.invoke(Method.java:566) ~[?:?]
	at com.qmetry.qaf.automation.step.JavaStep.doExecute(JavaStep.java:150) ~[qaf-3.0.0.jar:?]
	at com.qmetry.qaf.automation.step.BaseTestStep.execute(BaseTestStep.java:149) [qaf-3.0.0.jar:?]
	at com.qmetry.qaf.automation.step.StringTestStep.execute(StringTestStep.java:127) [qaf-3.0.0.jar:?]
	at com.qmetry.qaf.automation.step.client.Scenario.execute(Scenario.java:174) [qaf-3.0.0.jar:?]
	at com.qmetry.qaf.automation.step.client.Scenario.scenario(Scenario.java:237) [qaf-3.0.0.jar:?]
	at jdk.internal.reflect.NativeMethodAccessorImpl.invoke0(Native Method) ~[?:?]
	at jdk.internal.reflect.NativeMethodAccessorImpl.invoke(NativeMethodAccessorImpl.java:62) ~[?:?]
	at jdk.internal.reflect.DelegatingMethodAccessorImpl.invoke(DelegatingMethodAccessorImpl.java:43) ~[?:?]
	at java.lang.reflect.Method.invoke(Method.java:566) ~[?:?]
	at org.testng.internal.MethodInvocationHelper.invokeMethod(MethodInvocationHelper.java:104) [testng-6.10.jar:?]
	at org.testng.internal.Invoker.invokeMethod(Invoker.java:645) [testng-6.10.jar:?]
	at org.testng.internal.Invoker.invokeTestMethod(Invoker.java:851) [testng-6.10.jar:?]
	at org.testng.internal.Invoker.invokeTestMethods(Invoker.java:1177) [testng-6.10.jar:?]
	at org.testng.internal.TestMethodWorker.invokeTestMethods(TestMethodWorker.java:129) [testng-6.10.jar:?]
	at org.testng.internal.TestMethodWorker.run(TestMethodWorker.java:112) [testng-6.10.jar:?]
	at org.testng.TestRunner.privateRun(TestRunner.java:778) [qaf-3.0.0.jar:?]
	at org.testng.TestRunner.run(TestRunner.java:632) [qaf-3.0.0.jar:?]
	at org.testng.SuiteRunner.runTest(SuiteRunner.java:387) [testng-6.10.jar:?]
	at org.testng.SuiteRunner.access$000(SuiteRunner.java:39) [testng-6.10.jar:?]
	at org.testng.SuiteRunner$SuiteWorker.run(SuiteRunner.java:421) [testng-6.10.jar:?]
	at org.testng.internal.thread.ThreadUtil$2.call(ThreadUtil.java:64) [testng-6.10.jar:?]
	at java.util.concurrent.FutureTask.run(FutureTask.java:264) [?:?]
	at java.util.concurrent.ThreadPoolExecutor.runWorker(ThreadPoolExecutor.java:1128) [?:?]
	at java.util.concurrent.ThreadPoolExecutor$Worker.run(ThreadPoolExecutor.java:628) [?:?]
	at java.lang.Thread.run(Thread.java:829) [?:?]
Caused by: org.openqa.selenium.WebDriverException: Unable to create driver instance in 1st attempt with retry timeout of 60 seconds. You can check/set value of 'driver.init.retry.timeout' appropriately to set retry timeout on driver initialization failure.
Build info: version: '3.141.59', revision: 'e82be7d358', time: '2018-11-14T08:17:03'
System info: host: 'Khalids-MacBook-Pro.local', ip: 'fe80:0:0:0:22:b78f:9ba5:a56d%en0', os.name: 'Mac OS X', os.arch: 'x86_64', os.version: '11.3', java.version: '11.0.12'
Driver info: driver.version: unknown
	at com.qmetry.qaf.automation.core.QAFTestBase$DriverInitExpectedCondition.apply(QAFTestBase.java:572) ~[qaf-3.0.0.jar:?]
	at com.qmetry.qaf.automation.core.QAFTestBase$DriverInitExpectedCondition.apply(QAFTestBase.java:1) ~[qaf-3.0.0.jar:?]
	at com.qmetry.qaf.automation.ui.util.DynamicWait.until(DynamicWait.java:147) ~[qaf-3.0.0.jar:?]
	... 38 more
Caused by: java.lang.ClassNotFoundException: com.thoughtworks.selenium.CommandProcessor
	at jdk.internal.loader.BuiltinClassLoader.loadClass(BuiltinClassLoader.java:581) ~[?:?]
	at jdk.internal.loader.ClassLoaders$AppClassLoader.loadClass(ClassLoaders.java:178) ~[?:?]
	at java.lang.ClassLoader.loadClass(ClassLoader.java:522) ~[?:?]
	at com.qmetry.qaf.automation.ui.UiDriverFactory.get(UiDriverFactory.java:96) ~[quantum-support-1.23.0.jar:?]
	at com.qmetry.qaf.automation.core.QAFTestBase$DriverInitExpectedCondition.apply(QAFTestBase.java:568) ~[qaf-3.0.0.jar:?]
	at com.qmetry.qaf.automation.core.QAFTestBase$DriverInitExpectedCondition.apply(QAFTestBase.java:1) ~[qaf-3.0.0.jar:?]
	at com.qmetry.qaf.automation.ui.util.DynamicWait.until(DynamicWait.java:147) ~[qaf-3.0.0.jar:?]
	... 38 more
14:28:08 Failure Teststep: Given I open browser to webpage "https://www.wikipedia.org/" with arguments: [https://www.wikipedia.org/]
org.openqa.selenium.TimeoutException: Timed out after 0 seconds: Unable to create driver instance in 1st attempt with retry timeout of 60 seconds. You can check/set value of 'driver.init.retry.timeout' appropriately to set retry timeout on driver initialization failure.
	at com.qmetry.qaf.automation.ui.util.DynamicWait.until(DynamicWait.java:168) ~[qaf-3.0.0.jar:?]
	at com.qmetry.qaf.automation.core.QAFTestBase.init(QAFTestBase.java:478) ~[qaf-3.0.0.jar:?]
	at com.qmetry.qaf.automation.core.QAFTestBase.getUiDriver(QAFTestBase.java:253) ~[qaf-3.0.0.jar:?]
	at com.qmetry.qaf.automation.ui.WebDriverTestBase.getDriver(WebDriverTestBase.java:44) ~[qaf-3.0.0.jar:?]
	at com.qmetry.qaf.automation.step.CommonStep.get_aroundBody24(CommonStep.java:296) ~[qaf-support-3.0.0.jar:?]
	at com.qmetry.qaf.automation.step.CommonStep$AjcClosure25.run(CommonStep.java:1) ~[qaf-support-3.0.0.jar:?]
	at org.aspectj.runtime.reflect.JoinPointImpl.proceed(JoinPointImpl.java:167) ~[aspectjweaver-1.9.4.jar:?]
	at com.qmetry.qaf.automation.step.JavaStepReporter.javaTestStep(JavaStepReporter.java:93) ~[qaf-3.0.0.jar:?]
	at com.qmetry.qaf.automation.step.CommonStep.get(CommonStep.java:295) ~[qaf-support-3.0.0.jar:?]
	at com.quantum.steps.PerfectoApplicationSteps.navigateToURL(PerfectoApplicationSteps.java:576) ~[quantum-support-1.23.0.jar:?]
	at jdk.internal.reflect.NativeMethodAccessorImpl.invoke0(Native Method) ~[?:?]
	at jdk.internal.reflect.NativeMethodAccessorImpl.invoke(NativeMethodAccessorImpl.java:62) ~[?:?]
	at jdk.internal.reflect.DelegatingMethodAccessorImpl.invoke(DelegatingMethodAccessorImpl.java:43) ~[?:?]
	at java.lang.reflect.Method.invoke(Method.java:566) ~[?:?]
	at com.qmetry.qaf.automation.step.JavaStep.doExecute(JavaStep.java:150) ~[qaf-3.0.0.jar:?]
	at com.qmetry.qaf.automation.step.BaseTestStep.execute(BaseTestStep.java:149) [qaf-3.0.0.jar:?]
	at com.qmetry.qaf.automation.step.StringTestStep.execute(StringTestStep.java:127) [qaf-3.0.0.jar:?]
	at com.qmetry.qaf.automation.step.client.Scenario.execute(Scenario.java:174) [qaf-3.0.0.jar:?]
	at com.qmetry.qaf.automation.step.client.Scenario.scenario(Scenario.java:237) [qaf-3.0.0.jar:?]
	at jdk.internal.reflect.NativeMethodAccessorImpl.invoke0(Native Method) ~[?:?]
	at jdk.internal.reflect.NativeMethodAccessorImpl.invoke(NativeMethodAccessorImpl.java:62) ~[?:?]
	at jdk.internal.reflect.DelegatingMethodAccessorImpl.invoke(DelegatingMethodAccessorImpl.java:43) ~[?:?]
	at java.lang.reflect.Method.invoke(Method.java:566) ~[?:?]
	at org.testng.internal.MethodInvocationHelper.invokeMethod(MethodInvocationHelper.java:104) [testng-6.10.jar:?]
	at org.testng.internal.Invoker.invokeMethod(Invoker.java:645) [testng-6.10.jar:?]
	at org.testng.internal.Invoker.invokeTestMethod(Invoker.java:851) [testng-6.10.jar:?]
	at org.testng.internal.Invoker.invokeTestMethods(Invoker.java:1177) [testng-6.10.jar:?]
	at org.testng.internal.TestMethodWorker.invokeTestMethods(TestMethodWorker.java:129) [testng-6.10.jar:?]
	at org.testng.internal.TestMethodWorker.run(TestMethodWorker.java:112) [testng-6.10.jar:?]
	at org.testng.TestRunner.privateRun(TestRunner.java:778) [qaf-3.0.0.jar:?]
	at org.testng.TestRunner.run(TestRunner.java:632) [qaf-3.0.0.jar:?]
	at org.testng.SuiteRunner.runTest(SuiteRunner.java:387) [testng-6.10.jar:?]
	at org.testng.SuiteRunner.access$000(SuiteRunner.java:39) [testng-6.10.jar:?]
	at org.testng.SuiteRunner$SuiteWorker.run(SuiteRunner.java:421) [testng-6.10.jar:?]
	at org.testng.internal.thread.ThreadUtil$2.call(ThreadUtil.java:64) [testng-6.10.jar:?]
	at java.util.concurrent.FutureTask.run(FutureTask.java:264) [?:?]
	at java.util.concurrent.ThreadPoolExecutor.runWorker(ThreadPoolExecutor.java:1128) [?:?]
	at java.util.concurrent.ThreadPoolExecutor$Worker.run(ThreadPoolExecutor.java:628) [?:?]
	at java.lang.Thread.run(Thread.java:829) [?:?]
Caused by: org.openqa.selenium.WebDriverException: Unable to create driver instance in 1st attempt with retry timeout of 60 seconds. You can check/set value of 'driver.init.retry.timeout' appropriately to set retry timeout on driver initialization failure.
Build info: version: '3.141.59', revision: 'e82be7d358', time: '2018-11-14T08:17:03'
System info: host: 'Khalids-MacBook-Pro.local', ip: 'fe80:0:0:0:22:b78f:9ba5:a56d%en0', os.name: 'Mac OS X', os.arch: 'x86_64', os.version: '11.3', java.version: '11.0.12'
Driver info: driver.version: unknown
	at com.qmetry.qaf.automation.core.QAFTestBase$DriverInitExpectedCondition.apply(QAFTestBase.java:572) ~[qaf-3.0.0.jar:?]
	at com.qmetry.qaf.automation.core.QAFTestBase$DriverInitExpectedCondition.apply(QAFTestBase.java:1) ~[qaf-3.0.0.jar:?]
	at com.qmetry.qaf.automation.ui.util.DynamicWait.until(DynamicWait.java:147) ~[qaf-3.0.0.jar:?]
	... 38 more
Caused by: java.lang.ClassNotFoundException: com.thoughtworks.selenium.CommandProcessor
	at jdk.internal.loader.BuiltinClassLoader.loadClass(BuiltinClassLoader.java:581) ~[?:?]
	at jdk.internal.loader.ClassLoaders$AppClassLoader.loadClass(ClassLoaders.java:178) ~[?:?]
	at java.lang.ClassLoader.loadClass(ClassLoader.java:522) ~[?:?]
	at com.qmetry.qaf.automation.ui.UiDriverFactory.get(UiDriverFactory.java:96) ~[quantum-support-1.23.0.jar:?]
	at com.qmetry.qaf.automation.core.QAFTestBase$DriverInitExpectedCondition.apply(QAFTestBase.java:568) ~[qaf-3.0.0.jar:?]
	at com.qmetry.qaf.automation.core.QAFTestBase$DriverInitExpectedCondition.apply(QAFTestBase.java:1) ~[qaf-3.0.0.jar:?]
	at com.qmetry.qaf.automation.ui.util.DynamicWait.until(DynamicWait.java:147) ~[qaf-3.0.0.jar:?]
	... 38 more
14:28:08 Completed Teststep: Given I open browser to webpage "https://www.wikipedia.org/" with arguments: [https://www.wikipedia.org/]
14:28:08 Completed Teststep: Given I open browser to webpage "https://www.wikipedia.org/" with arguments: [https://www.wikipedia.org/]
14:28:08 Competed scenario: open Wikipedia with status FAILURE
14:28:08 Competed scenario: open Wikipedia with status FAILURE
14:28:08 Unable to create testng-failed-qas.xml
14:28:28 ISFW build info: {qaf-Type=core, qaf-Revision=0, qaf-Build-Time=26-Jul-2020 22:16:34, qaf-Version=3.0}
14:28:28 Resource dir: /Users/shaikhalid/Documents/BrowserStack/Customer Usecase Repos/QuantumFramework/Quantum-Starter-Kit/src/main/resources/common. Found property files to load: 1
14:28:28 Resource dir: /Users/shaikhalid/Documents/BrowserStack/Customer Usecase Repos/QuantumFramework/Quantum-Starter-Kit/src/main/resources/common. Found property files to load: 1
14:28:28 scenario.file.loc[Ljava.lang.String;@458342d3
14:28:28 loading feature file: /Users/shaikhalid/Documents/BrowserStack/Customer Usecase Repos/QuantumFramework/Quantum-Starter-Kit/src/main/resources/scenarios/webSearch.feature
14:28:28 loading feature file: /Users/shaikhalid/Documents/BrowserStack/Customer Usecase Repos/QuantumFramework/Quantum-Starter-Kit/src/main/resources/scenarios/appium.feature
14:28:28 loading feature file: /Users/shaikhalid/Documents/BrowserStack/Customer Usecase Repos/QuantumFramework/Quantum-Starter-Kit/src/main/resources/scenarios/03createTest.feature
14:28:28 loading feature file: /Users/shaikhalid/Documents/BrowserStack/Customer Usecase Repos/QuantumFramework/Quantum-Starter-Kit/src/main/resources/scenarios/01firstRun.feature
14:28:28 loading feature file: /Users/shaikhalid/Documents/BrowserStack/Customer Usecase Repos/QuantumFramework/Quantum-Starter-Kit/src/main/resources/scenarios/02sampleTestCase.feature
14:28:28 total test found: 1
14:28:28 scenario.file.loc[Ljava.lang.String;@10b892d5
14:28:28 loading feature file: /Users/shaikhalid/Documents/BrowserStack/Customer Usecase Repos/QuantumFramework/Quantum-Starter-Kit/src/main/resources/scenarios/webSearch.feature
14:28:28 loading feature file: /Users/shaikhalid/Documents/BrowserStack/Customer Usecase Repos/QuantumFramework/Quantum-Starter-Kit/src/main/resources/scenarios/appium.feature
14:28:28 loading feature file: /Users/shaikhalid/Documents/BrowserStack/Customer Usecase Repos/QuantumFramework/Quantum-Starter-Kit/src/main/resources/scenarios/03createTest.feature
14:28:28 loading feature file: /Users/shaikhalid/Documents/BrowserStack/Customer Usecase Repos/QuantumFramework/Quantum-Starter-Kit/src/main/resources/scenarios/01firstRun.feature
14:28:28 loading feature file: /Users/shaikhalid/Documents/BrowserStack/Customer Usecase Repos/QuantumFramework/Quantum-Starter-Kit/src/main/resources/scenarios/02sampleTestCase.feature
14:28:28 total test found: 1
14:28:28 

Executing scenario: open Wikipedia - 
14:28:28 

Executing scenario: open Wikipedia - 
14:28:28 pkg: com.qmetry.qaf.automation.step
14:28:28 pkg: com.qmetry.qaf.automation.step
14:28:28 pkg: com.quantum.steps
14:28:28 pkg: com.quantum.steps
14:28:28 Invoking Teststep: Given I open browser to webpage "https://www.wikipedia.org/" with arguments: [https://www.wikipedia.org/]
14:28:28 Invoking Teststep: Given I open browser to webpage "https://www.wikipedia.org/" with arguments: [https://www.wikipedia.org/]
14:28:28 Initializing Driver...browser_str:perfectoRemoteDriver,base_url:,sel_server:https://khalidshaikh_Cc8Pao:hxV3ZVmYkXGJXRbiyrvW@hub-cloud.browserstack.com/wd/hub,port:80
14:28:28 Initializing Driver...browser_str:perfectoRemoteDriver,base_url:,sel_server:https://khalidshaikh_Cc8Pao:hxV3ZVmYkXGJXRbiyrvW@hub-cloud.browserstack.com/wd/hub,port:80
14:28:28 Driver: perfectoRemoteDriver
14:28:28 Driver: perfectoRemoteDriver
14:28:28 Direct Driver Connect
14:28:28 Direct Driver Connect
14:28:38 Executing setTimeout parameters: {"implicit":0}
14:28:38 command: setTimeout[ param-1: {implicit=0}] Result: null
14:28:38 driver init done
14:28:38 Executing get parameters: {"url":"https://www.wikipedia.org/"}
14:28:40 Executing setTimeout parameters: {"implicit":0}
14:28:40 command: get[ param-1: {url=https://www.wikipedia.org/}] Result: null
14:28:40 Completed Teststep: Given I open browser to webpage "https://www.wikipedia.org/" with arguments: [https://www.wikipedia.org/]
14:28:40 Invoking Teststep: Then I must see text "The Free Encyclopedia" with arguments: [The Free Encyclopedia]
14:28:40 Executing executeScript parameters: {"args":[{"threshold":"100","content":"The Free Encyclopedia","timeout":60}],"script":"mobile:checkpoint:text"}
14:28:40 command: setTimeout[ param-1: {implicit=0}] Result: null
14:28:40 driver init done
14:28:40 Executing get parameters: {"url":"https://www.wikipedia.org/"}
14:28:40 command: executeScript[ param-1: {args=[{threshold=100, content=The Free Encyclopedia, timeout=60}], script=mobile:checkpoint:text}] Result: Unknown mobile command 'checkpoint:text'. Only tap, scroll, selectPickerWheelValue, swipe, pinch, doubleTap, twoFingerTap, tapWithNumberOfTaps, touchAndHold, dragFromToForDuration, rotateElement, alert, setPasteboard, getPasteboard, source, getContexts, installApp, isAppInstalled, removeApp, launchApp, terminateApp, queryAppState, activateApp, viewportScreenshot, startPerfRecord, stopPerfRecord, installCertificate, startLogsBroadcast, stopLogsBroadcast, batteryInfo, deviceInfo, getDeviceTime, activeAppInfo, pressButton, enrollBiometric, sendBiometricMatch, isBiometricEnrolled, clearKeychains, getPermission, setPermission, getAppearance, setAppearance, siriCommand, deleteFile, deleteFolder commands are supported. (WARNING: The server did not provide any stacktrace information)
Command duration or timeout: 0 milliseconds
Build info: version: '3.141.59', revision: 'e82be7d358', time: '2018-11-14T08:17:03'
System info: host: 'Khalids-MacBook-Pro.local', ip: 'fe80:0:0:0:22:b78f:9ba5:a56d%en0', os.name: 'Mac OS X', os.arch: 'x86_64', os.version: '11.3', java.version: '11.0.12'
Driver info: com.qmetry.qaf.automation.ui.webdriver.QAFExtendedWebDriver
Capabilities {64bit: false, acceptSslCert: false, acceptSslCerts: false, automationName: XCUITest, bootstrapPath: /usr/local/.browserstack/co..., browser: iphone, browserName: safari, browserstack.appium_version: 1.17.0, browserstack.isTargetBased: true, browserstack.is_hub_canary: false, cssSelectorsEnabled: true, databaseEnabled: false, detected_language: selenium/3.141.59 (java mac), device: iphone, deviceName: iPhone 12, deviceOrientation: PORTRAIT, javascriptEnabled: true, locationContextEnabled: false, mobile: {browser: mobile, version: iPhone 12-14.1}, networkConnectionEnabled: false, newCommandTimeout: 0, new_bucketing: true, noReset: true, orientation: PORTRAIT, orig_os: ios, osVersion: 14, os_version: 14.0, platform: MAC, platformName: MAC, realMobile: true, safariIgnoreFraudWarning: true, safariInitialUrl: http://mobile-internet-chec..., securityToken: <<CQ_LAB_SECURITY_TOKEN>>, takesScreenshot: true, udid: 00008101-000450882401401E, useXctestrunFile: true, user: <<CQ_LAB_USER>>, version: , wda_port: 8405, webStorageEnabled: false, webkitResponseTimeout: 20000}
Session ID: 8dcdb91cd08866c21910372607f83f8b91ef7c76
14:28:40 Failure Teststep: Then I must see text "The Free Encyclopedia" with arguments: [The Free Encyclopedia]
org.openqa.selenium.UnsupportedCommandException: Unknown mobile command 'checkpoint:text'. Only tap, scroll, selectPickerWheelValue, swipe, pinch, doubleTap, twoFingerTap, tapWithNumberOfTaps, touchAndHold, dragFromToForDuration, rotateElement, alert, setPasteboard, getPasteboard, source, getContexts, installApp, isAppInstalled, removeApp, launchApp, terminateApp, queryAppState, activateApp, viewportScreenshot, startPerfRecord, stopPerfRecord, installCertificate, startLogsBroadcast, stopLogsBroadcast, batteryInfo, deviceInfo, getDeviceTime, activeAppInfo, pressButton, enrollBiometric, sendBiometricMatch, isBiometricEnrolled, clearKeychains, getPermission, setPermission, getAppearance, setAppearance, siriCommand, deleteFile, deleteFolder commands are supported. (WARNING: The server did not provide any stacktrace information)
Command duration or timeout: 0 milliseconds
Build info: version: '3.141.59', revision: 'e82be7d358', time: '2018-11-14T08:17:03'
System info: host: 'Khalids-MacBook-Pro.local', ip: 'fe80:0:0:0:22:b78f:9ba5:a56d%en0', os.name: 'Mac OS X', os.arch: 'x86_64', os.version: '11.3', java.version: '11.0.12'
Driver info: com.qmetry.qaf.automation.ui.webdriver.QAFExtendedWebDriver
Capabilities {64bit: false, acceptSslCert: false, acceptSslCerts: false, automationName: XCUITest, bootstrapPath: /usr/local/.browserstack/co..., browser: iphone, browserName: safari, browserstack.appium_version: 1.17.0, browserstack.isTargetBased: true, browserstack.is_hub_canary: false, cssSelectorsEnabled: true, databaseEnabled: false, detected_language: selenium/3.141.59 (java mac), device: iphone, deviceName: iPhone 12, deviceOrientation: PORTRAIT, javascriptEnabled: true, locationContextEnabled: false, mobile: {browser: mobile, version: iPhone 12-14.1}, networkConnectionEnabled: false, newCommandTimeout: 0, new_bucketing: true, noReset: true, orientation: PORTRAIT, orig_os: ios, osVersion: 14, os_version: 14.0, platform: MAC, platformName: MAC, realMobile: true, safariIgnoreFraudWarning: true, safariInitialUrl: http://mobile-internet-chec..., securityToken: <<CQ_LAB_SECURITY_TOKEN>>, takesScreenshot: true, udid: 00008101-000450882401401E, useXctestrunFile: true, user: <<CQ_LAB_USER>>, version: , wda_port: 8405, webStorageEnabled: false, webkitResponseTimeout: 20000}
Session ID: 8dcdb91cd08866c21910372607f83f8b91ef7c76
	at jdk.internal.reflect.NativeConstructorAccessorImpl.newInstance0(Native Method) ~[?:?]
	at jdk.internal.reflect.NativeConstructorAccessorImpl.newInstance(NativeConstructorAccessorImpl.java:62) ~[?:?]
	at jdk.internal.reflect.DelegatingConstructorAccessorImpl.newInstance(DelegatingConstructorAccessorImpl.java:45) ~[?:?]
	at java.lang.reflect.Constructor.newInstance(Constructor.java:490) ~[?:?]
	at org.openqa.selenium.remote.ErrorHandler.createThrowable(ErrorHandler.java:214) ~[selenium-remote-driver-3.141.59.jar:?]
	at org.openqa.selenium.remote.ErrorHandler.throwIfResponseFailed(ErrorHandler.java:166) ~[selenium-remote-driver-3.141.59.jar:?]
	at org.openqa.selenium.remote.http.JsonHttpResponseCodec.reconstructValue(JsonHttpResponseCodec.java:40) ~[selenium-remote-driver-3.141.59.jar:?]
	at org.openqa.selenium.remote.http.AbstractHttpResponseCodec.decode(AbstractHttpResponseCodec.java:80) ~[selenium-remote-driver-3.141.59.jar:?]
	at org.openqa.selenium.remote.http.AbstractHttpResponseCodec.decode(AbstractHttpResponseCodec.java:44) ~[selenium-remote-driver-3.141.59.jar:?]
	at org.openqa.selenium.remote.HttpCommandExecutor.execute(HttpCommandExecutor.java:158) ~[selenium-remote-driver-3.141.59.jar:?]
	at org.openqa.selenium.remote.RemoteWebDriver.execute(RemoteWebDriver.java:552) ~[selenium-remote-driver-3.141.59.jar:?]
	at com.qmetry.qaf.automation.ui.webdriver.QAFExtendedWebDriver.execute(QAFExtendedWebDriver.java:233) ~[quantum-support-1.23.0.jar:?]
	at com.qmetry.qaf.automation.ui.webdriver.QAFExtendedWebDriver.executeScript(QAFExtendedWebDriver.java:571) ~[quantum-support-1.23.0.jar:?]
	at com.quantum.utils.DeviceUtils.isText(DeviceUtils.java:268) ~[quantum-support-1.23.0.jar:?]
	at com.quantum.utils.DeviceUtils.assertVisualText(DeviceUtils.java:47) ~[quantum-support-1.23.0.jar:?]
	at com.quantum.steps.PerfectoApplicationSteps.asserVisualText(PerfectoApplicationSteps.java:436) ~[quantum-support-1.23.0.jar:?]
	at jdk.internal.reflect.NativeMethodAccessorImpl.invoke0(Native Method) ~[?:?]
	at jdk.internal.reflect.NativeMethodAccessorImpl.invoke(NativeMethodAccessorImpl.java:62) ~[?:?]
	at jdk.internal.reflect.DelegatingMethodAccessorImpl.invoke(DelegatingMethodAccessorImpl.java:43) ~[?:?]
	at java.lang.reflect.Method.invoke(Method.java:566) ~[?:?]
	at com.qmetry.qaf.automation.step.JavaStep.doExecute(JavaStep.java:150) ~[qaf-3.0.0.jar:?]
	at com.qmetry.qaf.automation.step.BaseTestStep.execute(BaseTestStep.java:149) [qaf-3.0.0.jar:?]
	at com.qmetry.qaf.automation.step.StringTestStep.execute(StringTestStep.java:127) [qaf-3.0.0.jar:?]
	at com.qmetry.qaf.automation.step.client.Scenario.execute(Scenario.java:174) [qaf-3.0.0.jar:?]
	at com.qmetry.qaf.automation.step.client.Scenario.scenario(Scenario.java:237) [qaf-3.0.0.jar:?]
	at jdk.internal.reflect.NativeMethodAccessorImpl.invoke0(Native Method) ~[?:?]
	at jdk.internal.reflect.NativeMethodAccessorImpl.invoke(NativeMethodAccessorImpl.java:62) ~[?:?]
	at jdk.internal.reflect.DelegatingMethodAccessorImpl.invoke(DelegatingMethodAccessorImpl.java:43) ~[?:?]
	at java.lang.reflect.Method.invoke(Method.java:566) ~[?:?]
	at org.testng.internal.MethodInvocationHelper.invokeMethod(MethodInvocationHelper.java:104) [testng-6.10.jar:?]
	at org.testng.internal.Invoker.invokeMethod(Invoker.java:645) [testng-6.10.jar:?]
	at org.testng.internal.Invoker.invokeTestMethod(Invoker.java:851) [testng-6.10.jar:?]
	at org.testng.internal.Invoker.invokeTestMethods(Invoker.java:1177) [testng-6.10.jar:?]
	at org.testng.internal.TestMethodWorker.invokeTestMethods(TestMethodWorker.java:129) [testng-6.10.jar:?]
	at org.testng.internal.TestMethodWorker.run(TestMethodWorker.java:112) [testng-6.10.jar:?]
	at org.testng.TestRunner.privateRun(TestRunner.java:778) [qaf-3.0.0.jar:?]
	at org.testng.TestRunner.run(TestRunner.java:632) [qaf-3.0.0.jar:?]
	at org.testng.SuiteRunner.runTest(SuiteRunner.java:387) [testng-6.10.jar:?]
	at org.testng.SuiteRunner.access$000(SuiteRunner.java:39) [testng-6.10.jar:?]
	at org.testng.SuiteRunner$SuiteWorker.run(SuiteRunner.java:421) [testng-6.10.jar:?]
	at org.testng.internal.thread.ThreadUtil$2.call(ThreadUtil.java:64) [testng-6.10.jar:?]
	at java.util.concurrent.FutureTask.run(FutureTask.java:264) [?:?]
	at java.util.concurrent.ThreadPoolExecutor.runWorker(ThreadPoolExecutor.java:1128) [?:?]
	at java.util.concurrent.ThreadPoolExecutor$Worker.run(ThreadPoolExecutor.java:628) [?:?]
	at java.lang.Thread.run(Thread.java:829) [?:?]
14:28:40 Completed Teststep: Then I must see text "The Free Encyclopedia" with arguments: [The Free Encyclopedia]
14:28:40 Competed scenario: open Wikipedia with status FAILURE
14:28:40 Executing screenshot parameters: {}
14:28:41 Executing quit parameters: {}
14:28:41 command: get[ param-1: {url=https://www.wikipedia.org/}] Result: null
14:28:41 Completed Teststep: Given I open browser to webpage "https://www.wikipedia.org/" with arguments: [https://www.wikipedia.org/]
14:28:41 Invoking Teststep: Then I must see text "The Free Encyclopedia" with arguments: [The Free Encyclopedia]
14:28:41 Executing executeScript parameters: {"args":[{"threshold":"100","content":"The Free Encyclopedia","timeout":60}],"script":"mobile:checkpoint:text"}
14:28:42 command: executeScript[ param-1: {args=[{threshold=100, content=The Free Encyclopedia, timeout=60}], script=mobile:checkpoint:text}] Result: Unknown mobile command "checkpoint:text". Only shell,scrollBackTo,viewportScreenshot,deepLink,startLogsBroadcast,stopLogsBroadcast,acceptAlert,dismissAlert,batteryInfo,deviceInfo,changePermissions,getPermissions,performEditorAction,startScreenStreaming,stopScreenStreaming,getNotifications,listSms,type commands are supported. (WARNING: The server did not provide any stacktrace information)
Command duration or timeout: 0 milliseconds
Build info: version: '3.141.59', revision: 'e82be7d358', time: '2018-11-14T08:17:03'
System info: host: 'Khalids-MacBook-Pro.local', ip: 'fe80:0:0:0:22:b78f:9ba5:a56d%en0', os.name: 'Mac OS X', os.arch: 'x86_64', os.version: '11.3', java.version: '11.0.12'
Driver info: com.qmetry.qaf.automation.ui.webdriver.QAFExtendedWebDriver
Capabilities {64bit: false, acceptSslCert: false, acceptSslCerts: false, appActivity: com.google.android.apps.chr..., appPackage: com.android.chrome, automationName: Appium, browser: chrome_android, browserName: chrome, browserstack.appium_version: 1.17.0, browserstack.is_hub_canary: false, chromeOptions: {args: [--proxy-bypass-list=<-loopb..., test-type, --proxy-server=http://62.20..., --disable-features=Translate], w3c: false}, chromedriverPort: 18086, cssSelectorsEnabled: true, databaseEnabled: false, detected_language: selenium/3.141.59 (java mac), device: Samsung Galaxy S20, deviceApiLevel: 29, deviceManufacturer: samsung, deviceModel: SM-G981B, deviceName: RFCN20AAK3L, deviceOrientation: portrait, deviceScreenDensity: 480, deviceScreenSize: 1080x2400, deviceUDID: RFCN20AAK3L, enablePerformanceLogging: false, javascriptEnabled: true, locationContextEnabled: false, loggingPrefs: org.openqa.selenium.logging..., mobile: {browser: mobile, version: Samsung Galaxy S20-10.0}, networkConnectionEnabled: true, newCommandTimeout: 0, new_bucketing: true, orientation: PORTRAIT, orig_os: android, osVersion: 10, os_version: 10.0, pixelRatio: 3, platform: ANDROID, platformName: ANDROID, platformVersion: 10, realMobile: true, securityToken: <<CQ_LAB_SECURITY_TOKEN>>, skipServerInstallation: true, statBarHeight: 77, systemPort: 8206, takesScreenshot: true, udid: RFCN20AAK3L, user: <<CQ_LAB_USER>>, version: , viewportRect: {height: 2101, left: 0, top: 77, width: 1080}, warnings: {}, webStorageEnabled: false}
Session ID: b8cc77cf7d7a9291c4d59ebde4a328e04a54d700
14:28:42 Failure Teststep: Then I must see text "The Free Encyclopedia" with arguments: [The Free Encyclopedia]
org.openqa.selenium.UnsupportedCommandException: Unknown mobile command "checkpoint:text". Only shell,scrollBackTo,viewportScreenshot,deepLink,startLogsBroadcast,stopLogsBroadcast,acceptAlert,dismissAlert,batteryInfo,deviceInfo,changePermissions,getPermissions,performEditorAction,startScreenStreaming,stopScreenStreaming,getNotifications,listSms,type commands are supported. (WARNING: The server did not provide any stacktrace information)
Command duration or timeout: 0 milliseconds
Build info: version: '3.141.59', revision: 'e82be7d358', time: '2018-11-14T08:17:03'
System info: host: 'Khalids-MacBook-Pro.local', ip: 'fe80:0:0:0:22:b78f:9ba5:a56d%en0', os.name: 'Mac OS X', os.arch: 'x86_64', os.version: '11.3', java.version: '11.0.12'
Driver info: com.qmetry.qaf.automation.ui.webdriver.QAFExtendedWebDriver
Capabilities {64bit: false, acceptSslCert: false, acceptSslCerts: false, appActivity: com.google.android.apps.chr..., appPackage: com.android.chrome, automationName: Appium, browser: chrome_android, browserName: chrome, browserstack.appium_version: 1.17.0, browserstack.is_hub_canary: false, chromeOptions: {args: [--proxy-bypass-list=<-loopb..., test-type, --proxy-server=http://62.20..., --disable-features=Translate], w3c: false}, chromedriverPort: 18086, cssSelectorsEnabled: true, databaseEnabled: false, detected_language: selenium/3.141.59 (java mac), device: Samsung Galaxy S20, deviceApiLevel: 29, deviceManufacturer: samsung, deviceModel: SM-G981B, deviceName: RFCN20AAK3L, deviceOrientation: portrait, deviceScreenDensity: 480, deviceScreenSize: 1080x2400, deviceUDID: RFCN20AAK3L, enablePerformanceLogging: false, javascriptEnabled: true, locationContextEnabled: false, loggingPrefs: org.openqa.selenium.logging..., mobile: {browser: mobile, version: Samsung Galaxy S20-10.0}, networkConnectionEnabled: true, newCommandTimeout: 0, new_bucketing: true, orientation: PORTRAIT, orig_os: android, osVersion: 10, os_version: 10.0, pixelRatio: 3, platform: ANDROID, platformName: ANDROID, platformVersion: 10, realMobile: true, securityToken: <<CQ_LAB_SECURITY_TOKEN>>, skipServerInstallation: true, statBarHeight: 77, systemPort: 8206, takesScreenshot: true, udid: RFCN20AAK3L, user: <<CQ_LAB_USER>>, version: , viewportRect: {height: 2101, left: 0, top: 77, width: 1080}, warnings: {}, webStorageEnabled: false}
Session ID: b8cc77cf7d7a9291c4d59ebde4a328e04a54d700
	at jdk.internal.reflect.NativeConstructorAccessorImpl.newInstance0(Native Method) ~[?:?]
	at jdk.internal.reflect.NativeConstructorAccessorImpl.newInstance(NativeConstructorAccessorImpl.java:62) ~[?:?]
	at jdk.internal.reflect.DelegatingConstructorAccessorImpl.newInstance(DelegatingConstructorAccessorImpl.java:45) ~[?:?]
	at java.lang.reflect.Constructor.newInstance(Constructor.java:490) ~[?:?]
	at org.openqa.selenium.remote.ErrorHandler.createThrowable(ErrorHandler.java:214) ~[selenium-remote-driver-3.141.59.jar:?]
	at org.openqa.selenium.remote.ErrorHandler.throwIfResponseFailed(ErrorHandler.java:166) ~[selenium-remote-driver-3.141.59.jar:?]
	at org.openqa.selenium.remote.http.JsonHttpResponseCodec.reconstructValue(JsonHttpResponseCodec.java:40) ~[selenium-remote-driver-3.141.59.jar:?]
	at org.openqa.selenium.remote.http.AbstractHttpResponseCodec.decode(AbstractHttpResponseCodec.java:80) ~[selenium-remote-driver-3.141.59.jar:?]
	at org.openqa.selenium.remote.http.AbstractHttpResponseCodec.decode(AbstractHttpResponseCodec.java:44) ~[selenium-remote-driver-3.141.59.jar:?]
	at org.openqa.selenium.remote.HttpCommandExecutor.execute(HttpCommandExecutor.java:158) ~[selenium-remote-driver-3.141.59.jar:?]
	at org.openqa.selenium.remote.RemoteWebDriver.execute(RemoteWebDriver.java:552) ~[selenium-remote-driver-3.141.59.jar:?]
	at com.qmetry.qaf.automation.ui.webdriver.QAFExtendedWebDriver.execute(QAFExtendedWebDriver.java:233) ~[quantum-support-1.23.0.jar:?]
	at com.qmetry.qaf.automation.ui.webdriver.QAFExtendedWebDriver.executeScript(QAFExtendedWebDriver.java:571) ~[quantum-support-1.23.0.jar:?]
	at com.quantum.utils.DeviceUtils.isText(DeviceUtils.java:268) ~[quantum-support-1.23.0.jar:?]
	at com.quantum.utils.DeviceUtils.assertVisualText(DeviceUtils.java:47) ~[quantum-support-1.23.0.jar:?]
	at com.quantum.steps.PerfectoApplicationSteps.asserVisualText(PerfectoApplicationSteps.java:436) ~[quantum-support-1.23.0.jar:?]
	at jdk.internal.reflect.NativeMethodAccessorImpl.invoke0(Native Method) ~[?:?]
	at jdk.internal.reflect.NativeMethodAccessorImpl.invoke(NativeMethodAccessorImpl.java:62) ~[?:?]
	at jdk.internal.reflect.DelegatingMethodAccessorImpl.invoke(DelegatingMethodAccessorImpl.java:43) ~[?:?]
	at java.lang.reflect.Method.invoke(Method.java:566) ~[?:?]
	at com.qmetry.qaf.automation.step.JavaStep.doExecute(JavaStep.java:150) ~[qaf-3.0.0.jar:?]
	at com.qmetry.qaf.automation.step.BaseTestStep.execute(BaseTestStep.java:149) [qaf-3.0.0.jar:?]
	at com.qmetry.qaf.automation.step.StringTestStep.execute(StringTestStep.java:127) [qaf-3.0.0.jar:?]
	at com.qmetry.qaf.automation.step.client.Scenario.execute(Scenario.java:174) [qaf-3.0.0.jar:?]
	at com.qmetry.qaf.automation.step.client.Scenario.scenario(Scenario.java:237) [qaf-3.0.0.jar:?]
	at jdk.internal.reflect.NativeMethodAccessorImpl.invoke0(Native Method) ~[?:?]
	at jdk.internal.reflect.NativeMethodAccessorImpl.invoke(NativeMethodAccessorImpl.java:62) ~[?:?]
	at jdk.internal.reflect.DelegatingMethodAccessorImpl.invoke(DelegatingMethodAccessorImpl.java:43) ~[?:?]
	at java.lang.reflect.Method.invoke(Method.java:566) ~[?:?]
	at org.testng.internal.MethodInvocationHelper.invokeMethod(MethodInvocationHelper.java:104) [testng-6.10.jar:?]
	at org.testng.internal.Invoker.invokeMethod(Invoker.java:645) [testng-6.10.jar:?]
	at org.testng.internal.Invoker.invokeTestMethod(Invoker.java:851) [testng-6.10.jar:?]
	at org.testng.internal.Invoker.invokeTestMethods(Invoker.java:1177) [testng-6.10.jar:?]
	at org.testng.internal.TestMethodWorker.invokeTestMethods(TestMethodWorker.java:129) [testng-6.10.jar:?]
	at org.testng.internal.TestMethodWorker.run(TestMethodWorker.java:112) [testng-6.10.jar:?]
	at org.testng.TestRunner.privateRun(TestRunner.java:778) [qaf-3.0.0.jar:?]
	at org.testng.TestRunner.run(TestRunner.java:632) [qaf-3.0.0.jar:?]
	at org.testng.SuiteRunner.runTest(SuiteRunner.java:387) [testng-6.10.jar:?]
	at org.testng.SuiteRunner.access$000(SuiteRunner.java:39) [testng-6.10.jar:?]
	at org.testng.SuiteRunner$SuiteWorker.run(SuiteRunner.java:421) [testng-6.10.jar:?]
	at org.testng.internal.thread.ThreadUtil$2.call(ThreadUtil.java:64) [testng-6.10.jar:?]
	at java.util.concurrent.FutureTask.run(FutureTask.java:264) [?:?]
	at java.util.concurrent.ThreadPoolExecutor.runWorker(ThreadPoolExecutor.java:1128) [?:?]
	at java.util.concurrent.ThreadPoolExecutor$Worker.run(ThreadPoolExecutor.java:628) [?:?]
	at java.lang.Thread.run(Thread.java:829) [?:?]
14:28:42 Completed Teststep: Then I must see text "The Free Encyclopedia" with arguments: [The Free Encyclopedia]
14:28:42 Competed scenario: open Wikipedia with status FAILURE
14:28:42 Executing screenshot parameters: {}
14:28:42 command: quit[ param-1: {}]
14:28:42 UI-driver tear down complete...
14:28:44 Executing quit parameters: {}
14:28:46 command: quit[ param-1: {}]
14:28:46 UI-driver tear down complete...
14:28:46 Unable to create testng-failed-qas.xml
14:41:01 ISFW build info: {qaf-Type=core, qaf-Revision=0, qaf-Build-Time=26-Jul-2020 22:16:34, qaf-Version=3.0}
14:41:01 Resource dir: /Users/shaikhalid/Documents/BrowserStack/Customer Usecase Repos/QuantumFramework/Quantum-Starter-Kit/src/main/resources/common. Found property files to load: 1
14:41:01 Resource dir: /Users/shaikhalid/Documents/BrowserStack/Customer Usecase Repos/QuantumFramework/Quantum-Starter-Kit/src/main/resources/common. Found property files to load: 1
14:41:01 scenario.file.loc[Ljava.lang.String;@29e6eb25
14:41:01 loading feature file: /Users/shaikhalid/Documents/BrowserStack/Customer Usecase Repos/QuantumFramework/Quantum-Starter-Kit/src/main/resources/scenarios/webSearch.feature
14:41:01 loading feature file: /Users/shaikhalid/Documents/BrowserStack/Customer Usecase Repos/QuantumFramework/Quantum-Starter-Kit/src/main/resources/scenarios/appium.feature
14:41:01 loading feature file: /Users/shaikhalid/Documents/BrowserStack/Customer Usecase Repos/QuantumFramework/Quantum-Starter-Kit/src/main/resources/scenarios/03createTest.feature
14:41:01 loading feature file: /Users/shaikhalid/Documents/BrowserStack/Customer Usecase Repos/QuantumFramework/Quantum-Starter-Kit/src/main/resources/scenarios/01firstRun.feature
14:41:01 loading feature file: /Users/shaikhalid/Documents/BrowserStack/Customer Usecase Repos/QuantumFramework/Quantum-Starter-Kit/src/main/resources/scenarios/02sampleTestCase.feature
14:41:01 total test found: 1
14:41:01 scenario.file.loc[Ljava.lang.String;@78461bc4
14:41:01 loading feature file: /Users/shaikhalid/Documents/BrowserStack/Customer Usecase Repos/QuantumFramework/Quantum-Starter-Kit/src/main/resources/scenarios/webSearch.feature
14:41:01 loading feature file: /Users/shaikhalid/Documents/BrowserStack/Customer Usecase Repos/QuantumFramework/Quantum-Starter-Kit/src/main/resources/scenarios/appium.feature
14:41:01 loading feature file: /Users/shaikhalid/Documents/BrowserStack/Customer Usecase Repos/QuantumFramework/Quantum-Starter-Kit/src/main/resources/scenarios/03createTest.feature
14:41:01 loading feature file: /Users/shaikhalid/Documents/BrowserStack/Customer Usecase Repos/QuantumFramework/Quantum-Starter-Kit/src/main/resources/scenarios/01firstRun.feature
14:41:01 loading feature file: /Users/shaikhalid/Documents/BrowserStack/Customer Usecase Repos/QuantumFramework/Quantum-Starter-Kit/src/main/resources/scenarios/02sampleTestCase.feature
14:41:01 total test found: 1
14:41:01 

Executing scenario: Search Quantum - 
14:41:01 

Executing scenario: Search Quantum - 
14:41:01 pkg: com.qmetry.qaf.automation.step
14:41:01 pkg: com.qmetry.qaf.automation.step
14:41:01 pkg: com.quantum.steps
14:41:01 pkg: com.quantum.steps
14:41:01 Invoking Teststep: Given I am on Google Search Page
14:41:01 Invoking Teststep: Given I am on Google Search Page
14:41:01 Initializing Driver...browser_str:perfectoRemoteDriver,base_url:,sel_server:https://khalidshaikh_Cc8Pao:hxV3ZVmYkXGJXRbiyrvW@hub-cloud.browserstack.com/wd/hub,port:80
14:41:01 Initializing Driver...browser_str:perfectoRemoteDriver,base_url:,sel_server:https://khalidshaikh_Cc8Pao:hxV3ZVmYkXGJXRbiyrvW@hub-cloud.browserstack.com/wd/hub,port:80
14:41:01 Driver: perfectoRemoteDriver
14:41:01 Driver: perfectoRemoteDriver
14:41:01 Direct Driver Connect
14:41:01 Direct Driver Connect
14:41:11 Executing setTimeout parameters: {"implicit":0}
14:41:12 command: setTimeout[ param-1: {implicit=0}] Result: null
14:41:12 driver init done
14:41:12 Executing get parameters: {"url":"https://www.google.com/"}
14:41:12 Executing setTimeout parameters: {"implicit":0}
14:41:13 command: setTimeout[ param-1: {implicit=0}] Result: null
14:41:13 driver init done
14:41:13 Executing get parameters: {"url":"https://www.google.com/"}
14:41:14 command: get[ param-1: {url=https://www.google.com/}] Result: null
14:41:14 Completed Teststep: Given I am on Google Search Page
14:41:14 Invoking Teststep: When I search for "perfecto mobile quantum" with arguments: [perfecto mobile quantum]
14:41:14 Executing findElement element: By.name: q parameters: {}
14:41:14 Executing findElement parameters: {"using":"name","value":"q"}
14:41:14 command: get[ param-1: {url=https://www.google.com/}] Result: null
14:41:14 Completed Teststep: Given I am on Google Search Page
14:41:14 Invoking Teststep: When I search for "perfecto mobile quantum" with arguments: [perfecto mobile quantum]
14:41:14 Executing findElement element: By.name: q parameters: {}
14:41:14 Executing findElement parameters: {"using":"name","value":"q"}
14:41:14 command: findElement[ param-1: {value=q, using=name}] Result: id: 5000
14:41:14 command: findElement[ param-1: By.name: q param-2: {}] Result: OK
14:41:14 Executing clearElement element: By.name: q parameters: {"id":"5000"}
14:41:15 command: findElement[ param-1: {value=q, using=name}] Result: id: 0.5082052451575043-1
14:41:15 command: findElement[ param-1: By.name: q param-2: {}] Result: OK
14:41:15 Executing clearElement element: By.name: q parameters: {"id":"0.5082052451575043-1"}
14:41:15 command: clearElement[ param-1: By.name: q param-2: {"id":"0.5082052451575043-1"}] Result: clearElement:null
14:41:15 Executing findElement element: By.name: q parameters: {}
14:41:15 Executing findElement parameters: {"using":"name","value":"q"}
14:41:16 command: clearElement[ param-1: By.name: q param-2: {"id":"5000"}] Result: clearElement:null
14:41:16 Executing findElement element: By.name: q parameters: {}
14:41:16 Executing findElement parameters: {"using":"name","value":"q"}
14:41:16 command: findElement[ param-1: {value=q, using=name}] Result: id: 5001
14:41:16 command: findElement[ param-1: By.name: q param-2: {}] Result: OK
14:41:16 Executing sendKeysToElement element: By.name: q parameters: {"id":"5001","value":["perfecto mobile quantum"]}
14:41:16 command: sendKeysToElement[ param-1: By.name: q param-2: {"id":"5001","value":["perfecto mobile quantum"]}] Result: sendKeysToElement:null
14:41:16 Executing findElement element: By.xpath: (//*[text()='perfecto mobile quantum'])[1] parameters: {}
14:41:16 Executing findElement parameters: {"using":"xpath","value":"(//*[text()='perfecto mobile quantum'])[1]"}
14:41:16 command: findElement[ param-1: {value=(//*[text()='perfecto mobile quantum'])[1], using=xpath}] Result: An element could not be located on the page using the given search parameters. (WARNING: The server did not provide any stacktrace information)
Command duration or timeout: 0 milliseconds
For documentation on this error, please visit: https://www.seleniumhq.org/exceptions/no_such_element.html
Build info: version: '3.141.59', revision: 'e82be7d358', time: '2018-11-14T08:17:03'
System info: host: 'Khalids-MacBook-Pro.local', ip: 'fe80:0:0:0:22:b78f:9ba5:a56d%en0', os.name: 'Mac OS X', os.arch: 'x86_64', os.version: '11.3', java.version: '11.0.12'
Driver info: com.qmetry.qaf.automation.ui.webdriver.QAFExtendedWebDriver
Capabilities {64bit: false, acceptSslCert: false, acceptSslCerts: false, automationName: XCUITest, bootstrapPath: /usr/local/.browserstack/co..., browser: iphone, browserName: safari, browserstack.appium_version: 1.17.0, browserstack.isTargetBased: true, browserstack.is_hub_canary: false, cssSelectorsEnabled: true, databaseEnabled: false, detected_language: selenium/3.141.59 (java mac), device: iphone, deviceName: iPhone 12, deviceOrientation: PORTRAIT, javascriptEnabled: true, locationContextEnabled: false, mobile: {browser: mobile, version: iPhone 12-14.1}, networkConnectionEnabled: false, newCommandTimeout: 0, new_bucketing: true, noReset: true, orientation: PORTRAIT, orig_os: ios, osVersion: 14, os_version: 14.0, platform: MAC, platformName: MAC, realMobile: true, safariIgnoreFraudWarning: true, safariInitialUrl: http://mobile-internet-chec..., securityToken: <<CQ_LAB_SECURITY_TOKEN>>, takesScreenshot: true, udid: 00008101-001454292081401E, useXctestrunFile: true, user: <<CQ_LAB_USER>>, version: , wda_port: 8403, webStorageEnabled: false, webkitResponseTimeout: 20000}
Session ID: 5350e6893a17652376efe545ac9f97604eacf9d5
*** Element info: {Using=xpath, value=(//*[text()='perfecto mobile quantum'])[1]}
14:41:16 command: findElement[ param-1: {value=q, using=name}] Result: id: 0.5082052451575043-1
14:41:16 command: findElement[ param-1: By.name: q param-2: {}] Result: OK
14:41:16 Executing sendKeysToElement element: By.name: q parameters: {"id":"0.5082052451575043-1","value":["perfecto mobile quantum"]}
14:41:17 command: sendKeysToElement[ param-1: By.name: q param-2: {"id":"0.5082052451575043-1","value":["perfecto mobile quantum"]}] Result: element not interactable
  (Session info: chrome=96.0.4664.104)
  (Driver info: chromedriver=96.0.4664.45 (76e4c1bb2ab4671b8beba3444e61c0f17584b2fc-refs/branch-heads/4664@{#947}),platform=Linux 4.1.13-101.fc21.x86_64 x86_64) (WARNING: The server did not provide any stacktrace information)
Command duration or timeout: 0 milliseconds
Build info: version: '3.141.59', revision: 'e82be7d358', time: '2018-11-14T08:17:03'
System info: host: 'Khalids-MacBook-Pro.local', ip: 'fe80:0:0:0:22:b78f:9ba5:a56d%en0', os.name: 'Mac OS X', os.arch: 'x86_64', os.version: '11.3', java.version: '11.0.12'
Driver info: com.qmetry.qaf.automation.ui.webdriver.QAFExtendedWebDriver
Capabilities {64bit: false, acceptSslCert: false, acceptSslCerts: false, appActivity: com.google.android.apps.chr..., appPackage: com.android.chrome, automationName: Appium, browser: chrome_android, browserName: chrome, browserstack.appium_version: 1.17.0, browserstack.is_hub_canary: false, chromeOptions: {args: [--proxy-bypass-list=<-loopb..., test-type, --proxy-server=http://85.20..., --disable-features=Translate], w3c: false}, chromedriverPort: 18085, cssSelectorsEnabled: true, databaseEnabled: false, detected_language: selenium/3.141.59 (java mac), device: Samsung Galaxy S20, deviceApiLevel: 29, deviceManufacturer: samsung, deviceModel: SM-G981B, deviceName: RFCN20BKFFZ, deviceOrientation: portrait, deviceScreenDensity: 480, deviceScreenSize: 1080x2400, deviceUDID: RFCN20BKFFZ, enablePerformanceLogging: false, javascriptEnabled: true, locationContextEnabled: false, loggingPrefs: org.openqa.selenium.logging..., mobile: {browser: mobile, version: Samsung Galaxy S20-10.0}, networkConnectionEnabled: true, newCommandTimeout: 0, new_bucketing: true, orientation: PORTRAIT, orig_os: android, osVersion: 10, os_version: 10.0, pixelRatio: 3, platform: ANDROID, platformName: ANDROID, platformVersion: 10, realMobile: true, securityToken: <<CQ_LAB_SECURITY_TOKEN>>, skipServerInstallation: true, statBarHeight: 77, systemPort: 8205, takesScreenshot: true, udid: RFCN20BKFFZ, user: <<CQ_LAB_USER>>, version: , viewportRect: {height: 2101, left: 0, top: 77, width: 1080}, warnings: {}, webStorageEnabled: false}
Session ID: b6c2ea1935ee4db04f4e299a48bfa99075eea8d5
14:41:17 Executing findElements parameters: {"using":"name","value":"q"}
14:41:17 Executing findElement parameters: {"using":"xpath","value":"(//*[text()='perfecto mobile quantum'])[1]"}
14:41:17 command: findElement[ param-1: {value=(//*[text()='perfecto mobile quantum'])[1], using=xpath}] Result: id: 5002
14:41:17 command: findElement[ param-1: By.xpath: (//*[text()='perfecto mobile quantum'])[1] param-2: {}] Result: OK
14:41:17 Executing clickElement element: By.xpath: (//*[text()='perfecto mobile quantum'])[1] parameters: {"id":"5002"}
14:41:17 command: clickElement[ param-1: By.xpath: (//*[text()='perfecto mobile quantum'])[1] param-2: {"id":"5002"}] Result: clickElement:null
14:41:17 Completed Teststep: When I search for "perfecto mobile quantum" with arguments: [perfecto mobile quantum]
14:41:17 Invoking Teststep: Then it should have "perfecto" in search results with arguments: [perfecto]
14:41:17 Executing findElements parameters: {"using":"partial link text","value":"perfecto"}
14:41:17 command: findElements[ param-1: {value=q, using=name}] Result: [id: 0.5082052451575043-1]
14:41:17 command: findElements[ param-1: {value=perfecto, using=partial link text}] Result: []
14:41:17 Executing executeScript parameters: {"args":[{"element-6066-11e4-a52e-4f735466cecf":"0.5082052451575043-1","ELEMENT":"0.5082052451575043-1"}],"script":"arguments[0].scrollIntoView();"}
14:41:18 Executing findElements parameters: {"using":"partial link text","value":"perfecto"}
14:41:18 Failure Teststep: When I search for "perfecto mobile quantum" with arguments: [perfecto mobile quantum]
org.openqa.selenium.ElementNotInteractableException: element not interactable
  (Session info: chrome=96.0.4664.104)
  (Driver info: chromedriver=96.0.4664.45 (76e4c1bb2ab4671b8beba3444e61c0f17584b2fc-refs/branch-heads/4664@{#947}),platform=Linux 4.1.13-101.fc21.x86_64 x86_64) (WARNING: The server did not provide any stacktrace information)
Command duration or timeout: 0 milliseconds
Build info: version: '3.141.59', revision: 'e82be7d358', time: '2018-11-14T08:17:03'
System info: host: 'Khalids-MacBook-Pro.local', ip: 'fe80:0:0:0:22:b78f:9ba5:a56d%en0', os.name: 'Mac OS X', os.arch: 'x86_64', os.version: '11.3', java.version: '11.0.12'
Driver info: com.qmetry.qaf.automation.ui.webdriver.QAFExtendedWebDriver
Capabilities {64bit: false, acceptSslCert: false, acceptSslCerts: false, appActivity: com.google.android.apps.chr..., appPackage: com.android.chrome, automationName: Appium, browser: chrome_android, browserName: chrome, browserstack.appium_version: 1.17.0, browserstack.is_hub_canary: false, chromeOptions: {args: [--proxy-bypass-list=<-loopb..., test-type, --proxy-server=http://85.20..., --disable-features=Translate], w3c: false}, chromedriverPort: 18085, cssSelectorsEnabled: true, databaseEnabled: false, detected_language: selenium/3.141.59 (java mac), device: Samsung Galaxy S20, deviceApiLevel: 29, deviceManufacturer: samsung, deviceModel: SM-G981B, deviceName: RFCN20BKFFZ, deviceOrientation: portrait, deviceScreenDensity: 480, deviceScreenSize: 1080x2400, deviceUDID: RFCN20BKFFZ, enablePerformanceLogging: false, javascriptEnabled: true, locationContextEnabled: false, loggingPrefs: org.openqa.selenium.logging..., mobile: {browser: mobile, version: Samsung Galaxy S20-10.0}, networkConnectionEnabled: true, newCommandTimeout: 0, new_bucketing: true, orientation: PORTRAIT, orig_os: android, osVersion: 10, os_version: 10.0, pixelRatio: 3, platform: ANDROID, platformName: ANDROID, platformVersion: 10, realMobile: true, securityToken: <<CQ_LAB_SECURITY_TOKEN>>, skipServerInstallation: true, statBarHeight: 77, systemPort: 8205, takesScreenshot: true, udid: RFCN20BKFFZ, user: <<CQ_LAB_USER>>, version: , viewportRect: {height: 2101, left: 0, top: 77, width: 1080}, warnings: {}, webStorageEnabled: false}
Session ID: b6c2ea1935ee4db04f4e299a48bfa99075eea8d5
	at jdk.internal.reflect.NativeConstructorAccessorImpl.newInstance0(Native Method) ~[?:?]
	at jdk.internal.reflect.NativeConstructorAccessorImpl.newInstance(NativeConstructorAccessorImpl.java:62) ~[?:?]
	at jdk.internal.reflect.DelegatingConstructorAccessorImpl.newInstance(DelegatingConstructorAccessorImpl.java:45) ~[?:?]
	at java.lang.reflect.Constructor.newInstance(Constructor.java:490) ~[?:?]
	at org.openqa.selenium.remote.ErrorHandler.createThrowable(ErrorHandler.java:214) ~[selenium-remote-driver-3.141.59.jar:?]
	at org.openqa.selenium.remote.ErrorHandler.throwIfResponseFailed(ErrorHandler.java:166) ~[selenium-remote-driver-3.141.59.jar:?]
	at org.openqa.selenium.remote.http.JsonHttpResponseCodec.reconstructValue(JsonHttpResponseCodec.java:40) ~[selenium-remote-driver-3.141.59.jar:?]
	at org.openqa.selenium.remote.http.AbstractHttpResponseCodec.decode(AbstractHttpResponseCodec.java:80) ~[selenium-remote-driver-3.141.59.jar:?]
	at org.openqa.selenium.remote.http.AbstractHttpResponseCodec.decode(AbstractHttpResponseCodec.java:44) ~[selenium-remote-driver-3.141.59.jar:?]
	at org.openqa.selenium.remote.HttpCommandExecutor.execute(HttpCommandExecutor.java:158) ~[selenium-remote-driver-3.141.59.jar:?]
	at org.openqa.selenium.remote.RemoteWebDriver.execute(RemoteWebDriver.java:552) ~[selenium-remote-driver-3.141.59.jar:?]
	at com.qmetry.qaf.automation.ui.webdriver.QAFExtendedWebDriver.executeWitoutLog(QAFExtendedWebDriver.java:255) ~[quantum-support-1.23.0.jar:?]
	at com.qmetry.qaf.automation.ui.webdriver.QAFExtendedWebElement.execute(QAFExtendedWebElement.java:276) ~[qaf-3.0.0.jar:?]
	at org.openqa.selenium.remote.RemoteWebElement.sendKeys(RemoteWebElement.java:106) ~[selenium-remote-driver-3.141.59.jar:?]
	at com.quantum.pages.GooglePage.search(GooglePage.java:35) ~[classes/:?]
	at com.quantum.steps.GoogleStepDefs.I_search_for(GoogleStepDefs.java:28) ~[classes/:?]
	at jdk.internal.reflect.NativeMethodAccessorImpl.invoke0(Native Method) ~[?:?]
	at jdk.internal.reflect.NativeMethodAccessorImpl.invoke(NativeMethodAccessorImpl.java:62) ~[?:?]
	at jdk.internal.reflect.DelegatingMethodAccessorImpl.invoke(DelegatingMethodAccessorImpl.java:43) ~[?:?]
	at java.lang.reflect.Method.invoke(Method.java:566) ~[?:?]
	at com.qmetry.qaf.automation.step.JavaStep.doExecute(JavaStep.java:150) ~[qaf-3.0.0.jar:?]
	at com.qmetry.qaf.automation.step.BaseTestStep.execute(BaseTestStep.java:149) [qaf-3.0.0.jar:?]
	at com.qmetry.qaf.automation.step.StringTestStep.execute(StringTestStep.java:127) [qaf-3.0.0.jar:?]
	at com.qmetry.qaf.automation.step.client.Scenario.execute(Scenario.java:174) [qaf-3.0.0.jar:?]
	at com.qmetry.qaf.automation.step.client.Scenario.scenario(Scenario.java:237) [qaf-3.0.0.jar:?]
	at jdk.internal.reflect.NativeMethodAccessorImpl.invoke0(Native Method) ~[?:?]
	at jdk.internal.reflect.NativeMethodAccessorImpl.invoke(NativeMethodAccessorImpl.java:62) ~[?:?]
	at jdk.internal.reflect.DelegatingMethodAccessorImpl.invoke(DelegatingMethodAccessorImpl.java:43) ~[?:?]
	at java.lang.reflect.Method.invoke(Method.java:566) ~[?:?]
	at org.testng.internal.MethodInvocationHelper.invokeMethod(MethodInvocationHelper.java:104) [testng-6.10.jar:?]
	at org.testng.internal.Invoker.invokeMethod(Invoker.java:645) [testng-6.10.jar:?]
	at org.testng.internal.Invoker.invokeTestMethod(Invoker.java:851) [testng-6.10.jar:?]
	at org.testng.internal.Invoker.invokeTestMethods(Invoker.java:1177) [testng-6.10.jar:?]
	at org.testng.internal.TestMethodWorker.invokeTestMethods(TestMethodWorker.java:129) [testng-6.10.jar:?]
	at org.testng.internal.TestMethodWorker.run(TestMethodWorker.java:112) [testng-6.10.jar:?]
	at org.testng.TestRunner.privateRun(TestRunner.java:778) [qaf-3.0.0.jar:?]
	at org.testng.TestRunner.run(TestRunner.java:632) [qaf-3.0.0.jar:?]
	at org.testng.SuiteRunner.runTest(SuiteRunner.java:387) [testng-6.10.jar:?]
	at org.testng.SuiteRunner.access$000(SuiteRunner.java:39) [testng-6.10.jar:?]
	at org.testng.SuiteRunner$SuiteWorker.run(SuiteRunner.java:421) [testng-6.10.jar:?]
	at org.testng.internal.thread.ThreadUtil$2.call(ThreadUtil.java:64) [testng-6.10.jar:?]
	at java.util.concurrent.FutureTask.run(FutureTask.java:264) [?:?]
	at java.util.concurrent.ThreadPoolExecutor.runWorker(ThreadPoolExecutor.java:1128) [?:?]
	at java.util.concurrent.ThreadPoolExecutor$Worker.run(ThreadPoolExecutor.java:628) [?:?]
	at java.lang.Thread.run(Thread.java:829) [?:?]
14:41:18 Completed Teststep: When I search for "perfecto mobile quantum" with arguments: [perfecto mobile quantum]
14:41:18 Competed scenario: Search Quantum with status FAILURE
14:41:18 Executing screenshot parameters: {}
14:41:18 command: findElements[ param-1: {value=perfecto, using=partial link text}] Result: [id: 5003, id: 5004, id: 5005, id: 5006, id: 5007, id: 5008, id: 5009]
14:41:18 Executing findElement element: By.partialLinkText: perfecto parameters: {}
14:41:18 Executing findElement parameters: {"using":"partial link text","value":"perfecto"}
14:41:18 command: findElement[ param-1: {value=perfecto, using=partial link text}] Result: id: 5010
14:41:18 command: findElement[ param-1: By.partialLinkText: perfecto param-2: {}] Result: OK
14:41:18 Executing isElementDisplayed element: By.partialLinkText: perfecto parameters: {"id":"5010"}
14:41:18 command: isElementDisplayed[ param-1: By.partialLinkText: perfecto param-2: {"id":"5010"}] Result: isElementDisplayed:true
14:41:18 Executing findElement element: By.partialLinkText: perfecto parameters: {}
14:41:18 Executing findElement parameters: {"using":"partial link text","value":"perfecto"}
14:41:20 command: findElement[ param-1: {value=perfecto, using=partial link text}] Result: id: 5011
14:41:20 command: findElement[ param-1: By.partialLinkText: perfecto param-2: {}] Result: OK
14:41:20 Executing isElementDisplayed element: By.partialLinkText: perfecto parameters: {"id":"5011"}
14:41:20 command: isElementDisplayed[ param-1: By.partialLinkText: perfecto param-2: {"id":"5011"}] Result: isElementDisplayed:true
14:41:20 Completed Teststep: Then it should have "perfecto" in search results with arguments: [perfecto]
14:41:20 Invoking Teststep: Then I am on Google Search Page
14:41:20 Executing get parameters: {"url":"https://www.google.com/"}
14:41:21 command: get[ param-1: {url=https://www.google.com/}] Result: null
14:41:21 Completed Teststep: Then I am on Google Search Page
14:41:21 Competed scenario: Search Quantum with status SUCCESS
14:41:21 Executing quit parameters: {}
14:41:22 Executing quit parameters: {}
14:41:23 command: quit[ param-1: {}]
14:41:23 UI-driver tear down complete...
14:41:23 command: quit[ param-1: {}]
14:41:23 UI-driver tear down complete...
14:41:23 Unable to create testng-failed-qas.xml
16:50:14 ISFW build info: {qaf-Type=core, qaf-Revision=0, qaf-Build-Time=26-Jul-2020 22:16:34, qaf-Version=3.0}
16:50:14 Resource dir: /Users/shaikhalid/Documents/BrowserStack/Customer Usecase Repos/QuantumFramework/Quantum-Starter-Kit/src/main/resources/common. Found property files to load: 1
16:50:14 Resource dir: /Users/shaikhalid/Documents/BrowserStack/Customer Usecase Repos/QuantumFramework/Quantum-Starter-Kit/src/main/resources/common. Found property files to load: 1
16:50:14 scenario.file.loc[Ljava.lang.String;@5b64c4b7
16:50:14 loading feature file: /Users/shaikhalid/Documents/BrowserStack/Customer Usecase Repos/QuantumFramework/Quantum-Starter-Kit/src/main/resources/scenarios/webSearch.feature
16:50:14 loading feature file: /Users/shaikhalid/Documents/BrowserStack/Customer Usecase Repos/QuantumFramework/Quantum-Starter-Kit/src/main/resources/scenarios/appium.feature
16:50:14 loading feature file: /Users/shaikhalid/Documents/BrowserStack/Customer Usecase Repos/QuantumFramework/Quantum-Starter-Kit/src/main/resources/scenarios/03createTest.feature
16:50:14 loading feature file: /Users/shaikhalid/Documents/BrowserStack/Customer Usecase Repos/QuantumFramework/Quantum-Starter-Kit/src/main/resources/scenarios/01firstRun.feature
16:50:14 loading feature file: /Users/shaikhalid/Documents/BrowserStack/Customer Usecase Repos/QuantumFramework/Quantum-Starter-Kit/src/main/resources/scenarios/02sampleTestCase.feature
16:50:14 total test found: 1
16:50:14 scenario.file.loc[Ljava.lang.String;@46cc127b
16:50:14 loading feature file: /Users/shaikhalid/Documents/BrowserStack/Customer Usecase Repos/QuantumFramework/Quantum-Starter-Kit/src/main/resources/scenarios/webSearch.feature
16:50:14 loading feature file: /Users/shaikhalid/Documents/BrowserStack/Customer Usecase Repos/QuantumFramework/Quantum-Starter-Kit/src/main/resources/scenarios/appium.feature
16:50:14 loading feature file: /Users/shaikhalid/Documents/BrowserStack/Customer Usecase Repos/QuantumFramework/Quantum-Starter-Kit/src/main/resources/scenarios/03createTest.feature
16:50:14 loading feature file: /Users/shaikhalid/Documents/BrowserStack/Customer Usecase Repos/QuantumFramework/Quantum-Starter-Kit/src/main/resources/scenarios/01firstRun.feature
16:50:14 loading feature file: /Users/shaikhalid/Documents/BrowserStack/Customer Usecase Repos/QuantumFramework/Quantum-Starter-Kit/src/main/resources/scenarios/02sampleTestCase.feature
16:50:14 total test found: 1
16:50:14 

Executing scenario: Search Quantum - 
16:50:14 

Executing scenario: Search Quantum - 
16:50:14 pkg: com.qmetry.qaf.automation.step
16:50:14 pkg: com.qmetry.qaf.automation.step
16:50:15 pkg: com.quantum.steps
16:50:15 pkg: com.quantum.steps
16:50:15 Invoking Teststep: Given I am on Google Search Page
16:50:15 Invoking Teststep: Given I am on Google Search Page
16:50:15 Initializing Driver...browser_str:perfectoRemoteDriver,base_url:,sel_server:https://khalidshaikh_Cc8Pao:hxV3ZVmYkXGJXRbiyrvW@hub-cloud.browserstack.com/wd/hub,port:80
16:50:15 Initializing Driver...browser_str:perfectoRemoteDriver,base_url:,sel_server:https://khalidshaikh_Cc8Pao:hxV3ZVmYkXGJXRbiyrvW@hub-cloud.browserstack.com/wd/hub,port:80
16:50:15 Driver: perfectoRemoteDriver
16:50:15 Driver: perfectoRemoteDriver
16:50:15 Direct Driver Connect
16:50:15 Direct Driver Connect
16:50:26 Executing setTimeout parameters: {"implicit":0}
16:50:26 Executing setTimeout parameters: {"implicit":0}
16:50:26 command: setTimeout[ param-1: {implicit=0}] Result: null
16:50:26 driver init done
16:50:26 Executing get parameters: {"url":"https://www.google.com/"}
16:50:27 command: setTimeout[ param-1: {implicit=0}] Result: null
16:50:27 driver init done
16:50:27 Executing get parameters: {"url":"https://www.google.com/"}
16:50:28 command: get[ param-1: {url=https://www.google.com/}] Result: null
16:50:28 Completed Teststep: Given I am on Google Search Page
16:50:28 Invoking Teststep: When I search for "perfecto mobile quantum" with arguments: [perfecto mobile quantum]
16:50:28 Executing findElement element: By.name: q parameters: {}
16:50:28 Executing findElement parameters: {"using":"name","value":"q"}
16:50:28 command: get[ param-1: {url=https://www.google.com/}] Result: null
16:50:28 Completed Teststep: Given I am on Google Search Page
16:50:28 Invoking Teststep: When I search for "perfecto mobile quantum" with arguments: [perfecto mobile quantum]
16:50:28 Executing findElement element: By.name: q parameters: {}
16:50:28 Executing findElement parameters: {"using":"name","value":"q"}
16:50:29 command: findElement[ param-1: {value=q, using=name}] Result: id: 0.9756566755070835-1
16:50:29 command: findElement[ param-1: By.name: q param-2: {}] Result: OK
16:50:29 Executing clearElement element: By.name: q parameters: {"id":"0.9756566755070835-1"}
16:50:29 command: findElement[ param-1: {value=q, using=name}] Result: id: 5000
16:50:29 command: findElement[ param-1: By.name: q param-2: {}] Result: OK
16:50:29 Executing clearElement element: By.name: q parameters: {"id":"5000"}
16:50:30 command: clearElement[ param-1: By.name: q param-2: {"id":"0.9756566755070835-1"}] Result: clearElement:null
16:50:30 Executing findElement element: By.name: q parameters: {}
16:50:30 Executing findElement parameters: {"using":"name","value":"q"}
16:50:30 command: clearElement[ param-1: By.name: q param-2: {"id":"5000"}] Result: clearElement:null
16:50:30 Executing findElement element: By.name: q parameters: {}
16:50:30 Executing findElement parameters: {"using":"name","value":"q"}
16:50:30 command: findElement[ param-1: {value=q, using=name}] Result: id: 0.9756566755070835-1
16:50:30 command: findElement[ param-1: By.name: q param-2: {}] Result: OK
16:50:30 Executing sendKeysToElement element: By.name: q parameters: {"id":"0.9756566755070835-1","value":["perfecto mobile quantum"]}
16:50:31 command: sendKeysToElement[ param-1: By.name: q param-2: {"id":"0.9756566755070835-1","value":["perfecto mobile quantum"]}] Result: element not interactable
  (Session info: chrome=96.0.4664.104)
  (Driver info: chromedriver=96.0.4664.45 (76e4c1bb2ab4671b8beba3444e61c0f17584b2fc-refs/branch-heads/4664@{#947}),platform=Linux 4.1.13-101.fc21.x86_64 x86_64) (WARNING: The server did not provide any stacktrace information)
Command duration or timeout: 0 milliseconds
Build info: version: '3.141.59', revision: 'e82be7d358', time: '2018-11-14T08:17:03'
System info: host: 'Khalids-MacBook-Pro.local', ip: 'fe80:0:0:0:22:b78f:9ba5:a56d%en0', os.name: 'Mac OS X', os.arch: 'x86_64', os.version: '11.3', java.version: '11.0.12'
Driver info: com.qmetry.qaf.automation.ui.webdriver.QAFExtendedWebDriver
Capabilities {64bit: false, acceptSslCert: false, acceptSslCerts: false, appActivity: com.google.android.apps.chr..., appPackage: com.android.chrome, automationName: Appium, browser: chrome_android, browserName: chrome, browserstack.appium_version: 1.17.0, browserstack.is_hub_canary: false, chromeOptions: {args: [--proxy-bypass-list=<-loopb..., test-type, --proxy-server=http://204.1..., --disable-features=Translate], w3c: false}, chromedriverPort: 18086, cssSelectorsEnabled: true, databaseEnabled: false, detected_language: selenium/3.141.59 (java mac), device: Samsung Galaxy S20, deviceApiLevel: 29, deviceManufacturer: samsung, deviceModel: SM-G981B, deviceName: RFCN20BJX5P, deviceOrientation: portrait, deviceScreenDensity: 480, deviceScreenSize: 1080x2400, deviceUDID: RFCN20BJX5P, enablePerformanceLogging: false, javascriptEnabled: true, locationContextEnabled: false, loggingPrefs: org.openqa.selenium.logging..., mobile: {browser: mobile, version: Samsung Galaxy S20-10.0}, networkConnectionEnabled: true, newCommandTimeout: 0, new_bucketing: true, orientation: PORTRAIT, orig_os: android, osVersion: 10, os_version: 10.0, pixelRatio: 3, platform: ANDROID, platformName: ANDROID, platformVersion: 10, realMobile: true, securityToken: <<CQ_LAB_SECURITY_TOKEN>>, skipServerInstallation: true, statBarHeight: 77, systemPort: 8206, takesScreenshot: true, udid: RFCN20BJX5P, user: <<CQ_LAB_USER>>, version: , viewportRect: {height: 2101, left: 0, top: 77, width: 1080}, warnings: {}, webStorageEnabled: false}
Session ID: 850e4bac2ce7ed7f615a11fa48a5dea9e9da109b
16:50:31 Executing findElements parameters: {"using":"name","value":"q"}
16:50:31 command: findElement[ param-1: {value=q, using=name}] Result: id: 5001
16:50:31 command: findElement[ param-1: By.name: q param-2: {}] Result: OK
16:50:31 Executing sendKeysToElement element: By.name: q parameters: {"id":"5001","value":["perfecto mobile quantum"]}
16:50:32 command: sendKeysToElement[ param-1: By.name: q param-2: {"id":"5001","value":["perfecto mobile quantum"]}] Result: sendKeysToElement:null
16:50:32 Executing findElement element: By.xpath: (//*[text()='perfecto mobile quantum'])[1] parameters: {}
16:50:32 Executing findElement parameters: {"using":"xpath","value":"(//*[text()='perfecto mobile quantum'])[1]"}
16:50:32 command: findElements[ param-1: {value=q, using=name}] Result: [id: 0.9756566755070835-1]
16:50:32 Executing executeScript parameters: {"args":[{"element-6066-11e4-a52e-4f735466cecf":"0.9756566755070835-1","ELEMENT":"0.9756566755070835-1"}],"script":"arguments[0].scrollIntoView();"}
16:50:32 command: findElement[ param-1: {value=(//*[text()='perfecto mobile quantum'])[1], using=xpath}] Result: An element could not be located on the page using the given search parameters. (WARNING: The server did not provide any stacktrace information)
Command duration or timeout: 0 milliseconds
For documentation on this error, please visit: https://www.seleniumhq.org/exceptions/no_such_element.html
Build info: version: '3.141.59', revision: 'e82be7d358', time: '2018-11-14T08:17:03'
System info: host: 'Khalids-MacBook-Pro.local', ip: 'fe80:0:0:0:22:b78f:9ba5:a56d%en0', os.name: 'Mac OS X', os.arch: 'x86_64', os.version: '11.3', java.version: '11.0.12'
Driver info: com.qmetry.qaf.automation.ui.webdriver.QAFExtendedWebDriver
Capabilities {64bit: false, acceptSslCert: false, acceptSslCerts: false, automationName: XCUITest, bootstrapPath: /usr/local/.browserstack/co..., browser: iphone, browserName: safari, browserstack.appium_version: 1.17.0, browserstack.isTargetBased: true, browserstack.is_hub_canary: false, cssSelectorsEnabled: true, databaseEnabled: false, detected_language: selenium/3.141.59 (java mac), device: iphone, deviceName: iPhone 12, deviceOrientation: PORTRAIT, javascriptEnabled: true, locationContextEnabled: false, mobile: {browser: mobile, version: iPhone 12-14.1}, networkConnectionEnabled: false, newCommandTimeout: 0, new_bucketing: true, noReset: true, orientation: PORTRAIT, orig_os: ios, osVersion: 14, os_version: 14.0, platform: MAC, platformName: MAC, realMobile: true, safariIgnoreFraudWarning: true, safariInitialUrl: http://mobile-internet-chec..., securityToken: <<CQ_LAB_SECURITY_TOKEN>>, takesScreenshot: true, udid: 00008101-00122C4002F0001E, useXctestrunFile: true, user: <<CQ_LAB_USER>>, version: , wda_port: 8406, webStorageEnabled: false, webkitResponseTimeout: 20000}
Session ID: 637a6032254924d87610eb3e17cc98caad40403c
*** Element info: {Using=xpath, value=(//*[text()='perfecto mobile quantum'])[1]}
16:50:33 Failure Teststep: When I search for "perfecto mobile quantum" with arguments: [perfecto mobile quantum]
org.openqa.selenium.ElementNotInteractableException: element not interactable
  (Session info: chrome=96.0.4664.104)
  (Driver info: chromedriver=96.0.4664.45 (76e4c1bb2ab4671b8beba3444e61c0f17584b2fc-refs/branch-heads/4664@{#947}),platform=Linux 4.1.13-101.fc21.x86_64 x86_64) (WARNING: The server did not provide any stacktrace information)
Command duration or timeout: 0 milliseconds
Build info: version: '3.141.59', revision: 'e82be7d358', time: '2018-11-14T08:17:03'
System info: host: 'Khalids-MacBook-Pro.local', ip: 'fe80:0:0:0:22:b78f:9ba5:a56d%en0', os.name: 'Mac OS X', os.arch: 'x86_64', os.version: '11.3', java.version: '11.0.12'
Driver info: com.qmetry.qaf.automation.ui.webdriver.QAFExtendedWebDriver
Capabilities {64bit: false, acceptSslCert: false, acceptSslCerts: false, appActivity: com.google.android.apps.chr..., appPackage: com.android.chrome, automationName: Appium, browser: chrome_android, browserName: chrome, browserstack.appium_version: 1.17.0, browserstack.is_hub_canary: false, chromeOptions: {args: [--proxy-bypass-list=<-loopb..., test-type, --proxy-server=http://204.1..., --disable-features=Translate], w3c: false}, chromedriverPort: 18086, cssSelectorsEnabled: true, databaseEnabled: false, detected_language: selenium/3.141.59 (java mac), device: Samsung Galaxy S20, deviceApiLevel: 29, deviceManufacturer: samsung, deviceModel: SM-G981B, deviceName: RFCN20BJX5P, deviceOrientation: portrait, deviceScreenDensity: 480, deviceScreenSize: 1080x2400, deviceUDID: RFCN20BJX5P, enablePerformanceLogging: false, javascriptEnabled: true, locationContextEnabled: false, loggingPrefs: org.openqa.selenium.logging..., mobile: {browser: mobile, version: Samsung Galaxy S20-10.0}, networkConnectionEnabled: true, newCommandTimeout: 0, new_bucketing: true, orientation: PORTRAIT, orig_os: android, osVersion: 10, os_version: 10.0, pixelRatio: 3, platform: ANDROID, platformName: ANDROID, platformVersion: 10, realMobile: true, securityToken: <<CQ_LAB_SECURITY_TOKEN>>, skipServerInstallation: true, statBarHeight: 77, systemPort: 8206, takesScreenshot: true, udid: RFCN20BJX5P, user: <<CQ_LAB_USER>>, version: , viewportRect: {height: 2101, left: 0, top: 77, width: 1080}, warnings: {}, webStorageEnabled: false}
Session ID: 850e4bac2ce7ed7f615a11fa48a5dea9e9da109b
	at jdk.internal.reflect.NativeConstructorAccessorImpl.newInstance0(Native Method) ~[?:?]
	at jdk.internal.reflect.NativeConstructorAccessorImpl.newInstance(NativeConstructorAccessorImpl.java:62) ~[?:?]
	at jdk.internal.reflect.DelegatingConstructorAccessorImpl.newInstance(DelegatingConstructorAccessorImpl.java:45) ~[?:?]
	at java.lang.reflect.Constructor.newInstance(Constructor.java:490) ~[?:?]
	at org.openqa.selenium.remote.ErrorHandler.createThrowable(ErrorHandler.java:214) ~[selenium-remote-driver-3.141.59.jar:?]
	at org.openqa.selenium.remote.ErrorHandler.throwIfResponseFailed(ErrorHandler.java:166) ~[selenium-remote-driver-3.141.59.jar:?]
	at org.openqa.selenium.remote.http.JsonHttpResponseCodec.reconstructValue(JsonHttpResponseCodec.java:40) ~[selenium-remote-driver-3.141.59.jar:?]
	at org.openqa.selenium.remote.http.AbstractHttpResponseCodec.decode(AbstractHttpResponseCodec.java:80) ~[selenium-remote-driver-3.141.59.jar:?]
	at org.openqa.selenium.remote.http.AbstractHttpResponseCodec.decode(AbstractHttpResponseCodec.java:44) ~[selenium-remote-driver-3.141.59.jar:?]
	at org.openqa.selenium.remote.HttpCommandExecutor.execute(HttpCommandExecutor.java:158) ~[selenium-remote-driver-3.141.59.jar:?]
	at org.openqa.selenium.remote.RemoteWebDriver.execute(RemoteWebDriver.java:552) ~[selenium-remote-driver-3.141.59.jar:?]
	at com.qmetry.qaf.automation.ui.webdriver.QAFExtendedWebDriver.executeWitoutLog(QAFExtendedWebDriver.java:255) ~[quantum-support-1.23.0.jar:?]
	at com.qmetry.qaf.automation.ui.webdriver.QAFExtendedWebElement.execute(QAFExtendedWebElement.java:276) ~[qaf-3.0.0.jar:?]
	at org.openqa.selenium.remote.RemoteWebElement.sendKeys(RemoteWebElement.java:106) ~[selenium-remote-driver-3.141.59.jar:?]
	at com.quantum.pages.GooglePage.search(GooglePage.java:35) ~[classes/:?]
	at com.quantum.steps.GoogleStepDefs.I_search_for(GoogleStepDefs.java:28) ~[classes/:?]
	at jdk.internal.reflect.NativeMethodAccessorImpl.invoke0(Native Method) ~[?:?]
	at jdk.internal.reflect.NativeMethodAccessorImpl.invoke(NativeMethodAccessorImpl.java:62) ~[?:?]
	at jdk.internal.reflect.DelegatingMethodAccessorImpl.invoke(DelegatingMethodAccessorImpl.java:43) ~[?:?]
	at java.lang.reflect.Method.invoke(Method.java:566) ~[?:?]
	at com.qmetry.qaf.automation.step.JavaStep.doExecute(JavaStep.java:150) ~[qaf-3.0.0.jar:?]
	at com.qmetry.qaf.automation.step.BaseTestStep.execute(BaseTestStep.java:149) [qaf-3.0.0.jar:?]
	at com.qmetry.qaf.automation.step.StringTestStep.execute(StringTestStep.java:127) [qaf-3.0.0.jar:?]
	at com.qmetry.qaf.automation.step.client.Scenario.execute(Scenario.java:174) [qaf-3.0.0.jar:?]
	at com.qmetry.qaf.automation.step.client.Scenario.scenario(Scenario.java:237) [qaf-3.0.0.jar:?]
	at jdk.internal.reflect.NativeMethodAccessorImpl.invoke0(Native Method) ~[?:?]
	at jdk.internal.reflect.NativeMethodAccessorImpl.invoke(NativeMethodAccessorImpl.java:62) ~[?:?]
	at jdk.internal.reflect.DelegatingMethodAccessorImpl.invoke(DelegatingMethodAccessorImpl.java:43) ~[?:?]
	at java.lang.reflect.Method.invoke(Method.java:566) ~[?:?]
	at org.testng.internal.MethodInvocationHelper.invokeMethod(MethodInvocationHelper.java:104) [testng-6.10.jar:?]
	at org.testng.internal.Invoker.invokeMethod(Invoker.java:645) [testng-6.10.jar:?]
	at org.testng.internal.Invoker.invokeTestMethod(Invoker.java:851) [testng-6.10.jar:?]
	at org.testng.internal.Invoker.invokeTestMethods(Invoker.java:1177) [testng-6.10.jar:?]
	at org.testng.internal.TestMethodWorker.invokeTestMethods(TestMethodWorker.java:129) [testng-6.10.jar:?]
	at org.testng.internal.TestMethodWorker.run(TestMethodWorker.java:112) [testng-6.10.jar:?]
	at org.testng.TestRunner.privateRun(TestRunner.java:778) [qaf-3.0.0.jar:?]
	at org.testng.TestRunner.run(TestRunner.java:632) [qaf-3.0.0.jar:?]
	at org.testng.SuiteRunner.runTest(SuiteRunner.java:387) [testng-6.10.jar:?]
	at org.testng.SuiteRunner.access$000(SuiteRunner.java:39) [testng-6.10.jar:?]
	at org.testng.SuiteRunner$SuiteWorker.run(SuiteRunner.java:421) [testng-6.10.jar:?]
	at org.testng.internal.thread.ThreadUtil$2.call(ThreadUtil.java:64) [testng-6.10.jar:?]
	at java.util.concurrent.FutureTask.run(FutureTask.java:264) [?:?]
	at java.util.concurrent.ThreadPoolExecutor.runWorker(ThreadPoolExecutor.java:1128) [?:?]
	at java.util.concurrent.ThreadPoolExecutor$Worker.run(ThreadPoolExecutor.java:628) [?:?]
	at java.lang.Thread.run(Thread.java:829) [?:?]
16:50:33 Completed Teststep: When I search for "perfecto mobile quantum" with arguments: [perfecto mobile quantum]
16:50:33 Competed scenario: Search Quantum with status FAILURE
16:50:33 Executing screenshot parameters: {}
16:50:33 Executing findElement parameters: {"using":"xpath","value":"(//*[text()='perfecto mobile quantum'])[1]"}
16:50:34 command: findElement[ param-1: {value=(//*[text()='perfecto mobile quantum'])[1], using=xpath}] Result: An element could not be located on the page using the given search parameters. (WARNING: The server did not provide any stacktrace information)
Command duration or timeout: 0 milliseconds
For documentation on this error, please visit: https://www.seleniumhq.org/exceptions/no_such_element.html
Build info: version: '3.141.59', revision: 'e82be7d358', time: '2018-11-14T08:17:03'
System info: host: 'Khalids-MacBook-Pro.local', ip: 'fe80:0:0:0:22:b78f:9ba5:a56d%en0', os.name: 'Mac OS X', os.arch: 'x86_64', os.version: '11.3', java.version: '11.0.12'
Driver info: com.qmetry.qaf.automation.ui.webdriver.QAFExtendedWebDriver
Capabilities {64bit: false, acceptSslCert: false, acceptSslCerts: false, automationName: XCUITest, bootstrapPath: /usr/local/.browserstack/co..., browser: iphone, browserName: safari, browserstack.appium_version: 1.17.0, browserstack.isTargetBased: true, browserstack.is_hub_canary: false, cssSelectorsEnabled: true, databaseEnabled: false, detected_language: selenium/3.141.59 (java mac), device: iphone, deviceName: iPhone 12, deviceOrientation: PORTRAIT, javascriptEnabled: true, locationContextEnabled: false, mobile: {browser: mobile, version: iPhone 12-14.1}, networkConnectionEnabled: false, newCommandTimeout: 0, new_bucketing: true, noReset: true, orientation: PORTRAIT, orig_os: ios, osVersion: 14, os_version: 14.0, platform: MAC, platformName: MAC, realMobile: true, safariIgnoreFraudWarning: true, safariInitialUrl: http://mobile-internet-chec..., securityToken: <<CQ_LAB_SECURITY_TOKEN>>, takesScreenshot: true, udid: 00008101-00122C4002F0001E, useXctestrunFile: true, user: <<CQ_LAB_USER>>, version: , wda_port: 8406, webStorageEnabled: false, webkitResponseTimeout: 20000}
Session ID: 637a6032254924d87610eb3e17cc98caad40403c
*** Element info: {Using=xpath, value=(//*[text()='perfecto mobile quantum'])[1]}
16:50:35 Executing executeScript parameters: {"args":[],"script":"browserstack_executor: {\"action\": \"setSessionStatus\", \"arguments\": {\"status\": \"failed\", \"reason\": \"Test Failed!\"}}"}
16:50:35 Executing findElement parameters: {"using":"xpath","value":"(//*[text()='perfecto mobile quantum'])[1]"}
16:50:36 Executing quit parameters: {}
16:50:36 command: findElement[ param-1: {value=(//*[text()='perfecto mobile quantum'])[1], using=xpath}] Result: An element could not be located on the page using the given search parameters. (WARNING: The server did not provide any stacktrace information)
Command duration or timeout: 0 milliseconds
For documentation on this error, please visit: https://www.seleniumhq.org/exceptions/no_such_element.html
Build info: version: '3.141.59', revision: 'e82be7d358', time: '2018-11-14T08:17:03'
System info: host: 'Khalids-MacBook-Pro.local', ip: 'fe80:0:0:0:22:b78f:9ba5:a56d%en0', os.name: 'Mac OS X', os.arch: 'x86_64', os.version: '11.3', java.version: '11.0.12'
Driver info: com.qmetry.qaf.automation.ui.webdriver.QAFExtendedWebDriver
Capabilities {64bit: false, acceptSslCert: false, acceptSslCerts: false, automationName: XCUITest, bootstrapPath: /usr/local/.browserstack/co..., browser: iphone, browserName: safari, browserstack.appium_version: 1.17.0, browserstack.isTargetBased: true, browserstack.is_hub_canary: false, cssSelectorsEnabled: true, databaseEnabled: false, detected_language: selenium/3.141.59 (java mac), device: iphone, deviceName: iPhone 12, deviceOrientation: PORTRAIT, javascriptEnabled: true, locationContextEnabled: false, mobile: {browser: mobile, version: iPhone 12-14.1}, networkConnectionEnabled: false, newCommandTimeout: 0, new_bucketing: true, noReset: true, orientation: PORTRAIT, orig_os: ios, osVersion: 14, os_version: 14.0, platform: MAC, platformName: MAC, realMobile: true, safariIgnoreFraudWarning: true, safariInitialUrl: http://mobile-internet-chec..., securityToken: <<CQ_LAB_SECURITY_TOKEN>>, takesScreenshot: true, udid: 00008101-00122C4002F0001E, useXctestrunFile: true, user: <<CQ_LAB_USER>>, version: , wda_port: 8406, webStorageEnabled: false, webkitResponseTimeout: 20000}
Session ID: 637a6032254924d87610eb3e17cc98caad40403c
*** Element info: {Using=xpath, value=(//*[text()='perfecto mobile quantum'])[1]}
16:50:37 Executing findElement parameters: {"using":"xpath","value":"(//*[text()='perfecto mobile quantum'])[1]"}
16:50:37 command: quit[ param-1: {}]
16:50:37 UI-driver tear down complete...
16:50:38 command: findElement[ param-1: {value=(//*[text()='perfecto mobile quantum'])[1], using=xpath}] Result: An element could not be located on the page using the given search parameters. (WARNING: The server did not provide any stacktrace information)
Command duration or timeout: 0 milliseconds
For documentation on this error, please visit: https://www.seleniumhq.org/exceptions/no_such_element.html
Build info: version: '3.141.59', revision: 'e82be7d358', time: '2018-11-14T08:17:03'
System info: host: 'Khalids-MacBook-Pro.local', ip: 'fe80:0:0:0:22:b78f:9ba5:a56d%en0', os.name: 'Mac OS X', os.arch: 'x86_64', os.version: '11.3', java.version: '11.0.12'
Driver info: com.qmetry.qaf.automation.ui.webdriver.QAFExtendedWebDriver
Capabilities {64bit: false, acceptSslCert: false, acceptSslCerts: false, automationName: XCUITest, bootstrapPath: /usr/local/.browserstack/co..., browser: iphone, browserName: safari, browserstack.appium_version: 1.17.0, browserstack.isTargetBased: true, browserstack.is_hub_canary: false, cssSelectorsEnabled: true, databaseEnabled: false, detected_language: selenium/3.141.59 (java mac), device: iphone, deviceName: iPhone 12, deviceOrientation: PORTRAIT, javascriptEnabled: true, locationContextEnabled: false, mobile: {browser: mobile, version: iPhone 12-14.1}, networkConnectionEnabled: false, newCommandTimeout: 0, new_bucketing: true, noReset: true, orientation: PORTRAIT, orig_os: ios, osVersion: 14, os_version: 14.0, platform: MAC, platformName: MAC, realMobile: true, safariIgnoreFraudWarning: true, safariInitialUrl: http://mobile-internet-chec..., securityToken: <<CQ_LAB_SECURITY_TOKEN>>, takesScreenshot: true, udid: 00008101-00122C4002F0001E, useXctestrunFile: true, user: <<CQ_LAB_USER>>, version: , wda_port: 8406, webStorageEnabled: false, webkitResponseTimeout: 20000}
Session ID: 637a6032254924d87610eb3e17cc98caad40403c
*** Element info: {Using=xpath, value=(//*[text()='perfecto mobile quantum'])[1]}
16:50:39 Executing findElement parameters: {"using":"xpath","value":"(//*[text()='perfecto mobile quantum'])[1]"}
16:50:39 command: findElement[ param-1: {value=(//*[text()='perfecto mobile quantum'])[1], using=xpath}] Result: An element could not be located on the page using the given search parameters. (WARNING: The server did not provide any stacktrace information)
Command duration or timeout: 0 milliseconds
For documentation on this error, please visit: https://www.seleniumhq.org/exceptions/no_such_element.html
Build info: version: '3.141.59', revision: 'e82be7d358', time: '2018-11-14T08:17:03'
System info: host: 'Khalids-MacBook-Pro.local', ip: 'fe80:0:0:0:22:b78f:9ba5:a56d%en0', os.name: 'Mac OS X', os.arch: 'x86_64', os.version: '11.3', java.version: '11.0.12'
Driver info: com.qmetry.qaf.automation.ui.webdriver.QAFExtendedWebDriver
Capabilities {64bit: false, acceptSslCert: false, acceptSslCerts: false, automationName: XCUITest, bootstrapPath: /usr/local/.browserstack/co..., browser: iphone, browserName: safari, browserstack.appium_version: 1.17.0, browserstack.isTargetBased: true, browserstack.is_hub_canary: false, cssSelectorsEnabled: true, databaseEnabled: false, detected_language: selenium/3.141.59 (java mac), device: iphone, deviceName: iPhone 12, deviceOrientation: PORTRAIT, javascriptEnabled: true, locationContextEnabled: false, mobile: {browser: mobile, version: iPhone 12-14.1}, networkConnectionEnabled: false, newCommandTimeout: 0, new_bucketing: true, noReset: true, orientation: PORTRAIT, orig_os: ios, osVersion: 14, os_version: 14.0, platform: MAC, platformName: MAC, realMobile: true, safariIgnoreFraudWarning: true, safariInitialUrl: http://mobile-internet-chec..., securityToken: <<CQ_LAB_SECURITY_TOKEN>>, takesScreenshot: true, udid: 00008101-00122C4002F0001E, useXctestrunFile: true, user: <<CQ_LAB_USER>>, version: , wda_port: 8406, webStorageEnabled: false, webkitResponseTimeout: 20000}
Session ID: 637a6032254924d87610eb3e17cc98caad40403c
*** Element info: {Using=xpath, value=(//*[text()='perfecto mobile quantum'])[1]}
16:50:40 Executing findElement parameters: {"using":"xpath","value":"(//*[text()='perfecto mobile quantum'])[1]"}
16:50:41 command: findElement[ param-1: {value=(//*[text()='perfecto mobile quantum'])[1], using=xpath}] Result: An element could not be located on the page using the given search parameters. (WARNING: The server did not provide any stacktrace information)
Command duration or timeout: 0 milliseconds
For documentation on this error, please visit: https://www.seleniumhq.org/exceptions/no_such_element.html
Build info: version: '3.141.59', revision: 'e82be7d358', time: '2018-11-14T08:17:03'
System info: host: 'Khalids-MacBook-Pro.local', ip: 'fe80:0:0:0:22:b78f:9ba5:a56d%en0', os.name: 'Mac OS X', os.arch: 'x86_64', os.version: '11.3', java.version: '11.0.12'
Driver info: com.qmetry.qaf.automation.ui.webdriver.QAFExtendedWebDriver
Capabilities {64bit: false, acceptSslCert: false, acceptSslCerts: false, automationName: XCUITest, bootstrapPath: /usr/local/.browserstack/co..., browser: iphone, browserName: safari, browserstack.appium_version: 1.17.0, browserstack.isTargetBased: true, browserstack.is_hub_canary: false, cssSelectorsEnabled: true, databaseEnabled: false, detected_language: selenium/3.141.59 (java mac), device: iphone, deviceName: iPhone 12, deviceOrientation: PORTRAIT, javascriptEnabled: true, locationContextEnabled: false, mobile: {browser: mobile, version: iPhone 12-14.1}, networkConnectionEnabled: false, newCommandTimeout: 0, new_bucketing: true, noReset: true, orientation: PORTRAIT, orig_os: ios, osVersion: 14, os_version: 14.0, platform: MAC, platformName: MAC, realMobile: true, safariIgnoreFraudWarning: true, safariInitialUrl: http://mobile-internet-chec..., securityToken: <<CQ_LAB_SECURITY_TOKEN>>, takesScreenshot: true, udid: 00008101-00122C4002F0001E, useXctestrunFile: true, user: <<CQ_LAB_USER>>, version: , wda_port: 8406, webStorageEnabled: false, webkitResponseTimeout: 20000}
Session ID: 637a6032254924d87610eb3e17cc98caad40403c
*** Element info: {Using=xpath, value=(//*[text()='perfecto mobile quantum'])[1]}
16:50:42 Executing findElement parameters: {"using":"xpath","value":"(//*[text()='perfecto mobile quantum'])[1]"}
16:50:43 command: findElement[ param-1: {value=(//*[text()='perfecto mobile quantum'])[1], using=xpath}] Result: An element could not be located on the page using the given search parameters. (WARNING: The server did not provide any stacktrace information)
Command duration or timeout: 0 milliseconds
For documentation on this error, please visit: https://www.seleniumhq.org/exceptions/no_such_element.html
Build info: version: '3.141.59', revision: 'e82be7d358', time: '2018-11-14T08:17:03'
System info: host: 'Khalids-MacBook-Pro.local', ip: 'fe80:0:0:0:22:b78f:9ba5:a56d%en0', os.name: 'Mac OS X', os.arch: 'x86_64', os.version: '11.3', java.version: '11.0.12'
Driver info: com.qmetry.qaf.automation.ui.webdriver.QAFExtendedWebDriver
Capabilities {64bit: false, acceptSslCert: false, acceptSslCerts: false, automationName: XCUITest, bootstrapPath: /usr/local/.browserstack/co..., browser: iphone, browserName: safari, browserstack.appium_version: 1.17.0, browserstack.isTargetBased: true, browserstack.is_hub_canary: false, cssSelectorsEnabled: true, databaseEnabled: false, detected_language: selenium/3.141.59 (java mac), device: iphone, deviceName: iPhone 12, deviceOrientation: PORTRAIT, javascriptEnabled: true, locationContextEnabled: false, mobile: {browser: mobile, version: iPhone 12-14.1}, networkConnectionEnabled: false, newCommandTimeout: 0, new_bucketing: true, noReset: true, orientation: PORTRAIT, orig_os: ios, osVersion: 14, os_version: 14.0, platform: MAC, platformName: MAC, realMobile: true, safariIgnoreFraudWarning: true, safariInitialUrl: http://mobile-internet-chec..., securityToken: <<CQ_LAB_SECURITY_TOKEN>>, takesScreenshot: true, udid: 00008101-00122C4002F0001E, useXctestrunFile: true, user: <<CQ_LAB_USER>>, version: , wda_port: 8406, webStorageEnabled: false, webkitResponseTimeout: 20000}
Session ID: 637a6032254924d87610eb3e17cc98caad40403c
*** Element info: {Using=xpath, value=(//*[text()='perfecto mobile quantum'])[1]}
16:50:44 Executing findElement parameters: {"using":"xpath","value":"(//*[text()='perfecto mobile quantum'])[1]"}
16:50:44 command: findElement[ param-1: {value=(//*[text()='perfecto mobile quantum'])[1], using=xpath}] Result: An element could not be located on the page using the given search parameters. (WARNING: The server did not provide any stacktrace information)
Command duration or timeout: 0 milliseconds
For documentation on this error, please visit: https://www.seleniumhq.org/exceptions/no_such_element.html
Build info: version: '3.141.59', revision: 'e82be7d358', time: '2018-11-14T08:17:03'
System info: host: 'Khalids-MacBook-Pro.local', ip: 'fe80:0:0:0:22:b78f:9ba5:a56d%en0', os.name: 'Mac OS X', os.arch: 'x86_64', os.version: '11.3', java.version: '11.0.12'
Driver info: com.qmetry.qaf.automation.ui.webdriver.QAFExtendedWebDriver
Capabilities {64bit: false, acceptSslCert: false, acceptSslCerts: false, automationName: XCUITest, bootstrapPath: /usr/local/.browserstack/co..., browser: iphone, browserName: safari, browserstack.appium_version: 1.17.0, browserstack.isTargetBased: true, browserstack.is_hub_canary: false, cssSelectorsEnabled: true, databaseEnabled: false, detected_language: selenium/3.141.59 (java mac), device: iphone, deviceName: iPhone 12, deviceOrientation: PORTRAIT, javascriptEnabled: true, locationContextEnabled: false, mobile: {browser: mobile, version: iPhone 12-14.1}, networkConnectionEnabled: false, newCommandTimeout: 0, new_bucketing: true, noReset: true, orientation: PORTRAIT, orig_os: ios, osVersion: 14, os_version: 14.0, platform: MAC, platformName: MAC, realMobile: true, safariIgnoreFraudWarning: true, safariInitialUrl: http://mobile-internet-chec..., securityToken: <<CQ_LAB_SECURITY_TOKEN>>, takesScreenshot: true, udid: 00008101-00122C4002F0001E, useXctestrunFile: true, user: <<CQ_LAB_USER>>, version: , wda_port: 8406, webStorageEnabled: false, webkitResponseTimeout: 20000}
Session ID: 637a6032254924d87610eb3e17cc98caad40403c
*** Element info: {Using=xpath, value=(//*[text()='perfecto mobile quantum'])[1]}
16:50:45 Executing findElement parameters: {"using":"xpath","value":"(//*[text()='perfecto mobile quantum'])[1]"}
16:50:46 command: findElement[ param-1: {value=(//*[text()='perfecto mobile quantum'])[1], using=xpath}] Result: An element could not be located on the page using the given search parameters. (WARNING: The server did not provide any stacktrace information)
Command duration or timeout: 0 milliseconds
For documentation on this error, please visit: https://www.seleniumhq.org/exceptions/no_such_element.html
Build info: version: '3.141.59', revision: 'e82be7d358', time: '2018-11-14T08:17:03'
System info: host: 'Khalids-MacBook-Pro.local', ip: 'fe80:0:0:0:22:b78f:9ba5:a56d%en0', os.name: 'Mac OS X', os.arch: 'x86_64', os.version: '11.3', java.version: '11.0.12'
Driver info: com.qmetry.qaf.automation.ui.webdriver.QAFExtendedWebDriver
Capabilities {64bit: false, acceptSslCert: false, acceptSslCerts: false, automationName: XCUITest, bootstrapPath: /usr/local/.browserstack/co..., browser: iphone, browserName: safari, browserstack.appium_version: 1.17.0, browserstack.isTargetBased: true, browserstack.is_hub_canary: false, cssSelectorsEnabled: true, databaseEnabled: false, detected_language: selenium/3.141.59 (java mac), device: iphone, deviceName: iPhone 12, deviceOrientation: PORTRAIT, javascriptEnabled: true, locationContextEnabled: false, mobile: {browser: mobile, version: iPhone 12-14.1}, networkConnectionEnabled: false, newCommandTimeout: 0, new_bucketing: true, noReset: true, orientation: PORTRAIT, orig_os: ios, osVersion: 14, os_version: 14.0, platform: MAC, platformName: MAC, realMobile: true, safariIgnoreFraudWarning: true, safariInitialUrl: http://mobile-internet-chec..., securityToken: <<CQ_LAB_SECURITY_TOKEN>>, takesScreenshot: true, udid: 00008101-00122C4002F0001E, useXctestrunFile: true, user: <<CQ_LAB_USER>>, version: , wda_port: 8406, webStorageEnabled: false, webkitResponseTimeout: 20000}
Session ID: 637a6032254924d87610eb3e17cc98caad40403c
*** Element info: {Using=xpath, value=(//*[text()='perfecto mobile quantum'])[1]}
16:50:47 Executing findElement parameters: {"using":"xpath","value":"(//*[text()='perfecto mobile quantum'])[1]"}
16:50:47 command: findElement[ param-1: {value=(//*[text()='perfecto mobile quantum'])[1], using=xpath}] Result: An element could not be located on the page using the given search parameters. (WARNING: The server did not provide any stacktrace information)
Command duration or timeout: 0 milliseconds
For documentation on this error, please visit: https://www.seleniumhq.org/exceptions/no_such_element.html
Build info: version: '3.141.59', revision: 'e82be7d358', time: '2018-11-14T08:17:03'
System info: host: 'Khalids-MacBook-Pro.local', ip: 'fe80:0:0:0:22:b78f:9ba5:a56d%en0', os.name: 'Mac OS X', os.arch: 'x86_64', os.version: '11.3', java.version: '11.0.12'
Driver info: com.qmetry.qaf.automation.ui.webdriver.QAFExtendedWebDriver
Capabilities {64bit: false, acceptSslCert: false, acceptSslCerts: false, automationName: XCUITest, bootstrapPath: /usr/local/.browserstack/co..., browser: iphone, browserName: safari, browserstack.appium_version: 1.17.0, browserstack.isTargetBased: true, browserstack.is_hub_canary: false, cssSelectorsEnabled: true, databaseEnabled: false, detected_language: selenium/3.141.59 (java mac), device: iphone, deviceName: iPhone 12, deviceOrientation: PORTRAIT, javascriptEnabled: true, locationContextEnabled: false, mobile: {browser: mobile, version: iPhone 12-14.1}, networkConnectionEnabled: false, newCommandTimeout: 0, new_bucketing: true, noReset: true, orientation: PORTRAIT, orig_os: ios, osVersion: 14, os_version: 14.0, platform: MAC, platformName: MAC, realMobile: true, safariIgnoreFraudWarning: true, safariInitialUrl: http://mobile-internet-chec..., securityToken: <<CQ_LAB_SECURITY_TOKEN>>, takesScreenshot: true, udid: 00008101-00122C4002F0001E, useXctestrunFile: true, user: <<CQ_LAB_USER>>, version: , wda_port: 8406, webStorageEnabled: false, webkitResponseTimeout: 20000}
Session ID: 637a6032254924d87610eb3e17cc98caad40403c
*** Element info: {Using=xpath, value=(//*[text()='perfecto mobile quantum'])[1]}
16:50:47 command: clickElement[ param-1: By.xpath: (//*[text()='perfecto mobile quantum'])[1] param-2: {"id":"-1"}] Result: Timed out after 15 seconds waiting for presence of element located by: By.xpath: (//*[text()='perfecto mobile quantum'])[1]
16:50:47 Executing findElements parameters: {"using":"xpath","value":"(//*[text()='perfecto mobile quantum'])[1]"}
16:50:48 command: findElements[ param-1: {value=(//*[text()='perfecto mobile quantum'])[1], using=xpath}] Result: []
16:50:48 Failure Teststep: When I search for "perfecto mobile quantum" with arguments: [perfecto mobile quantum]
org.openqa.selenium.TimeoutException: Timed out after 15 seconds waiting for presence of element located by: By.xpath: (//*[text()='perfecto mobile quantum'])[1]
	at com.qmetry.qaf.automation.ui.util.DynamicWait.until(DynamicWait.java:168) ~[qaf-3.0.0.jar:?]
	at com.qmetry.qaf.automation.ui.webdriver.QAFExtendedWebDriver.load(QAFExtendedWebDriver.java:213) ~[quantum-support-1.23.0.jar:?]
	at com.qmetry.qaf.automation.ui.webdriver.QAFExtendedWebElement.load(QAFExtendedWebElement.java:302) ~[qaf-3.0.0.jar:?]
	at com.qmetry.qaf.automation.ui.webdriver.QAFExtendedWebElement.execute(QAFExtendedWebElement.java:249) ~[qaf-3.0.0.jar:?]
	at org.openqa.selenium.remote.RemoteWebElement.click(RemoteWebElement.java:84) ~[selenium-remote-driver-3.141.59.jar:?]
	at com.quantum.pages.GooglePage.search(GooglePage.java:38) ~[classes/:?]
	at com.quantum.steps.GoogleStepDefs.I_search_for(GoogleStepDefs.java:28) ~[classes/:?]
	at jdk.internal.reflect.NativeMethodAccessorImpl.invoke0(Native Method) ~[?:?]
	at jdk.internal.reflect.NativeMethodAccessorImpl.invoke(NativeMethodAccessorImpl.java:62) ~[?:?]
	at jdk.internal.reflect.DelegatingMethodAccessorImpl.invoke(DelegatingMethodAccessorImpl.java:43) ~[?:?]
	at java.lang.reflect.Method.invoke(Method.java:566) ~[?:?]
	at com.qmetry.qaf.automation.step.JavaStep.doExecute(JavaStep.java:150) ~[qaf-3.0.0.jar:?]
	at com.qmetry.qaf.automation.step.BaseTestStep.execute(BaseTestStep.java:149) [qaf-3.0.0.jar:?]
	at com.qmetry.qaf.automation.step.StringTestStep.execute(StringTestStep.java:127) [qaf-3.0.0.jar:?]
	at com.qmetry.qaf.automation.step.client.Scenario.execute(Scenario.java:174) [qaf-3.0.0.jar:?]
	at com.qmetry.qaf.automation.step.client.Scenario.scenario(Scenario.java:237) [qaf-3.0.0.jar:?]
	at jdk.internal.reflect.NativeMethodAccessorImpl.invoke0(Native Method) ~[?:?]
	at jdk.internal.reflect.NativeMethodAccessorImpl.invoke(NativeMethodAccessorImpl.java:62) ~[?:?]
	at jdk.internal.reflect.DelegatingMethodAccessorImpl.invoke(DelegatingMethodAccessorImpl.java:43) ~[?:?]
	at java.lang.reflect.Method.invoke(Method.java:566) ~[?:?]
	at org.testng.internal.MethodInvocationHelper.invokeMethod(MethodInvocationHelper.java:104) [testng-6.10.jar:?]
	at org.testng.internal.Invoker.invokeMethod(Invoker.java:645) [testng-6.10.jar:?]
	at org.testng.internal.Invoker.invokeTestMethod(Invoker.java:851) [testng-6.10.jar:?]
	at org.testng.internal.Invoker.invokeTestMethods(Invoker.java:1177) [testng-6.10.jar:?]
	at org.testng.internal.TestMethodWorker.invokeTestMethods(TestMethodWorker.java:129) [testng-6.10.jar:?]
	at org.testng.internal.TestMethodWorker.run(TestMethodWorker.java:112) [testng-6.10.jar:?]
	at org.testng.TestRunner.privateRun(TestRunner.java:778) [qaf-3.0.0.jar:?]
	at org.testng.TestRunner.run(TestRunner.java:632) [qaf-3.0.0.jar:?]
	at org.testng.SuiteRunner.runTest(SuiteRunner.java:387) [testng-6.10.jar:?]
	at org.testng.SuiteRunner.access$000(SuiteRunner.java:39) [testng-6.10.jar:?]
	at org.testng.SuiteRunner$SuiteWorker.run(SuiteRunner.java:421) [testng-6.10.jar:?]
	at org.testng.internal.thread.ThreadUtil$2.call(ThreadUtil.java:64) [testng-6.10.jar:?]
	at java.util.concurrent.FutureTask.run(FutureTask.java:264) [?:?]
	at java.util.concurrent.ThreadPoolExecutor.runWorker(ThreadPoolExecutor.java:1128) [?:?]
	at java.util.concurrent.ThreadPoolExecutor$Worker.run(ThreadPoolExecutor.java:628) [?:?]
	at java.lang.Thread.run(Thread.java:829) [?:?]
Caused by: org.openqa.selenium.NoSuchElementException: An element could not be located on the page using the given search parameters. (WARNING: The server did not provide any stacktrace information)
Command duration or timeout: 0 milliseconds
For documentation on this error, please visit: https://www.seleniumhq.org/exceptions/no_such_element.html
Build info: version: '3.141.59', revision: 'e82be7d358', time: '2018-11-14T08:17:03'
System info: host: 'Khalids-MacBook-Pro.local', ip: 'fe80:0:0:0:22:b78f:9ba5:a56d%en0', os.name: 'Mac OS X', os.arch: 'x86_64', os.version: '11.3', java.version: '11.0.12'
Driver info: com.qmetry.qaf.automation.ui.webdriver.QAFExtendedWebDriver
Capabilities {64bit: false, acceptSslCert: false, acceptSslCerts: false, automationName: XCUITest, bootstrapPath: /usr/local/.browserstack/co..., browser: iphone, browserName: safari, browserstack.appium_version: 1.17.0, browserstack.isTargetBased: true, browserstack.is_hub_canary: false, cssSelectorsEnabled: true, databaseEnabled: false, detected_language: selenium/3.141.59 (java mac), device: iphone, deviceName: iPhone 12, deviceOrientation: PORTRAIT, javascriptEnabled: true, locationContextEnabled: false, mobile: {browser: mobile, version: iPhone 12-14.1}, networkConnectionEnabled: false, newCommandTimeout: 0, new_bucketing: true, noReset: true, orientation: PORTRAIT, orig_os: ios, osVersion: 14, os_version: 14.0, platform: MAC, platformName: MAC, realMobile: true, safariIgnoreFraudWarning: true, safariInitialUrl: http://mobile-internet-chec..., securityToken: <<CQ_LAB_SECURITY_TOKEN>>, takesScreenshot: true, udid: 00008101-00122C4002F0001E, useXctestrunFile: true, user: <<CQ_LAB_USER>>, version: , wda_port: 8406, webStorageEnabled: false, webkitResponseTimeout: 20000}
Session ID: 637a6032254924d87610eb3e17cc98caad40403c
*** Element info: {Using=xpath, value=(//*[text()='perfecto mobile quantum'])[1]}
	at jdk.internal.reflect.NativeConstructorAccessorImpl.newInstance0(Native Method) ~[?:?]
	at jdk.internal.reflect.NativeConstructorAccessorImpl.newInstance(NativeConstructorAccessorImpl.java:62) ~[?:?]
	at jdk.internal.reflect.DelegatingConstructorAccessorImpl.newInstance(DelegatingConstructorAccessorImpl.java:45) ~[?:?]
	at java.lang.reflect.Constructor.newInstance(Constructor.java:490) ~[?:?]
	at org.openqa.selenium.remote.ErrorHandler.createThrowable(ErrorHandler.java:214) ~[selenium-remote-driver-3.141.59.jar:?]
	at org.openqa.selenium.remote.ErrorHandler.throwIfResponseFailed(ErrorHandler.java:166) ~[selenium-remote-driver-3.141.59.jar:?]
	at org.openqa.selenium.remote.http.JsonHttpResponseCodec.reconstructValue(JsonHttpResponseCodec.java:40) ~[selenium-remote-driver-3.141.59.jar:?]
	at org.openqa.selenium.remote.http.AbstractHttpResponseCodec.decode(AbstractHttpResponseCodec.java:80) ~[selenium-remote-driver-3.141.59.jar:?]
	at org.openqa.selenium.remote.http.AbstractHttpResponseCodec.decode(AbstractHttpResponseCodec.java:44) ~[selenium-remote-driver-3.141.59.jar:?]
	at org.openqa.selenium.remote.HttpCommandExecutor.execute(HttpCommandExecutor.java:158) ~[selenium-remote-driver-3.141.59.jar:?]
	at org.openqa.selenium.remote.RemoteWebDriver.execute(RemoteWebDriver.java:552) ~[selenium-remote-driver-3.141.59.jar:?]
	at com.qmetry.qaf.automation.ui.webdriver.QAFExtendedWebDriver.execute(QAFExtendedWebDriver.java:233) ~[quantum-support-1.23.0.jar:?]
	at org.openqa.selenium.remote.RemoteWebDriver.findElement(RemoteWebDriver.java:323) ~[selenium-remote-driver-3.141.59.jar:?]
	at org.openqa.selenium.remote.RemoteWebDriver.findElementByXPath(RemoteWebDriver.java:428) ~[selenium-remote-driver-3.141.59.jar:?]
	at com.qmetry.qaf.automation.ui.webdriver.QAFExtendedWebDriver.findElementByXPath(QAFExtendedWebDriver.java:396) ~[quantum-support-1.23.0.jar:?]
	at com.qmetry.qaf.automation.ui.webdriver.QAFExtendedWebDriver.findElementByXPath(QAFExtendedWebDriver.java:78) ~[quantum-support-1.23.0.jar:?]
	at org.openqa.selenium.By$ByXPath.findElement(By.java:353) ~[selenium-api-3.141.59.jar:?]
	at org.openqa.selenium.remote.RemoteWebDriver.findElement(RemoteWebDriver.java:315) ~[selenium-remote-driver-3.141.59.jar:?]
	at com.qmetry.qaf.automation.ui.webdriver.QAFExtendedWebDriver.findElement(QAFExtendedWebDriver.java:169) ~[quantum-support-1.23.0.jar:?]
	at com.qmetry.qaf.automation.ui.webdriver.QAFExtendedWebDriver.findElement(QAFExtendedWebDriver.java:78) ~[quantum-support-1.23.0.jar:?]
	at org.openqa.selenium.support.ui.ExpectedConditions$6.apply(ExpectedConditions.java:182) ~[selenium-support-3.141.59.jar:?]
	at org.openqa.selenium.support.ui.ExpectedConditions$6.apply(ExpectedConditions.java:179) ~[selenium-support-3.141.59.jar:?]
	at com.qmetry.qaf.automation.ui.util.DynamicWait.until(DynamicWait.java:147) ~[qaf-3.0.0.jar:?]
	... 35 more
16:50:48 Completed Teststep: When I search for "perfecto mobile quantum" with arguments: [perfecto mobile quantum]
16:50:48 Competed scenario: Search Quantum with status FAILURE
16:50:48 Executing screenshot parameters: {}
16:50:51 Executing executeScript parameters: {"args":[],"script":"browserstack_executor: {\"action\": \"setSessionStatus\", \"arguments\": {\"status\": \"failed\", \"reason\": \"Test Failed!\"}}"}
16:50:52 Executing quit parameters: {}
16:50:53 command: quit[ param-1: {}]
16:50:53 UI-driver tear down complete...
16:50:53 Unable to create testng-failed-qas.xml
