{
  "seleniumLog": [
    {
      "commandName": "cucmber.navigateToURL",
      "args": [
        "[https://www.wikipedia.org/]"
      ],
      "result": "fail",
      "subLogs": [],
      "duration": -1
    },
    {
      "commandName": "Then I must see text \"The Free Encyclopedia\"",
      "args": [
        "[The Free Encyclopedia]"
      ],
      "result": "Not Run",
      "subLogs": [],
      "duration": -1
    }
  ],
  "checkPoints": [
    {
      "message": "Given I open browser to webpage \"https://www.wikipedia.org/\"",
      "type": "TestStepFail",
      "screenshot": "",
      "duration": 1718,
      "threshold": 0,
      "subCheckPoints": [
        {
          "message": "Timed out after 0 seconds: Unable to create driver instance in 1st attempt with retry timeout of 60 seconds. You can check/set value of 'driver.init.retry.timeout' appropriately to set retry timeout on driver initialization failure.",
          "type": "Fail",
          "screenshot": null,
          "duration": 0,
          "threshold": 0,
          "subCheckPoints": []
        }
      ]
    },
    {
      "message": "Then I must see text \"The Free Encyclopedia\"",
      "type": "TestStep",
      "screenshot": null,
      "duration": 0,
      "threshold": 0,
      "subCheckPoints": []
    }
  ],
  "errorTrace": "org.openqa.selenium.TimeoutException: Timed out after 0 seconds: Unable to create driver instance in 1st attempt with retry timeout of 60 seconds. You can check/set value of 'driver.init.retry.timeout' appropriately to set retry timeout on driver initialization failure.\n\tat .Given I open browser to webpage \"https://www.wikipedia.org/\"(src/main/resources/scenarios/01firstRun.feature:5)\n\tat com.qmetry.qaf.automation.ui.util.DynamicWait.until(DynamicWait.java:168)\n\tat com.qmetry.qaf.automation.core.QAFTestBase.init(QAFTestBase.java:478)\n\tat com.qmetry.qaf.automation.core.QAFTestBase.getUiDriver(QAFTestBase.java:253)\n\tat com.qmetry.qaf.automation.ui.WebDriverTestBase.getDriver(WebDriverTestBase.java:44)\n\tat com.qmetry.qaf.automation.step.CommonStep.get_aroundBody24(CommonStep.java:296)\n\tat com.qmetry.qaf.automation.step.JavaStepReporter.javaTestStep(JavaStepReporter.java:93)\n\tat com.qmetry.qaf.automation.step.CommonStep.get(CommonStep.java:295)\n\tat com.quantum.steps.PerfectoApplicationSteps.navigateToURL(PerfectoApplicationSteps.java:576)\n\tat com.qmetry.qaf.automation.step.JavaStep.doExecute(JavaStep.java:150)\n\tat com.qmetry.qaf.automation.step.BaseTestStep.execute(BaseTestStep.java:149)\n\tat com.qmetry.qaf.automation.step.StringTestStep.execute(StringTestStep.java:127)\n\tat com.qmetry.qaf.automation.step.client.Scenario.execute(Scenario.java:174)\n\tat com.qmetry.qaf.automation.step.client.Scenario.scenario(Scenario.java:237)\n\tat java.base/java.util.concurrent.FutureTask.run(FutureTask.java:264)\n\tat java.base/java.util.concurrent.ThreadPoolExecutor.runWorker(ThreadPoolExecutor.java:1128)\n\tat java.base/java.util.concurrent.ThreadPoolExecutor$Worker.run(ThreadPoolExecutor.java:628)\n\tat java.base/java.lang.Thread.run(Thread.java:829)\nCaused by: org.openqa.selenium.WebDriverException: Unable to create driver instance in 1st attempt with retry timeout of 60 seconds. You can check/set value of 'driver.init.retry.timeout' appropriately to set retry timeout on driver initialization failure.\nBuild info: version: '3.141.59', revision: 'e82be7d358', time: '2018-11-14T08:17:03'\nSystem info: host: 'Khalids-MacBook-Pro.local', ip: 'fe80:0:0:0:22:b78f:9ba5:a56d%en0', os.name: 'Mac OS X', os.arch: 'x86_64', os.version: '11.3', java.version: '11.0.12'\nDriver info: driver.version: unknown\n\tat com.qmetry.qaf.automation.core.QAFTestBase$DriverInitExpectedCondition.apply(QAFTestBase.java:572)\n\tat com.qmetry.qaf.automation.core.QAFTestBase$DriverInitExpectedCondition.apply(QAFTestBase.java:1)\n\tat com.qmetry.qaf.automation.ui.util.DynamicWait.until(DynamicWait.java:147)\n\tat com.qmetry.qaf.automation.core.QAFTestBase.init(QAFTestBase.java:478)\n\tat com.qmetry.qaf.automation.core.QAFTestBase.getUiDriver(QAFTestBase.java:253)\n\tat com.qmetry.qaf.automation.ui.WebDriverTestBase.getDriver(WebDriverTestBase.java:44)\n\tat com.qmetry.qaf.automation.step.CommonStep.get_aroundBody24(CommonStep.java:296)\n\tat com.qmetry.qaf.automation.step.CommonStep$AjcClosure25.run(CommonStep.java:1)\n\tat org.aspectj.runtime.reflect.JoinPointImpl.proceed(JoinPointImpl.java:167)\n\tat com.qmetry.qaf.automation.step.JavaStepReporter.javaTestStep(JavaStepReporter.java:93)\n\tat com.qmetry.qaf.automation.step.CommonStep.get(CommonStep.java:295)\n\tat com.quantum.steps.PerfectoApplicationSteps.navigateToURL(PerfectoApplicationSteps.java:576)\n\tat java.base/jdk.internal.reflect.NativeMethodAccessorImpl.invoke0(Native Method)\n\tat java.base/jdk.internal.reflect.NativeMethodAccessorImpl.invoke(NativeMethodAccessorImpl.java:62)\n\tat java.base/jdk.internal.reflect.DelegatingMethodAccessorImpl.invoke(DelegatingMethodAccessorImpl.java:43)\n\tat java.base/java.lang.reflect.Method.invoke(Method.java:566)\n\tat com.qmetry.qaf.automation.step.JavaStep.doExecute(JavaStep.java:150)\n\tat com.qmetry.qaf.automation.step.BaseTestStep.execute(BaseTestStep.java:149)\n\tat com.qmetry.qaf.automation.step.StringTestStep.execute(StringTestStep.java:127)\n\tat com.qmetry.qaf.automation.step.client.Scenario.execute(Scenario.java:174)\n\tat com.qmetry.qaf.automation.step.client.Scenario.scenario(Scenario.java:237)\n\tat java.base/jdk.internal.reflect.NativeMethodAccessorImpl.invoke0(Native Method)\n\tat java.base/jdk.internal.reflect.NativeMethodAccessorImpl.invoke(NativeMethodAccessorImpl.java:62)\n\tat java.base/jdk.internal.reflect.DelegatingMethodAccessorImpl.invoke(DelegatingMethodAccessorImpl.java:43)\n\tat java.base/java.lang.reflect.Method.invoke(Method.java:566)\n\tat org.testng.internal.MethodInvocationHelper.invokeMethod(MethodInvocationHelper.java:104)\n\tat org.testng.internal.Invoker.invokeMethod(Invoker.java:645)\n\tat org.testng.internal.Invoker.invokeTestMethod(Invoker.java:851)\n\tat org.testng.internal.Invoker.invokeTestMethods(Invoker.java:1177)\n\tat org.testng.internal.TestMethodWorker.invokeTestMethods(TestMethodWorker.java:129)\n\tat org.testng.internal.TestMethodWorker.run(TestMethodWorker.java:112)\n\tat org.testng.TestRunner.privateRun(TestRunner.java:778)\n\tat org.testng.TestRunner.run(TestRunner.java:632)\n\tat org.testng.SuiteRunner.runTest(SuiteRunner.java:387)\n\tat org.testng.SuiteRunner.access$000(SuiteRunner.java:39)\n\tat org.testng.SuiteRunner$SuiteWorker.run(SuiteRunner.java:421)\n\tat org.testng.internal.thread.ThreadUtil$2.call(ThreadUtil.java:64)\n\t... 4 more\nCaused by: java.lang.ClassNotFoundException: com.thoughtworks.selenium.CommandProcessor\n\tat java.base/jdk.internal.loader.BuiltinClassLoader.loadClass(BuiltinClassLoader.java:581)\n\tat java.base/jdk.internal.loader.ClassLoaders$AppClassLoader.loadClass(ClassLoaders.java:178)\n\tat java.base/java.lang.ClassLoader.loadClass(ClassLoader.java:522)\n\tat com.qmetry.qaf.automation.ui.UiDriverFactory.get(UiDriverFactory.java:96)\n\tat com.qmetry.qaf.automation.core.QAFTestBase$DriverInitExpectedCondition.apply(QAFTestBase.java:568)\n\t... 40 more\n"
}